[32m[2024-08-06 17:15:16] INFO 

[0m[31m[2024-08-06 17:15:16] ERROR 17:15:12 CST [GreetingsModule] Greetings

[0m[32m[2024-08-06 17:15:16] INFO 

[0m[32m[2024-08-06 17:15:16] INFO  _   __      _          _   __           

[0m[32m[2024-08-06 17:15:16] INFO | | / /     | |        | | / /           

[0m[32m[2024-08-06 17:15:16] INFO | |/ / _   _| |__   ___| |/ /  ___ _   _ 

[0m[32m[2024-08-06 17:15:16] INFO |    \| | | | '_ \ / _ \    \ / _ \ | | |

[0m[32m[2024-08-06 17:15:16] INFO | |\  \ |_| | |_) |  __/ |\  \  __/ |_| |

[0m[32m[2024-08-06 17:15:16] INFO \_| \_/\__,_|_.__/ \___\_| \_/\___|\__, |

[0m[32m[2024-08-06 17:15:16] INFO                                     __/ |

[0m[32m[2024-08-06 17:15:16] INFO                                    |___/

[0m[32m[2024-08-06 17:15:16] INFO 

[0m[31m[2024-08-06 17:15:16] ERROR 17:15:13 CST message: [registry]

[0m[31m[2024-08-06 17:15:16] ERROR Greetings, KubeKey!

[0m[31m[2024-08-06 17:15:16] ERROR 17:15:13 CST message: [node1]

[0m[31m[2024-08-06 17:15:16] ERROR Greetings, KubeKey!

[0m[31m[2024-08-06 17:15:16] ERROR 17:15:13 CST success: [registry]

[0m[31m[2024-08-06 17:15:16] ERROR 17:15:13 CST success: [node1]

[0m[31m[2024-08-06 17:15:16] ERROR 17:15:13 CST [NodePreCheckModule] A pre-check on nodes

[0m[31m[2024-08-06 17:15:20] ERROR 17:15:16 CST success: [node1]

[0m[31m[2024-08-06 17:15:20] ERROR 17:15:16 CST success: [registry]

[0m[32m[2024-08-06 17:15:20] INFO +----------+------+------+---------+----------+-------+-------+---------+-----------+--------+---------+------------+------------+-------------+------------------+--------------+

[0m[31m[2024-08-06 17:15:20] ERROR 17:15:16 CST [ConfirmModule] Display confirmation form

[0m[32m[2024-08-06 17:15:20] INFO | name     | sudo | curl | openssl | ebtables | socat | ipset | ipvsadm | conntrack | chrony | docker  | containerd | nfs client | ceph client | glusterfs client | time         |

[0m[32m[2024-08-06 17:15:20] INFO +----------+------+------+---------+----------+-------+-------+---------+-----------+--------+---------+------------+------------+-------------+------------------+--------------+

[0m[31m[2024-08-06 17:15:20] ERROR 17:15:16 CST success: [LocalHost]

[0m[32m[2024-08-06 17:15:20] INFO | node1    | y    | y    | y       | y        | y     | y     | y       | y         | y      |         | v1.6.4     | y          |             |                  | CST 17:15:16 |

[0m[31m[2024-08-06 17:15:20] ERROR 17:15:16 CST [UnArchiveArtifactModule] Check the KubeKey artifact md5 value

[0m[32m[2024-08-06 17:15:20] INFO | registry | y    | y    | y       | y        | y     | y     | y       | y         | y      | 20.10.8 | v1.4.9     | y          |             |                  | CST 17:15:16 |

[0m[32m[2024-08-06 17:15:20] INFO +----------+------+------+---------+----------+-------+-------+---------+-----------+--------+---------+------------+------------+-------------+------------------+--------------+

[0m[32m[2024-08-06 17:15:20] INFO 

[0m[32m[2024-08-06 17:15:20] INFO This is a simple check of your environment.

[0m[32m[2024-08-06 17:15:20] INFO Before installation, ensure that your machines meet all requirements specified at

[0m[32m[2024-08-06 17:15:20] INFO https://github.com/kubesphere/kubekey#requirements-and-recommendations

[0m[32m[2024-08-06 17:15:20] INFO 

[0m[31m[2024-08-06 17:15:47] ERROR 17:15:43 CST success: [LocalHost]

[0m[31m[2024-08-06 17:15:47] ERROR 17:15:43 CST [UnArchiveArtifactModule] UnArchive the KubeKey artifact

[0m[31m[2024-08-06 17:15:47] ERROR 17:15:43 CST skipped: [LocalHost]

[0m[31m[2024-08-06 17:15:47] ERROR 17:15:43 CST [UnArchiveArtifactModule] Create the KubeKey artifact Md5 file

[0m[31m[2024-08-06 17:15:47] ERROR 17:15:43 CST skipped: [LocalHost]

[0m[31m[2024-08-06 17:15:47] ERROR 17:15:43 CST [RepositoryModule] Get OS release

[0m[31m[2024-08-06 17:15:47] ERROR 17:15:43 CST success: [node1]

[0m[31m[2024-08-06 17:15:47] ERROR 17:15:43 CST success: [registry]

[0m[31m[2024-08-06 17:15:47] ERROR 17:15:43 CST [RepositoryModule] Sync repository iso file to all nodes

[0m[31m[2024-08-06 17:16:18] ERROR 17:16:15 CST success: [registry]

[0m[31m[2024-08-06 17:16:18] ERROR 17:16:15 CST success: [node1]

[0m[31m[2024-08-06 17:16:18] ERROR 17:16:15 CST [RepositoryModule] Mount iso file

[0m[31m[2024-08-06 17:16:19] ERROR 17:16:15 CST success: [node1]

[0m[31m[2024-08-06 17:16:19] ERROR 17:16:15 CST success: [registry]

[0m[31m[2024-08-06 17:16:19] ERROR 17:16:15 CST [RepositoryModule] New repository client

[0m[31m[2024-08-06 17:16:19] ERROR 17:16:16 CST success: [node1]

[0m[31m[2024-08-06 17:16:19] ERROR 17:16:16 CST success: [registry]

[0m[31m[2024-08-06 17:16:19] ERROR 17:16:16 CST [RepositoryModule] Backup original repository

[0m[31m[2024-08-06 17:16:20] ERROR 17:16:16 CST success: [registry]

[0m[31m[2024-08-06 17:16:20] ERROR 17:16:16 CST success: [node1]

[0m[31m[2024-08-06 17:16:20] ERROR 17:16:16 CST [RepositoryModule] Add local repository

[0m[31m[2024-08-06 17:16:21] ERROR 17:16:17 CST stdout: [node1]

[0m[31m[2024-08-06 17:16:21] ERROR 5 files removed

[0m[31m[2024-08-06 17:16:21] ERROR CentOS7.6-local   ---  B/s |   0  B     --:-- ETACentOS7.6-local   107 MB/s | 362 kB     00:00    

[0m[31m[2024-08-06 17:16:21] ERROR Metadata cache created.

[0m[31m[2024-08-06 17:16:21] ERROR 17:16:17 CST stdout: [registry]

[0m[31m[2024-08-06 17:16:21] ERROR 5 files removed

[0m[31m[2024-08-06 17:16:21] ERROR CentOS7.6-local   ---  B/s |   0  B     --:-- ETACentOS7.6-local   101 MB/s | 362 kB     00:00    

[0m[31m[2024-08-06 17:16:21] ERROR Metadata cache created.

[0m[31m[2024-08-06 17:16:21] ERROR 17:16:17 CST success: [node1]

[0m[31m[2024-08-06 17:16:21] ERROR 17:16:17 CST success: [registry]

[0m[31m[2024-08-06 17:16:21] ERROR 17:16:17 CST [RepositoryModule] Install packages

[0m[31m[2024-08-06 17:16:22] ERROR 17:16:18 CST stdout: [node1]

[0m[31m[2024-08-06 17:16:22] ERROR Last metadata expiration check: 0:00:01 ago on Tue 06 Aug 2024 05:16:17 PM CST.

[0m[31m[2024-08-06 17:16:22] ERROR Package openssl-1:1.1.1k-9.uel20.21.x86_64 is already installed.

[0m[31m[2024-08-06 17:16:22] ERROR Package socat-1.7.3.2-8.up1.uel20.x86_64 is already installed.

[0m[31m[2024-08-06 17:16:22] ERROR Package conntrack-tools-1.4.6-3.uel20.x86_64 is already installed.

[0m[31m[2024-08-06 17:16:22] ERROR Package ipset-7.6-0.uel20.02.x86_64 is already installed.

[0m[31m[2024-08-06 17:16:22] ERROR Package ebtables-2.0.11-8.uel20.01.x86_64 is already installed.

[0m[31m[2024-08-06 17:16:22] ERROR Package chrony-3.5-4.uel20.x86_64 is already installed.

[0m[31m[2024-08-06 17:16:22] ERROR Package ipvsadm-1.31-4.uel20.x86_64 is already installed.

[0m[31m[2024-08-06 17:16:22] ERROR Dependencies resolved.

[0m[31m[2024-08-06 17:16:22] ERROR Nothing to do.

[0m[31m[2024-08-06 17:16:22] ERROR Complete!

[0m[31m[2024-08-06 17:16:22] ERROR 17:16:18 CST stdout: [registry]

[0m[31m[2024-08-06 17:16:22] ERROR Last metadata expiration check: 0:00:01 ago on Tue 06 Aug 2024 05:16:17 PM CST.

[0m[31m[2024-08-06 17:16:22] ERROR Package openssl-1:1.1.1k-9.uel20.21.x86_64 is already installed.

[0m[31m[2024-08-06 17:16:22] ERROR Package socat-1.7.3.2-8.up1.uel20.x86_64 is already installed.

[0m[31m[2024-08-06 17:16:22] ERROR Package conntrack-tools-1.4.6-3.uel20.x86_64 is already installed.

[0m[31m[2024-08-06 17:16:22] ERROR Package ipset-7.6-0.uel20.02.x86_64 is already installed.

[0m[31m[2024-08-06 17:16:22] ERROR Package ebtables-2.0.11-8.uel20.01.x86_64 is already installed.

[0m[31m[2024-08-06 17:16:22] ERROR Package chrony-3.5-4.uel20.x86_64 is already installed.

[0m[31m[2024-08-06 17:16:22] ERROR Package ipvsadm-1.31-4.uel20.x86_64 is already installed.

[0m[31m[2024-08-06 17:16:22] ERROR Dependencies resolved.

[0m[31m[2024-08-06 17:16:22] ERROR Nothing to do.

[0m[31m[2024-08-06 17:16:22] ERROR Complete!

[0m[31m[2024-08-06 17:16:22] ERROR 17:16:18 CST success: [node1]

[0m[31m[2024-08-06 17:16:22] ERROR 17:16:18 CST success: [registry]

[0m[31m[2024-08-06 17:16:22] ERROR 17:16:18 CST [RepositoryModule] Reset repository to the original repository

[0m[31m[2024-08-06 17:16:22] ERROR 17:16:19 CST success: [node1]

[0m[31m[2024-08-06 17:16:22] ERROR 17:16:19 CST success: [registry]

[0m[31m[2024-08-06 17:16:22] ERROR 17:16:19 CST [RepositoryModule] Umount ISO file

[0m[31m[2024-08-06 17:16:22] ERROR 17:16:19 CST success: [node1]

[0m[31m[2024-08-06 17:16:22] ERROR 17:16:19 CST success: [registry]

[0m[31m[2024-08-06 17:16:22] ERROR 17:16:19 CST [NodeBinariesModule] Download installation binaries

[0m[31m[2024-08-06 17:16:22] ERROR 17:16:19 CST message: [localhost]

[0m[31m[2024-08-06 17:16:22] ERROR downloading amd64 kubeadm v1.24.9 ...

[0m[31m[2024-08-06 17:16:23] ERROR 17:16:19 CST message: [localhost]

[0m[31m[2024-08-06 17:16:23] ERROR kubeadm is existed

[0m[31m[2024-08-06 17:16:23] ERROR 17:16:19 CST message: [localhost]

[0m[31m[2024-08-06 17:16:23] ERROR downloading amd64 kubelet v1.24.9 ...

[0m[31m[2024-08-06 17:16:23] ERROR 17:16:20 CST message: [localhost]

[0m[31m[2024-08-06 17:16:23] ERROR kubelet is existed

[0m[31m[2024-08-06 17:16:23] ERROR 17:16:20 CST message: [localhost]

[0m[31m[2024-08-06 17:16:23] ERROR downloading amd64 kubectl v1.24.9 ...

[0m[31m[2024-08-06 17:16:23] ERROR 17:16:20 CST message: [localhost]

[0m[31m[2024-08-06 17:16:23] ERROR kubectl is existed

[0m[31m[2024-08-06 17:16:23] ERROR 17:16:20 CST message: [localhost]

[0m[31m[2024-08-06 17:16:23] ERROR downloading amd64 helm v3.9.0 ...

[0m[31m[2024-08-06 17:16:24] ERROR 17:16:20 CST message: [localhost]

[0m[31m[2024-08-06 17:16:24] ERROR helm is existed

[0m[31m[2024-08-06 17:16:24] ERROR 17:16:20 CST message: [localhost]

[0m[31m[2024-08-06 17:16:24] ERROR downloading amd64 kubecni v0.9.1 ...

[0m[31m[2024-08-06 17:16:24] ERROR 17:16:20 CST message: [localhost]

[0m[31m[2024-08-06 17:16:24] ERROR kubecni is existed

[0m[31m[2024-08-06 17:16:24] ERROR 17:16:20 CST message: [localhost]

[0m[31m[2024-08-06 17:16:24] ERROR downloading amd64 crictl v1.24.0 ...

[0m[31m[2024-08-06 17:16:24] ERROR 17:16:20 CST message: [localhost]

[0m[31m[2024-08-06 17:16:24] ERROR crictl is existed

[0m[31m[2024-08-06 17:16:24] ERROR 17:16:20 CST message: [localhost]

[0m[31m[2024-08-06 17:16:24] ERROR downloading amd64 etcd v3.4.13 ...

[0m[31m[2024-08-06 17:16:24] ERROR 17:16:20 CST message: [localhost]

[0m[31m[2024-08-06 17:16:24] ERROR etcd is existed

[0m[31m[2024-08-06 17:16:24] ERROR 17:16:20 CST message: [localhost]

[0m[31m[2024-08-06 17:16:24] ERROR downloading amd64 containerd 1.6.4 ...

[0m[31m[2024-08-06 17:16:24] ERROR 17:16:20 CST message: [localhost]

[0m[31m[2024-08-06 17:16:24] ERROR containerd is existed

[0m[31m[2024-08-06 17:16:24] ERROR 17:16:20 CST message: [localhost]

[0m[31m[2024-08-06 17:16:24] ERROR downloading amd64 runc v1.1.1 ...

[0m[31m[2024-08-06 17:16:24] ERROR 17:16:21 CST message: [localhost]

[0m[31m[2024-08-06 17:16:24] ERROR runc is existed

[0m[31m[2024-08-06 17:16:24] ERROR 17:16:21 CST success: [LocalHost]

[0m[31m[2024-08-06 17:16:24] ERROR 17:16:21 CST [ConfigureOSModule] Get OS release

[0m[31m[2024-08-06 17:16:24] ERROR 17:16:21 CST success: [node1]

[0m[31m[2024-08-06 17:16:24] ERROR 17:16:21 CST success: [registry]

[0m[31m[2024-08-06 17:16:24] ERROR 17:16:21 CST [ConfigureOSModule] Prepare to init OS

[0m[31m[2024-08-06 17:16:29] ERROR 17:16:25 CST success: [registry]

[0m[31m[2024-08-06 17:16:29] ERROR 17:16:25 CST success: [node1]

[0m[31m[2024-08-06 17:16:29] ERROR 17:16:25 CST [ConfigureOSModule] Generate init os script

[0m[31m[2024-08-06 17:16:29] ERROR 17:16:25 CST message: [registry]

[0m[31m[2024-08-06 17:16:29] ERROR write file /home/wangzhendong/cluster1/kubekey/registry/initOS.sh failed: open /home/wangzhendong/cluster1/kubekey/registry/initOS.sh: permission denied

[0m[31m[2024-08-06 17:16:29] ERROR 17:16:25 CST retry: [registry]

[0m[31m[2024-08-06 17:16:34] ERROR 17:16:30 CST message: [registry]

[0m[31m[2024-08-06 17:16:34] ERROR write file /home/wangzhendong/cluster1/kubekey/registry/initOS.sh failed: open /home/wangzhendong/cluster1/kubekey/registry/initOS.sh: permission denied

[0m[31m[2024-08-06 17:16:34] ERROR 17:16:30 CST retry: [registry]

[0m[31m[2024-08-06 17:16:39] ERROR 17:16:35 CST message: [registry]

[0m[31m[2024-08-06 17:16:39] ERROR write file /home/wangzhendong/cluster1/kubekey/registry/initOS.sh failed: open /home/wangzhendong/cluster1/kubekey/registry/initOS.sh: permission denied

[0m[32m[2024-08-06 17:16:39] INFO Pipeline Done

[0m[31m[2024-08-06 17:16:39] ERROR 17:16:35 CST success: [node1]

[0m[32m[2024-08-06 17:16:39] INFO 
[0m[31m[2024-08-06 17:16:39] ERROR 17:16:35 CST failed: [registry]

[0m[31m[2024-08-06 17:16:39] ERROR error: Pipeline[CreateClusterPipeline] execute failed: Module[ConfigureOSModule] exec failed: 

[0m[31m[2024-08-06 17:16:39] ERROR failed: [registry] [GenerateScript] exec failed after 3 retires: write file /home/wangzhendong/cluster1/kubekey/registry/initOS.sh failed: open /home/wangzhendong/cluster1/kubekey/registry/initOS.sh: permission denied

[0m