[32m[2024-08-06 17:17:46] INFO 

[0m[32m[2024-08-06 17:17:46] INFO 

[0m[32m[2024-08-06 17:17:46] INFO  _   __      _          _   __           

[0m[32m[2024-08-06 17:17:46] INFO | | / /     | |        | | / /           

[0m[32m[2024-08-06 17:17:46] INFO | |/ / _   _| |__   ___| |/ /  ___ _   _ 

[0m[32m[2024-08-06 17:17:46] INFO |    \| | | | '_ \ / _ \    \ / _ \ | | |

[0m[32m[2024-08-06 17:17:46] INFO | |\  \ |_| | |_) |  __/ |\  \  __/ |_| |

[0m[32m[2024-08-06 17:17:46] INFO \_| \_/\__,_|_.__/ \___\_| \_/\___|\__, |

[0m[32m[2024-08-06 17:17:46] INFO                                     __/ |

[0m[32m[2024-08-06 17:17:46] INFO                                    |___/

[0m[32m[2024-08-06 17:17:46] INFO 

[0m[32m[2024-08-06 17:17:46] INFO 17:17:42 CST [GreetingsModule] Greetings

[0m[32m[2024-08-06 17:17:46] INFO yes

[0m[32m[2024-08-06 17:17:46] INFO 

[0m[32m[2024-08-06 17:17:46] INFO yes

[0m[32m[2024-08-06 17:17:46] INFO 

[0m[32m[2024-08-06 17:17:46] INFO yes

[0m[32m[2024-08-06 17:17:46] INFO 

[0m[32m[2024-08-06 17:17:46] INFO yes

[0m[32m[2024-08-06 17:17:46] INFO 

[0m[32m[2024-08-06 17:17:46] INFO yes

[0m[32m[2024-08-06 17:17:46] INFO 

[0m[32m[2024-08-06 17:17:46] INFO yes

[0m[32m[2024-08-06 17:17:46] INFO 

[0m[32m[2024-08-06 17:17:46] INFO yes

[0m[32m[2024-08-06 17:17:46] INFO 

[0m[32m[2024-08-06 17:17:46] INFO yes

[0m[32m[2024-08-06 17:17:46] INFO 

[0m[32m[2024-08-06 17:17:46] INFO yes

[0m[32m[2024-08-06 17:17:46] INFO 

[0m[32m[2024-08-06 17:17:46] INFO yes

[0m[32m[2024-08-06 17:17:46] INFO 

[0m[32m[2024-08-06 17:17:46] INFO yes

[0m[32m[2024-08-06 17:17:46] INFO 

[0m[32m[2024-08-06 17:17:46] INFO yes

[0m[32m[2024-08-06 17:17:46] INFO 

[0m[32m[2024-08-06 17:17:46] INFO yes

[0m[32m[2024-08-06 17:17:46] INFO 

[0m[32m[2024-08-06 17:17:46] INFO yes

[0m[32m[2024-08-06 17:17:46] INFO 

[0m[32m[2024-08-06 17:17:46] INFO yes

[0m[32m[2024-08-06 17:17:46] INFO 

[0m[32m[2024-08-06 17:17:46] INFO yes

[0m[32m[2024-08-06 17:17:46] INFO 

[0m[32m[2024-08-06 17:17:46] INFO yes

[0m[32m[2024-08-06 17:17:46] INFO 

[0m[32m[2024-08-06 17:17:46] INFO yes

[0m[32m[2024-08-06 17:17:46] INFO 

[0m[32m[2024-08-06 17:17:46] INFO yes

[0m[32m[2024-08-06 17:17:46] INFO 

[0m[32m[2024-08-06 17:17:46] INFO yes

[0m[32m[2024-08-06 17:17:46] INFO 

[0m[32m[2024-08-06 17:17:46] INFO yes

[0m[32m[2024-08-06 17:17:46] INFO 

[0m[32m[2024-08-06 17:17:46] INFO yes

[0m[32m[2024-08-06 17:17:46] INFO 

[0m[32m[2024-08-06 17:17:46] INFO yes

[0m[32m[2024-08-06 17:17:46] INFO 

[0m[32m[2024-08-06 17:17:46] INFO yes

[0m[32m[2024-08-06 17:17:46] INFO 

[0m[32m[2024-08-06 17:17:46] INFO yes

[0m[32m[2024-08-06 17:17:46] INFO 

[0m[32m[2024-08-06 17:17:46] INFO yes

[0m[32m[2024-08-06 17:17:46] INFO 

[0m[32m[2024-08-06 17:17:46] INFO yes

[0m[32m[2024-08-06 17:17:46] INFO 

[0m[32m[2024-08-06 17:17:46] INFO yes

[0m[32m[2024-08-06 17:17:46] INFO 

[0m[32m[2024-08-06 17:17:46] INFO yes

[0m[32m[2024-08-06 17:17:46] INFO 

[0m[32m[2024-08-06 17:17:46] INFO yes

[0m[32m[2024-08-06 17:17:46] INFO 

[0m[32m[2024-08-06 17:17:46] INFO yes

[0m[32m[2024-08-06 17:17:46] INFO 

[0m[32m[2024-08-06 17:17:46] INFO yes

[0m[32m[2024-08-06 17:17:46] INFO 

[0m[32m[2024-08-06 17:17:46] INFO yes

[0m[32m[2024-08-06 17:17:46] INFO 

[0m[32m[2024-08-06 17:17:46] INFO yes

[0m[32m[2024-08-06 17:17:46] INFO 

[0m[32m[2024-08-06 17:17:46] INFO yes

[0m[32m[2024-08-06 17:17:46] INFO 

[0m[32m[2024-08-06 17:17:46] INFO yes

[0m[32m[2024-08-06 17:17:46] INFO 

[0m[32m[2024-08-06 17:17:46] INFO yes

[0m[32m[2024-08-06 17:17:46] INFO 

[0m[32m[2024-08-06 17:17:46] INFO yes

[0m[32m[2024-08-06 17:17:46] INFO 

[0m[32m[2024-08-06 17:17:46] INFO yes

[0m[32m[2024-08-06 17:17:46] INFO 

[0m[32m[2024-08-06 17:17:46] INFO yes

[0m[32m[2024-08-06 17:17:46] INFO 

[0m[32m[2024-08-06 17:17:46] INFO yes

[0m[32m[2024-08-06 17:17:46] INFO 

[0m[32m[2024-08-06 17:17:46] INFO yes

[0m[32m[2024-08-06 17:17:46] INFO 

[0m[32m[2024-08-06 17:17:46] INFO yes

[0m[32m[2024-08-06 17:17:46] INFO 

[0m[32m[2024-08-06 17:17:46] INFO yes

[0m[32m[2024-08-06 17:17:46] INFO 

[0m[32m[2024-08-06 17:17:46] INFO yes

[0m[32m[2024-08-06 17:17:46] INFO 

[0m[32m[2024-08-06 17:17:46] INFO yes

[0m[32m[2024-08-06 17:17:46] INFO 

[0m[32m[2024-08-06 17:17:46] INFO yes

[0m[32m[2024-08-06 17:17:46] INFO 

[0m[32m[2024-08-06 17:17:46] INFO yes

[0m[32m[2024-08-06 17:17:46] INFO 

[0m[32m[2024-08-06 17:17:46] INFO yes

[0m[32m[2024-08-06 17:17:46] INFO 

[0m[32m[2024-08-06 17:17:46] INFO yes

[0m[32m[2024-08-06 17:17:46] INFO 

[0m[32m[2024-08-06 17:17:46] INFO yes

[0m[32m[2024-08-06 17:17:46] INFO 

[0m[32m[2024-08-06 17:17:46] INFO yes

[0m[32m[2024-08-06 17:17:46] INFO 

[0m[32m[2024-08-06 17:17:46] INFO yes

[0m[32m[2024-08-06 17:17:46] INFO 

[0m[32m[2024-08-06 17:17:46] INFO yes

[0m[32m[2024-08-06 17:17:46] INFO 

[0m[32m[2024-08-06 17:17:46] INFO yes

[0m[32m[2024-08-06 17:17:46] INFO 

[0m[32m[2024-08-06 17:17:46] INFO yes

[0m[32m[2024-08-06 17:17:46] INFO 

[0m[32m[2024-08-06 17:17:46] INFO yes

[0m[32m[2024-08-06 17:17:46] INFO 

[0m[32m[2024-08-06 17:17:46] INFO yes

[0m[32m[2024-08-06 17:17:46] INFO 

[0m[32m[2024-08-06 17:17:46] INFO yes

[0m[32m[2024-08-06 17:17:46] INFO 

[0m[32m[2024-08-06 17:17:46] INFO yes

[0m[32m[2024-08-06 17:17:46] INFO 

[0m[32m[2024-08-06 17:17:46] INFO yes

[0m[32m[2024-08-06 17:17:46] INFO 

[0m[32m[2024-08-06 17:17:46] INFO yes

[0m[32m[2024-08-06 17:17:46] INFO 

[0m[32m[2024-08-06 17:17:46] INFO yes

[0m[32m[2024-08-06 17:17:46] INFO 

[0m[32m[2024-08-06 17:17:46] INFO yes

[0m[32m[2024-08-06 17:17:46] INFO 

[0m[32m[2024-08-06 17:17:46] INFO yes

[0m[32m[2024-08-06 17:17:46] INFO 

[0m[32m[2024-08-06 17:17:46] INFO yes

[0m[32m[2024-08-06 17:17:46] INFO 

[0m[32m[2024-08-06 17:17:46] INFO yes

[0m[32m[2024-08-06 17:17:46] INFO 

[0m[32m[2024-08-06 17:17:46] INFO yes

[0m[32m[2024-08-06 17:17:46] INFO 

[0m[32m[2024-08-06 17:17:46] INFO yes

[0m[32m[2024-08-06 17:17:46] INFO 

[0m[32m[2024-08-06 17:17:46] INFO yes

[0m[32m[2024-08-06 17:17:46] INFO 

[0m[32m[2024-08-06 17:17:46] INFO yes

[0m[32m[2024-08-06 17:17:46] INFO 

[0m[32m[2024-08-06 17:17:46] INFO yes

[0m[32m[2024-08-06 17:17:46] INFO 

[0m[32m[2024-08-06 17:17:46] INFO yes

[0m[32m[2024-08-06 17:17:46] INFO 

[0m[32m[2024-08-06 17:17:46] INFO yes

[0m[32m[2024-08-06 17:17:46] INFO 

[0m[32m[2024-08-06 17:17:46] INFO yes

[0m[32m[2024-08-06 17:17:46] INFO 

[0m[32m[2024-08-06 17:17:46] INFO yes

[0m[32m[2024-08-06 17:17:46] INFO 

[0m[32m[2024-08-06 17:17:46] INFO yes

[0m[32m[2024-08-06 17:17:46] INFO 

[0m[32m[2024-08-06 17:17:46] INFO yes

[0m[32m[2024-08-06 17:17:46] INFO 

[0m[32m[2024-08-06 17:17:46] INFO yes

[0m[32m[2024-08-06 17:17:46] INFO 

[0m[32m[2024-08-06 17:17:46] INFO yes

[0m[32m[2024-08-06 17:17:46] INFO 

[0m[32m[2024-08-06 17:17:46] INFO yes

[0m[32m[2024-08-06 17:17:46] INFO 

[0m[32m[2024-08-06 17:17:46] INFO yes

[0m[32m[2024-08-06 17:17:46] INFO 

[0m[32m[2024-08-06 17:17:46] INFO yes

[0m[32m[2024-08-06 17:17:46] INFO 

[0m[32m[2024-08-06 17:17:46] INFO yes

[0m[32m[2024-08-06 17:17:46] INFO 

[0m[32m[2024-08-06 17:17:46] INFO yes

[0m[32m[2024-08-06 17:17:46] INFO 

[0m[32m[2024-08-06 17:17:46] INFO yes

[0m[32m[2024-08-06 17:17:46] INFO 

[0m[32m[2024-08-06 17:17:46] INFO yes

[0m[32m[2024-08-06 17:17:46] INFO 

[0m[32m[2024-08-06 17:17:46] INFO yes

[0m[32m[2024-08-06 17:17:46] INFO 

[0m[32m[2024-08-06 17:17:46] INFO yes

[0m[32m[2024-08-06 17:17:46] INFO 

[0m[32m[2024-08-06 17:17:46] INFO yes

[0m[32m[2024-08-06 17:17:46] INFO 

[0m[32m[2024-08-06 17:17:46] INFO yes

[0m[32m[2024-08-06 17:17:46] INFO 

[0m[32m[2024-08-06 17:17:46] INFO yes

[0m[32m[2024-08-06 17:17:46] INFO 

[0m[32m[2024-08-06 17:17:46] INFO yes

[0m[32m[2024-08-06 17:17:46] INFO 

[0m[32m[2024-08-06 17:17:46] INFO yes

[0m[32m[2024-08-06 17:17:46] INFO 

[0m[32m[2024-08-06 17:17:46] INFO yes

[0m[32m[2024-08-06 17:17:46] INFO 

[0m[32m[2024-08-06 17:17:46] INFO yes

[0m[32m[2024-08-06 17:17:46] INFO 

[0m[32m[2024-08-06 17:17:46] INFO yes

[0m[32m[2024-08-06 17:17:46] INFO 

[0m[32m[2024-08-06 17:17:46] INFO yes

[0m[32m[2024-08-06 17:17:46] INFO 

[0m[32m[2024-08-06 17:17:46] INFO yes

[0m[32m[2024-08-06 17:17:46] INFO 

[0m[32m[2024-08-06 17:17:46] INFO yes

[0m[32m[2024-08-06 17:17:46] INFO 

[0m[32m[2024-08-06 17:17:46] INFO yes

[0m[32m[2024-08-06 17:17:46] INFO 

[0m[32m[2024-08-06 17:17:46] INFO yes

[0m[32m[2024-08-06 17:17:46] INFO 

[0m[32m[2024-08-06 17:17:46] INFO yes

[0m[32m[2024-08-06 17:17:46] INFO 

[0m[32m[2024-08-06 17:17:46] INFO yes

[0m[32m[2024-08-06 17:17:46] INFO 

[0m[32m[2024-08-06 17:17:46] INFO yes

[0m[32m[2024-08-06 17:17:46] INFO 

[0m[32m[2024-08-06 17:17:46] INFO yes

[0m[32m[2024-08-06 17:17:46] INFO 

[0m[32m[2024-08-06 17:17:46] INFO yes

[0m[32m[2024-08-06 17:17:46] INFO 

[0m[32m[2024-08-06 17:17:46] INFO yes

[0m[32m[2024-08-06 17:17:46] INFO 

[0m[32m[2024-08-06 17:17:46] INFO yes

[0m[32m[2024-08-06 17:17:46] INFO 

[0m[32m[2024-08-06 17:17:46] INFO yes

[0m[32m[2024-08-06 17:17:46] INFO 

[0m[32m[2024-08-06 17:17:46] INFO yes

[0m[32m[2024-08-06 17:17:46] INFO 

[0m[32m[2024-08-06 17:17:46] INFO yes

[0m[32m[2024-08-06 17:17:46] INFO 

[0m[32m[2024-08-06 17:17:46] INFO yes

[0m[32m[2024-08-06 17:17:46] INFO 

[0m[32m[2024-08-06 17:17:46] INFO yes

[0m[32m[2024-08-06 17:17:46] INFO 

[0m[32m[2024-08-06 17:17:46] INFO yes

[0m[32m[2024-08-06 17:17:46] INFO 

[0m[32m[2024-08-06 17:17:46] INFO yes

[0m[32m[2024-08-06 17:17:46] INFO 

[0m[32m[2024-08-06 17:17:46] INFO yes

[0m[32m[2024-08-06 17:17:46] INFO 

[0m[32m[2024-08-06 17:17:46] INFO yes

[0m[32m[2024-08-06 17:17:46] INFO 

[0m[32m[2024-08-06 17:17:46] INFO yes

[0m[32m[2024-08-06 17:17:46] INFO 

[0m[32m[2024-08-06 17:17:46] INFO yes

[0m[32m[2024-08-06 17:17:46] INFO 

[0m[32m[2024-08-06 17:17:46] INFO yes

[0m[32m[2024-08-06 17:17:46] INFO 

[0m[32m[2024-08-06 17:17:46] INFO yes

[0m[32m[2024-08-06 17:17:46] INFO 

[0m[32m[2024-08-06 17:17:46] INFO yes

[0m[32m[2024-08-06 17:17:46] INFO 

[0m[32m[2024-08-06 17:17:46] INFO yes

[0m[32m[2024-08-06 17:17:46] INFO 

[0m[32m[2024-08-06 17:17:46] INFO yes

[0m[32m[2024-08-06 17:17:46] INFO 

[0m[32m[2024-08-06 17:17:46] INFO yes

[0m[32m[2024-08-06 17:17:46] INFO 

[0m[32m[2024-08-06 17:17:46] INFO yes

[0m[32m[2024-08-06 17:17:46] INFO 

[0m[32m[2024-08-06 17:17:46] INFO yes

[0m[32m[2024-08-06 17:17:46] INFO 

[0m[32m[2024-08-06 17:17:46] INFO yes

[0m[32m[2024-08-06 17:17:46] INFO 

[0m[32m[2024-08-06 17:17:46] INFO yes

[0m[32m[2024-08-06 17:17:46] INFO 

[0m[32m[2024-08-06 17:17:46] INFO yes

[0m[32m[2024-08-06 17:17:46] INFO 

[0m[32m[2024-08-06 17:17:46] INFO yes

[0m[32m[2024-08-06 17:17:46] INFO 

[0m[32m[2024-08-06 17:17:46] INFO yes

[0m[32m[2024-08-06 17:17:46] INFO 

[0m[32m[2024-08-06 17:17:46] INFO yes

[0m[32m[2024-08-06 17:17:46] INFO 

[0m[32m[2024-08-06 17:17:46] INFO yes

[0m[32m[2024-08-06 17:17:46] INFO 

[0m[32m[2024-08-06 17:17:46] INFO yes

[0m[32m[2024-08-06 17:17:46] INFO 

[0m[32m[2024-08-06 17:17:46] INFO yes

[0m[32m[2024-08-06 17:17:46] INFO 

[0m[32m[2024-08-06 17:17:46] INFO yes

[0m[32m[2024-08-06 17:17:46] INFO 

[0m[32m[2024-08-06 17:17:46] INFO yes

[0m[32m[2024-08-06 17:17:46] INFO 

[0m[32m[2024-08-06 17:17:46] INFO yes

[0m[32m[2024-08-06 17:17:46] INFO 

[0m[32m[2024-08-06 17:17:46] INFO yes

[0m[32m[2024-08-06 17:17:46] INFO 

[0m[32m[2024-08-06 17:17:46] INFO yes

[0m[32m[2024-08-06 17:17:46] INFO 

[0m[32m[2024-08-06 17:17:46] INFO yes

[0m[32m[2024-08-06 17:17:46] INFO 

[0m[32m[2024-08-06 17:17:46] INFO yes

[0m[32m[2024-08-06 17:17:46] INFO 

[0m[32m[2024-08-06 17:17:46] INFO yes

[0m[32m[2024-08-06 17:17:46] INFO 

[0m[32m[2024-08-06 17:17:46] INFO yes

[0m[32m[2024-08-06 17:17:46] INFO 

[0m[32m[2024-08-06 17:17:46] INFO yes

[0m[32m[2024-08-06 17:17:46] INFO 

[0m[32m[2024-08-06 17:17:46] INFO yes

[0m[32m[2024-08-06 17:17:46] INFO 

[0m[32m[2024-08-06 17:17:46] INFO yes

[0m[32m[2024-08-06 17:17:46] INFO 

[0m[32m[2024-08-06 17:17:46] INFO yes

[0m[32m[2024-08-06 17:17:46] INFO 

[0m[32m[2024-08-06 17:17:46] INFO yes

[0m[32m[2024-08-06 17:17:46] INFO 

[0m[32m[2024-08-06 17:17:46] INFO yes

[0m[32m[2024-08-06 17:17:46] INFO 

[0m[32m[2024-08-06 17:17:46] INFO yes

[0m[32m[2024-08-06 17:17:46] INFO 

[0m[32m[2024-08-06 17:17:46] INFO yes

[0m[32m[2024-08-06 17:17:46] INFO 

[0m[32m[2024-08-06 17:17:46] INFO yes

[0m[32m[2024-08-06 17:17:46] INFO 

[0m[32m[2024-08-06 17:17:46] INFO yes

[0m[32m[2024-08-06 17:17:46] INFO 

[0m[32m[2024-08-06 17:17:46] INFO yes

[0m[32m[2024-08-06 17:17:46] INFO 

[0m[32m[2024-08-06 17:17:46] INFO yes

[0m[32m[2024-08-06 17:17:46] INFO 

[0m[32m[2024-08-06 17:17:46] INFO yes

[0m[32m[2024-08-06 17:17:46] INFO 

[0m[32m[2024-08-06 17:17:46] INFO yes

[0m[32m[2024-08-06 17:17:46] INFO 

[0m[32m[2024-08-06 17:17:46] INFO yes

[0m[32m[2024-08-06 17:17:46] INFO 

[0m[32m[2024-08-06 17:17:46] INFO yes

[0m[32m[2024-08-06 17:17:46] INFO 

[0m[32m[2024-08-06 17:17:46] INFO yes

[0m[32m[2024-08-06 17:17:46] INFO 

[0m[32m[2024-08-06 17:17:46] INFO yes

[0m[32m[2024-08-06 17:17:46] INFO 

[0m[32m[2024-08-06 17:17:46] INFO yes

[0m[32m[2024-08-06 17:17:46] INFO 

[0m[32m[2024-08-06 17:17:46] INFO yes

[0m[32m[2024-08-06 17:17:46] INFO 

[0m[32m[2024-08-06 17:17:46] INFO yes

[0m[32m[2024-08-06 17:17:46] INFO 

[0m[32m[2024-08-06 17:17:46] INFO yes

[0m[32m[2024-08-06 17:17:46] INFO 

[0m[32m[2024-08-06 17:17:46] INFO yes

[0m[32m[2024-08-06 17:17:46] INFO 

[0m[32m[2024-08-06 17:17:46] INFO yes

[0m[32m[2024-08-06 17:17:46] INFO 

[0m[32m[2024-08-06 17:17:46] INFO yes

[0m[32m[2024-08-06 17:17:46] INFO 

[0m[32m[2024-08-06 17:17:46] INFO yes

[0m[32m[2024-08-06 17:17:46] INFO 

[0m[32m[2024-08-06 17:17:46] INFO yes

[0m[32m[2024-08-06 17:17:46] INFO 

[0m[32m[2024-08-06 17:17:46] INFO yes

[0m[32m[2024-08-06 17:17:46] INFO 

[0m[32m[2024-08-06 17:17:46] INFO yes

[0m[32m[2024-08-06 17:17:46] INFO 

[0m[32m[2024-08-06 17:17:46] INFO yes

[0m[32m[2024-08-06 17:17:46] INFO 

[0m[32m[2024-08-06 17:17:46] INFO yes

[0m[32m[2024-08-06 17:17:46] INFO 

[0m[32m[2024-08-06 17:17:46] INFO yes

[0m[32m[2024-08-06 17:17:46] INFO 

[0m[32m[2024-08-06 17:17:46] INFO yes

[0m[32m[2024-08-06 17:17:46] INFO 

[0m[32m[2024-08-06 17:17:46] INFO yes

[0m[32m[2024-08-06 17:17:46] INFO 

[0m[32m[2024-08-06 17:17:46] INFO yes

[0m[32m[2024-08-06 17:17:46] INFO 

[0m[32m[2024-08-06 17:17:46] INFO yes

[0m[32m[2024-08-06 17:17:46] INFO 

[0m[32m[2024-08-06 17:17:46] INFO yes

[0m[32m[2024-08-06 17:17:46] INFO 

[0m[32m[2024-08-06 17:17:46] INFO yes

[0m[32m[2024-08-06 17:17:46] INFO 

[0m[32m[2024-08-06 17:17:46] INFO yes

[0m[32m[2024-08-06 17:17:46] INFO 

[0m[32m[2024-08-06 17:17:46] INFO yes

[0m[32m[2024-08-06 17:17:46] INFO 

[0m[32m[2024-08-06 17:17:46] INFO yes

[0m[32m[2024-08-06 17:17:46] INFO 

[0m[32m[2024-08-06 17:17:46] INFO yes

[0m[32m[2024-08-06 17:17:46] INFO 

[0m[32m[2024-08-06 17:17:46] INFO yes

[0m[32m[2024-08-06 17:17:46] INFO 

[0m[32m[2024-08-06 17:17:46] INFO yes

[0m[32m[2024-08-06 17:17:46] INFO 

[0m[32m[2024-08-06 17:17:46] INFO yes

[0m[32m[2024-08-06 17:17:46] INFO 

[0m[32m[2024-08-06 17:17:46] INFO yes

[0m[32m[2024-08-06 17:17:46] INFO 

[0m[32m[2024-08-06 17:17:46] INFO yes

[0m[32m[2024-08-06 17:17:46] INFO 

[0m[32m[2024-08-06 17:17:46] INFO yes

[0m[32m[2024-08-06 17:17:46] INFO 

[0m[32m[2024-08-06 17:17:46] INFO yes

[0m[32m[2024-08-06 17:17:46] INFO 

[0m[32m[2024-08-06 17:17:46] INFO yes

[0m[32m[2024-08-06 17:17:46] INFO 

[0m[32m[2024-08-06 17:17:46] INFO yes

[0m[32m[2024-08-06 17:17:46] INFO 

[0m[32m[2024-08-06 17:17:46] INFO yes

[0m[32m[2024-08-06 17:17:46] INFO 

[0m[32m[2024-08-06 17:17:46] INFO yes

[0m[32m[2024-08-06 17:17:46] INFO 

[0m[32m[2024-08-06 17:17:46] INFO yes

[0m[32m[2024-08-06 17:17:46] INFO 

[0m[32m[2024-08-06 17:17:46] INFO yes

[0m[32m[2024-08-06 17:17:46] INFO 

[0m[32m[2024-08-06 17:17:46] INFO yes

[0m[32m[2024-08-06 17:17:46] INFO 

[0m[32m[2024-08-06 17:17:46] INFO yes

[0m[32m[2024-08-06 17:17:46] INFO 

[0m[32m[2024-08-06 17:17:46] INFO yes

[0m[32m[2024-08-06 17:17:46] INFO 

[0m[32m[2024-08-06 17:17:46] INFO yes

[0m[32m[2024-08-06 17:17:46] INFO 

[0m[32m[2024-08-06 17:17:46] INFO yes

[0m[32m[2024-08-06 17:17:46] INFO 

[0m[32m[2024-08-06 17:17:46] INFO yes

[0m[32m[2024-08-06 17:17:46] INFO 

[0m[32m[2024-08-06 17:17:46] INFO yes

[0m[32m[2024-08-06 17:17:46] INFO 

[0m[32m[2024-08-06 17:17:46] INFO yes

[0m[32m[2024-08-06 17:17:46] INFO 

[0m[32m[2024-08-06 17:17:46] INFO yes

[0m[32m[2024-08-06 17:17:46] INFO 

[0m[32m[2024-08-06 17:17:46] INFO yes

[0m[32m[2024-08-06 17:17:46] INFO 

[0m[32m[2024-08-06 17:17:46] INFO yes

[0m[32m[2024-08-06 17:17:46] INFO 

[0m[32m[2024-08-06 17:17:46] INFO yes

[0m[32m[2024-08-06 17:17:46] INFO 

[0m[32m[2024-08-06 17:17:46] INFO yes

[0m[32m[2024-08-06 17:17:46] INFO 

[0m[32m[2024-08-06 17:17:46] INFO yes

[0m[32m[2024-08-06 17:17:46] INFO 

[0m[32m[2024-08-06 17:17:46] INFO yes

[0m[32m[2024-08-06 17:17:46] INFO 

[0m[32m[2024-08-06 17:17:46] INFO yes

[0m[32m[2024-08-06 17:17:46] INFO 

[0m[32m[2024-08-06 17:17:46] INFO yes

[0m[32m[2024-08-06 17:17:46] INFO 

[0m[32m[2024-08-06 17:17:46] INFO yes

[0m[32m[2024-08-06 17:17:46] INFO 

[0m[32m[2024-08-06 17:17:46] INFO yes

[0m[32m[2024-08-06 17:17:46] INFO 

[0m[32m[2024-08-06 17:17:46] INFO yes

[0m[32m[2024-08-06 17:17:46] INFO 

[0m[32m[2024-08-06 17:17:46] INFO yes

[0m[32m[2024-08-06 17:17:46] INFO 

[0m[32m[2024-08-06 17:17:46] INFO yes

[0m[32m[2024-08-06 17:17:46] INFO 

[0m[32m[2024-08-06 17:17:46] INFO yes

[0m[32m[2024-08-06 17:17:46] INFO 

[0m[32m[2024-08-06 17:17:46] INFO yes

[0m[32m[2024-08-06 17:17:46] INFO 

[0m[32m[2024-08-06 17:17:46] INFO yes

[0m[32m[2024-08-06 17:17:46] INFO 

[0m[32m[2024-08-06 17:17:46] INFO yes

[0m[32m[2024-08-06 17:17:46] INFO 

[0m[32m[2024-08-06 17:17:46] INFO yes

[0m[32m[2024-08-06 17:17:46] INFO 

[0m[32m[2024-08-06 17:17:46] INFO yes

[0m[32m[2024-08-06 17:17:46] INFO 

[0m[32m[2024-08-06 17:17:46] INFO yes

[0m[32m[2024-08-06 17:17:46] INFO 

[0m[32m[2024-08-06 17:17:46] INFO yes

[0m[32m[2024-08-06 17:17:46] INFO 

[0m[32m[2024-08-06 17:17:46] INFO yes

[0m[32m[2024-08-06 17:17:46] INFO 

[0m[32m[2024-08-06 17:17:46] INFO yes

[0m[32m[2024-08-06 17:17:46] INFO 

[0m[32m[2024-08-06 17:17:46] INFO yes

[0m[32m[2024-08-06 17:17:46] INFO 

[0m[32m[2024-08-06 17:17:46] INFO yes

[0m[32m[2024-08-06 17:17:46] INFO 

[0m[32m[2024-08-06 17:17:46] INFO yes

[0m[32m[2024-08-06 17:17:46] INFO 

[0m[32m[2024-08-06 17:17:46] INFO yes

[0m[32m[2024-08-06 17:17:46] INFO 

[0m[32m[2024-08-06 17:17:46] INFO yes

[0m[32m[2024-08-06 17:17:46] INFO 

[0m[32m[2024-08-06 17:17:46] INFO yes

[0m[32m[2024-08-06 17:17:46] INFO 

[0m[32m[2024-08-06 17:17:46] INFO yes

[0m[32m[2024-08-06 17:17:46] INFO 

[0m[32m[2024-08-06 17:17:46] INFO yes

[0m[32m[2024-08-06 17:17:46] INFO 

[0m[32m[2024-08-06 17:17:46] INFO yes

[0m[32m[2024-08-06 17:17:46] INFO 

[0m[32m[2024-08-06 17:17:46] INFO yes

[0m[32m[2024-08-06 17:17:46] INFO 

[0m[32m[2024-08-06 17:17:46] INFO yes

[0m[32m[2024-08-06 17:17:46] INFO 

[0m[32m[2024-08-06 17:17:46] INFO yes

[0m[32m[2024-08-06 17:17:46] INFO 

[0m[32m[2024-08-06 17:17:46] INFO yes

[0m[32m[2024-08-06 17:17:46] INFO 

[0m[32m[2024-08-06 17:17:46] INFO yes

[0m[32m[2024-08-06 17:17:46] INFO 

[0m[32m[2024-08-06 17:17:46] INFO yes

[0m[32m[2024-08-06 17:17:46] INFO 

[0m[32m[2024-08-06 17:17:46] INFO yes

[0m[32m[2024-08-06 17:17:46] INFO 

[0m[32m[2024-08-06 17:17:46] INFO yes

[0m[32m[2024-08-06 17:17:46] INFO 

[0m[32m[2024-08-06 17:17:46] INFO yes

[0m[32m[2024-08-06 17:17:46] INFO 

[0m[32m[2024-08-06 17:17:46] INFO yes

[0m[32m[2024-08-06 17:17:46] INFO 

[0m[32m[2024-08-06 17:17:46] INFO yes

[0m[32m[2024-08-06 17:17:46] INFO 

[0m[32m[2024-08-06 17:17:46] INFO yes

[0m[32m[2024-08-06 17:17:46] INFO 

[0m[32m[2024-08-06 17:17:46] INFO yes

[0m[32m[2024-08-06 17:17:46] INFO 

[0m[32m[2024-08-06 17:17:46] INFO yes

[0m[32m[2024-08-06 17:17:46] INFO 

[0m[32m[2024-08-06 17:17:46] INFO yes

[0m[32m[2024-08-06 17:17:46] INFO 

[0m[32m[2024-08-06 17:17:46] INFO yes

[0m[32m[2024-08-06 17:17:46] INFO 

[0m[32m[2024-08-06 17:17:46] INFO yes

[0m[32m[2024-08-06 17:17:46] INFO 

[0m[32m[2024-08-06 17:17:46] INFO yes

[0m[32m[2024-08-06 17:17:46] INFO 

[0m[32m[2024-08-06 17:17:46] INFO yes

[0m[32m[2024-08-06 17:17:46] INFO 

[0m[32m[2024-08-06 17:17:46] INFO yes

[0m[32m[2024-08-06 17:17:46] INFO 

[0m[32m[2024-08-06 17:17:46] INFO yes

[0m[32m[2024-08-06 17:17:46] INFO 

[0m[32m[2024-08-06 17:17:46] INFO yes

[0m[32m[2024-08-06 17:17:46] INFO 

[0m[32m[2024-08-06 17:17:46] INFO yes

[0m[32m[2024-08-06 17:17:46] INFO 

[0m[32m[2024-08-06 17:17:46] INFO yes

[0m[32m[2024-08-06 17:17:46] INFO 

[0m[32m[2024-08-06 17:17:46] INFO yes

[0m[32m[2024-08-06 17:17:46] INFO 

[0m[32m[2024-08-06 17:17:46] INFO yes

[0m[32m[2024-08-06 17:17:46] INFO 

[0m[32m[2024-08-06 17:17:46] INFO yes

[0m[32m[2024-08-06 17:17:46] INFO 

[0m[32m[2024-08-06 17:17:46] INFO yes

[0m[32m[2024-08-06 17:17:46] INFO 

[0m[32m[2024-08-06 17:17:46] INFO yes

[0m[32m[2024-08-06 17:17:46] INFO 

[0m[32m[2024-08-06 17:17:46] INFO yes

[0m[32m[2024-08-06 17:17:46] INFO 

[0m[32m[2024-08-06 17:17:46] INFO yes

[0m[32m[2024-08-06 17:17:46] INFO 

[0m[32m[2024-08-06 17:17:46] INFO yes

[0m[32m[2024-08-06 17:17:46] INFO 

[0m[32m[2024-08-06 17:17:46] INFO yes

[0m[32m[2024-08-06 17:17:46] INFO 

[0m[32m[2024-08-06 17:17:46] INFO yes

[0m[32m[2024-08-06 17:17:46] INFO 

[0m[32m[2024-08-06 17:17:46] INFO yes

[0m[32m[2024-08-06 17:17:46] INFO 

[0m[32m[2024-08-06 17:17:46] INFO yes

[0m[32m[2024-08-06 17:17:46] INFO 

[0m[32m[2024-08-06 17:17:46] INFO yes

[0m[32m[2024-08-06 17:17:46] INFO 

[0m[32m[2024-08-06 17:17:46] INFO yes

[0m[32m[2024-08-06 17:17:46] INFO 

[0m[32m[2024-08-06 17:17:46] INFO yes

[0m[32m[2024-08-06 17:17:46] INFO 

[0m[32m[2024-08-06 17:17:46] INFO yes

[0m[32m[2024-08-06 17:17:46] INFO 

[0m[32m[2024-08-06 17:17:46] INFO yes

[0m[32m[2024-08-06 17:17:46] INFO 

[0m[32m[2024-08-06 17:17:46] INFO yes

[0m[32m[2024-08-06 17:17:46] INFO 

[0m[32m[2024-08-06 17:17:46] INFO yes

[0m[32m[2024-08-06 17:17:46] INFO 

[0m[32m[2024-08-06 17:17:46] INFO yes

[0m[32m[2024-08-06 17:17:46] INFO 

[0m[32m[2024-08-06 17:17:46] INFO yes

[0m[32m[2024-08-06 17:17:46] INFO 

[0m[32m[2024-08-06 17:17:46] INFO yes

[0m[32m[2024-08-06 17:17:46] INFO 

[0m[32m[2024-08-06 17:17:46] INFO yes

[0m[32m[2024-08-06 17:17:46] INFO 

[0m[32m[2024-08-06 17:17:46] INFO yes

[0m[32m[2024-08-06 17:17:46] INFO 

[0m[32m[2024-08-06 17:17:46] INFO yes

[0m[32m[2024-08-06 17:17:46] INFO 

[0m[32m[2024-08-06 17:17:46] INFO yes

[0m[32m[2024-08-06 17:17:46] INFO 

[0m[32m[2024-08-06 17:17:46] INFO yes

[0m[32m[2024-08-06 17:17:46] INFO 

[0m[32m[2024-08-06 17:17:46] INFO yes

[0m[32m[2024-08-06 17:17:46] INFO 

[0m[32m[2024-08-06 17:17:46] INFO yes

[0m[32m[2024-08-06 17:17:46] INFO 

[0m[32m[2024-08-06 17:17:46] INFO yes

[0m[32m[2024-08-06 17:17:46] INFO 

[0m[32m[2024-08-06 17:17:46] INFO yes

[0m[32m[2024-08-06 17:17:46] INFO 

[0m[32m[2024-08-06 17:17:46] INFO yes

[0m[32m[2024-08-06 17:17:46] INFO 

[0m[32m[2024-08-06 17:17:46] INFO yes

[0m[32m[2024-08-06 17:17:46] INFO 

[0m[32m[2024-08-06 17:17:46] INFO yes

[0m[32m[2024-08-06 17:17:46] INFO 

[0m[32m[2024-08-06 17:17:46] INFO yes

[0m[32m[2024-08-06 17:17:46] INFO 

[0m[32m[2024-08-06 17:17:46] INFO yes

[0m[32m[2024-08-06 17:17:46] INFO 

[0m[32m[2024-08-06 17:17:46] INFO yes

[0m[32m[2024-08-06 17:17:46] INFO 

[0m[32m[2024-08-06 17:17:46] INFO yes

[0m[32m[2024-08-06 17:17:46] INFO 

[0m[32m[2024-08-06 17:17:46] INFO yes

[0m[32m[2024-08-06 17:17:46] INFO 

[0m[32m[2024-08-06 17:17:46] INFO yes

[0m[32m[2024-08-06 17:17:46] INFO 

[0m[32m[2024-08-06 17:17:46] INFO yes

[0m[32m[2024-08-06 17:17:46] INFO 

[0m[32m[2024-08-06 17:17:46] INFO yes

[0m[32m[2024-08-06 17:17:46] INFO 

[0m[32m[2024-08-06 17:17:46] INFO yes

[0m[32m[2024-08-06 17:17:46] INFO 

[0m[32m[2024-08-06 17:17:46] INFO yes

[0m[32m[2024-08-06 17:17:46] INFO 

[0m[32m[2024-08-06 17:17:46] INFO yes

[0m[32m[2024-08-06 17:17:46] INFO 

[0m[32m[2024-08-06 17:17:46] INFO yes

[0m[32m[2024-08-06 17:17:46] INFO 

[0m[32m[2024-08-06 17:17:46] INFO yes

[0m[32m[2024-08-06 17:17:46] INFO 

[0m[32m[2024-08-06 17:17:46] INFO yes

[0m[32m[2024-08-06 17:17:46] INFO 

[0m[32m[2024-08-06 17:17:46] INFO yes

[0m[32m[2024-08-06 17:17:46] INFO 

[0m[32m[2024-08-06 17:17:46] INFO yes

[0m[32m[2024-08-06 17:17:46] INFO 

[0m[32m[2024-08-06 17:17:46] INFO yes

[0m[32m[2024-08-06 17:17:46] INFO 

[0m[32m[2024-08-06 17:17:46] INFO yes

[0m[32m[2024-08-06 17:17:46] INFO 

[0m[32m[2024-08-06 17:17:46] INFO yes

[0m[32m[2024-08-06 17:17:46] INFO 

[0m[32m[2024-08-06 17:17:46] INFO yes

[0m[32m[2024-08-06 17:17:46] INFO 

[0m[32m[2024-08-06 17:17:46] INFO yes

[0m[32m[2024-08-06 17:17:46] INFO 

[0m[32m[2024-08-06 17:17:46] INFO yes

[0m[32m[2024-08-06 17:17:46] INFO 

[0m[32m[2024-08-06 17:17:46] INFO yes

[0m[32m[2024-08-06 17:17:46] INFO 

[0m[32m[2024-08-06 17:17:46] INFO yes

[0m[32m[2024-08-06 17:17:46] INFO 

[0m[32m[2024-08-06 17:17:46] INFO yes

[0m[32m[2024-08-06 17:17:46] INFO 

[0m[32m[2024-08-06 17:17:46] INFO yes

[0m[32m[2024-08-06 17:17:46] INFO 

[0m[32m[2024-08-06 17:17:46] INFO yes

[0m[32m[2024-08-06 17:17:46] INFO 

[0m[32m[2024-08-06 17:17:46] INFO yes

[0m[32m[2024-08-06 17:17:46] INFO 

[0m[32m[2024-08-06 17:17:46] INFO yes

[0m[32m[2024-08-06 17:17:46] INFO 

[0m[32m[2024-08-06 17:17:46] INFO yes

[0m[32m[2024-08-06 17:17:46] INFO 

[0m[32m[2024-08-06 17:17:46] INFO yes

[0m[32m[2024-08-06 17:17:46] INFO 

[0m[32m[2024-08-06 17:17:46] INFO yes

[0m[32m[2024-08-06 17:17:46] INFO 

[0m[32m[2024-08-06 17:17:46] INFO yes

[0m[32m[2024-08-06 17:17:46] INFO 

[0m[32m[2024-08-06 17:17:46] INFO yes

[0m[32m[2024-08-06 17:17:46] INFO 

[0m[32m[2024-08-06 17:17:46] INFO yes

[0m[32m[2024-08-06 17:17:46] INFO 

[0m[32m[2024-08-06 17:17:46] INFO yes

[0m[32m[2024-08-06 17:17:46] INFO 

[0m[32m[2024-08-06 17:17:46] INFO yes

[0m[32m[2024-08-06 17:17:46] INFO 

[0m[32m[2024-08-06 17:17:46] INFO yes

[0m[32m[2024-08-06 17:17:46] INFO 

[0m[32m[2024-08-06 17:17:46] INFO yes

[0m[32m[2024-08-06 17:17:46] INFO 

[0m[32m[2024-08-06 17:17:46] INFO yes

[0m[32m[2024-08-06 17:17:46] INFO 

[0m[32m[2024-08-06 17:17:46] INFO yes

[0m[32m[2024-08-06 17:17:46] INFO 

[0m[32m[2024-08-06 17:17:46] INFO yes

[0m[32m[2024-08-06 17:17:46] INFO 

[0m[32m[2024-08-06 17:17:46] INFO yes

[0m[32m[2024-08-06 17:17:46] INFO 

[0m[32m[2024-08-06 17:17:46] INFO yes

[0m[32m[2024-08-06 17:17:46] INFO 

[0m[32m[2024-08-06 17:17:46] INFO yes

[0m[32m[2024-08-06 17:17:46] INFO 

[0m[32m[2024-08-06 17:17:46] INFO yes

[0m[32m[2024-08-06 17:17:46] INFO 

[0m[32m[2024-08-06 17:17:46] INFO yes

[0m[32m[2024-08-06 17:17:46] INFO 

[0m[32m[2024-08-06 17:17:46] INFO yes

[0m[32m[2024-08-06 17:17:46] INFO 

[0m[32m[2024-08-06 17:17:46] INFO yes

[0m[32m[2024-08-06 17:17:46] INFO 

[0m[32m[2024-08-06 17:17:46] INFO yes

[0m[32m[2024-08-06 17:17:46] INFO 

[0m[32m[2024-08-06 17:17:46] INFO yes

[0m[32m[2024-08-06 17:17:46] INFO 

[0m[32m[2024-08-06 17:17:46] INFO yes

[0m[32m[2024-08-06 17:17:46] INFO 

[0m[32m[2024-08-06 17:17:46] INFO yes

[0m[32m[2024-08-06 17:17:46] INFO 

[0m[32m[2024-08-06 17:17:46] INFO yes

[0m[32m[2024-08-06 17:17:46] INFO 

[0m[32m[2024-08-06 17:17:46] INFO yes

[0m[32m[2024-08-06 17:17:46] INFO 

[0m[32m[2024-08-06 17:17:46] INFO yes

[0m[32m[2024-08-06 17:17:46] INFO 

[0m[32m[2024-08-06 17:17:46] INFO yes

[0m[32m[2024-08-06 17:17:46] INFO 

[0m[32m[2024-08-06 17:17:46] INFO yes

[0m[32m[2024-08-06 17:17:46] INFO 

[0m[32m[2024-08-06 17:17:46] INFO yes

[0m[32m[2024-08-06 17:17:46] INFO 

[0m[32m[2024-08-06 17:17:46] INFO yes

[0m[32m[2024-08-06 17:17:46] INFO 

[0m[32m[2024-08-06 17:17:46] INFO yes

[0m[32m[2024-08-06 17:17:46] INFO 

[0m[32m[2024-08-06 17:17:46] INFO yes

[0m[32m[2024-08-06 17:17:46] INFO 

[0m[32m[2024-08-06 17:17:46] INFO yes

[0m[32m[2024-08-06 17:17:46] INFO 

[0m[32m[2024-08-06 17:17:46] INFO yes

[0m[32m[2024-08-06 17:17:46] INFO 

[0m[32m[2024-08-06 17:17:46] INFO yes

[0m[32m[2024-08-06 17:17:46] INFO 

[0m[32m[2024-08-06 17:17:46] INFO yes

[0m[32m[2024-08-06 17:17:46] INFO 

[0m[32m[2024-08-06 17:17:46] INFO yes

[0m[32m[2024-08-06 17:17:46] INFO 

[0m[32m[2024-08-06 17:17:46] INFO yes

[0m[32m[2024-08-06 17:17:46] INFO 

[0m[32m[2024-08-06 17:17:46] INFO yes

[0m[32m[2024-08-06 17:17:46] INFO 

[0m[32m[2024-08-06 17:17:46] INFO yes

[0m[32m[2024-08-06 17:17:46] INFO 

[0m[32m[2024-08-06 17:17:46] INFO yes

[0m[32m[2024-08-06 17:17:46] INFO 

[0m[32m[2024-08-06 17:17:46] INFO yes

[0m[32m[2024-08-06 17:17:46] INFO 

[0m[32m[2024-08-06 17:17:46] INFO yes

[0m[32m[2024-08-06 17:17:46] INFO 

[0m[32m[2024-08-06 17:17:46] INFO yes

[0m[32m[2024-08-06 17:17:46] INFO 

[0m[32m[2024-08-06 17:17:46] INFO yes

[0m[32m[2024-08-06 17:17:46] INFO 

[0m[32m[2024-08-06 17:17:46] INFO yes

[0m[32m[2024-08-06 17:17:46] INFO 

[0m[32m[2024-08-06 17:17:46] INFO yes

[0m[32m[2024-08-06 17:17:46] INFO 

[0m[32m[2024-08-06 17:17:46] INFO yes

[0m[32m[2024-08-06 17:17:46] INFO 

[0m[32m[2024-08-06 17:17:46] INFO yes

[0m[32m[2024-08-06 17:17:46] INFO 

[0m[32m[2024-08-06 17:17:46] INFO yes

[0m[32m[2024-08-06 17:17:46] INFO 

[0m[32m[2024-08-06 17:17:46] INFO yes

[0m[32m[2024-08-06 17:17:46] INFO 

[0m[32m[2024-08-06 17:17:46] INFO yes

[0m[32m[2024-08-06 17:17:46] INFO 

[0m[32m[2024-08-06 17:17:46] INFO yes

[0m[32m[2024-08-06 17:17:46] INFO 

[0m[32m[2024-08-06 17:17:46] INFO yes

[0m[32m[2024-08-06 17:17:46] INFO 

[0m[32m[2024-08-06 17:17:46] INFO yes

[0m[32m[2024-08-06 17:17:46] INFO 

[0m[32m[2024-08-06 17:17:46] INFO yes

[0m[32m[2024-08-06 17:17:46] INFO 

[0m[32m[2024-08-06 17:17:46] INFO yes

[0m[32m[2024-08-06 17:17:46] INFO 

[0m[32m[2024-08-06 17:17:46] INFO yes

[0m[32m[2024-08-06 17:17:46] INFO 

[0m[32m[2024-08-06 17:17:46] INFO yes

[0m[32m[2024-08-06 17:17:46] INFO 

[0m[32m[2024-08-06 17:17:46] INFO yes

[0m[32m[2024-08-06 17:17:46] INFO 

[0m[32m[2024-08-06 17:17:46] INFO yes

[0m[32m[2024-08-06 17:17:46] INFO 

[0m[32m[2024-08-06 17:17:46] INFO yes

[0m[32m[2024-08-06 17:17:46] INFO 

[0m[32m[2024-08-06 17:17:46] INFO yes

[0m[32m[2024-08-06 17:17:46] INFO 

[0m[32m[2024-08-06 17:17:46] INFO yes

[0m[32m[2024-08-06 17:17:46] INFO 

[0m[32m[2024-08-06 17:17:46] INFO yes

[0m[32m[2024-08-06 17:17:46] INFO 

[0m[32m[2024-08-06 17:17:46] INFO yes

[0m[32m[2024-08-06 17:17:46] INFO 

[0m[32m[2024-08-06 17:17:46] INFO yes

[0m[32m[2024-08-06 17:17:46] INFO 

[0m[32m[2024-08-06 17:17:46] INFO yes

[0m[32m[2024-08-06 17:17:46] INFO 

[0m[32m[2024-08-06 17:17:46] INFO yes

[0m[32m[2024-08-06 17:17:46] INFO 

[0m[32m[2024-08-06 17:17:46] INFO yes

[0m[32m[2024-08-06 17:17:46] INFO 

[0m[32m[2024-08-06 17:17:46] INFO yes

[0m[32m[2024-08-06 17:17:46] INFO 

[0m[32m[2024-08-06 17:17:46] INFO yes

[0m[32m[2024-08-06 17:17:46] INFO 

[0m[32m[2024-08-06 17:17:46] INFO yes

[0m[32m[2024-08-06 17:17:46] INFO 

[0m[32m[2024-08-06 17:17:46] INFO yes

[0m[32m[2024-08-06 17:17:46] INFO 

[0m[32m[2024-08-06 17:17:46] INFO yes

[0m[32m[2024-08-06 17:17:46] INFO 

[0m[32m[2024-08-06 17:17:46] INFO yes

[0m[32m[2024-08-06 17:17:46] INFO 

[0m[32m[2024-08-06 17:17:46] INFO yes

[0m[32m[2024-08-06 17:17:46] INFO 

[0m[32m[2024-08-06 17:17:46] INFO yes

[0m[32m[2024-08-06 17:17:46] INFO 

[0m[32m[2024-08-06 17:17:46] INFO yes

[0m[32m[2024-08-06 17:17:46] INFO 

[0m[32m[2024-08-06 17:17:46] INFO yes

[0m[32m[2024-08-06 17:17:46] INFO 

[0m[32m[2024-08-06 17:17:46] INFO yes

[0m[32m[2024-08-06 17:17:46] INFO 

[0m[32m[2024-08-06 17:17:46] INFO yes

[0m[32m[2024-08-06 17:17:46] INFO 

[0m[32m[2024-08-06 17:17:46] INFO yes

[0m[32m[2024-08-06 17:17:46] INFO 

[0m[32m[2024-08-06 17:17:46] INFO yes

[0m[32m[2024-08-06 17:17:46] INFO 

[0m[32m[2024-08-06 17:17:46] INFO yes

[0m[32m[2024-08-06 17:17:46] INFO 

[0m[32m[2024-08-06 17:17:46] INFO yes

[0m[32m[2024-08-06 17:17:46] INFO 

[0m[32m[2024-08-06 17:17:46] INFO yes

[0m[32m[2024-08-06 17:17:46] INFO 

[0m[32m[2024-08-06 17:17:46] INFO yes

[0m[32m[2024-08-06 17:17:46] INFO 

[0m[32m[2024-08-06 17:17:46] INFO yes

[0m[32m[2024-08-06 17:17:46] INFO 

[0m[32m[2024-08-06 17:17:46] INFO yes

[0m[32m[2024-08-06 17:17:46] INFO 

[0m[32m[2024-08-06 17:17:46] INFO yes

[0m[32m[2024-08-06 17:17:46] INFO 

[0m[32m[2024-08-06 17:17:46] INFO yes

[0m[32m[2024-08-06 17:17:46] INFO 

[0m[32m[2024-08-06 17:17:46] INFO yes

[0m[32m[2024-08-06 17:17:46] INFO 

[0m[32m[2024-08-06 17:17:46] INFO yes

[0m[32m[2024-08-06 17:17:46] INFO 

[0m[32m[2024-08-06 17:17:46] INFO yes

[0m[32m[2024-08-06 17:17:46] INFO 

[0m[32m[2024-08-06 17:17:46] INFO yes

[0m[32m[2024-08-06 17:17:46] INFO 

[0m[32m[2024-08-06 17:17:46] INFO yes

[0m[32m[2024-08-06 17:17:46] INFO 

[0m[32m[2024-08-06 17:17:46] INFO yes

[0m[32m[2024-08-06 17:17:46] INFO 

[0m[32m[2024-08-06 17:17:46] INFO yes

[0m[32m[2024-08-06 17:17:46] INFO 

[0m[32m[2024-08-06 17:17:46] INFO yes

[0m[32m[2024-08-06 17:17:46] INFO 

[0m[32m[2024-08-06 17:17:46] INFO yes

[0m[32m[2024-08-06 17:17:46] INFO 

[0m[32m[2024-08-06 17:17:46] INFO yes

[0m[32m[2024-08-06 17:17:46] INFO 

[0m[32m[2024-08-06 17:17:46] INFO yes

[0m[32m[2024-08-06 17:17:46] INFO 

[0m[32m[2024-08-06 17:17:46] INFO yes

[0m[32m[2024-08-06 17:17:46] INFO 

[0m[32m[2024-08-06 17:17:46] INFO yes

[0m[32m[2024-08-06 17:17:46] INFO 

[0m[32m[2024-08-06 17:17:46] INFO yes

[0m[32m[2024-08-06 17:17:46] INFO 

[0m[32m[2024-08-06 17:17:46] INFO yes

[0m[32m[2024-08-06 17:17:46] INFO 

[0m[32m[2024-08-06 17:17:46] INFO yes

[0m[32m[2024-08-06 17:17:46] INFO 

[0m[32m[2024-08-06 17:17:46] INFO yes

[0m[32m[2024-08-06 17:17:46] INFO 

[0m[32m[2024-08-06 17:17:46] INFO yes

[0m[32m[2024-08-06 17:17:46] INFO 

[0m[32m[2024-08-06 17:17:46] INFO yes

[0m[32m[2024-08-06 17:17:46] INFO 

[0m[32m[2024-08-06 17:17:46] INFO yes

[0m[32m[2024-08-06 17:17:46] INFO 

[0m[32m[2024-08-06 17:17:46] INFO yes

[0m[32m[2024-08-06 17:17:46] INFO 

[0m[32m[2024-08-06 17:17:46] INFO yes

[0m[32m[2024-08-06 17:17:46] INFO 

[0m[32m[2024-08-06 17:17:46] INFO yes

[0m[32m[2024-08-06 17:17:46] INFO 

[0m[32m[2024-08-06 17:17:46] INFO yes

[0m[32m[2024-08-06 17:17:46] INFO 

[0m[32m[2024-08-06 17:17:46] INFO yes

[0m[32m[2024-08-06 17:17:46] INFO 

[0m[32m[2024-08-06 17:17:46] INFO yes

[0m[32m[2024-08-06 17:17:46] INFO 

[0m[32m[2024-08-06 17:17:46] INFO yes

[0m[32m[2024-08-06 17:17:46] INFO 

[0m[32m[2024-08-06 17:17:46] INFO yes

[0m[32m[2024-08-06 17:17:46] INFO 

[0m[32m[2024-08-06 17:17:46] INFO yes

[0m[32m[2024-08-06 17:17:46] INFO 

[0m[32m[2024-08-06 17:17:46] INFO yes

[0m[32m[2024-08-06 17:17:46] INFO 

[0m[32m[2024-08-06 17:17:46] INFO yes

[0m[32m[2024-08-06 17:17:46] INFO 

[0m[32m[2024-08-06 17:17:46] INFO yes

[0m[32m[2024-08-06 17:17:46] INFO 

[0m[32m[2024-08-06 17:17:46] INFO yes

[0m[32m[2024-08-06 17:17:46] INFO 

[0m[32m[2024-08-06 17:17:46] INFO yes

[0m[32m[2024-08-06 17:17:46] INFO 

[0m[32m[2024-08-06 17:17:46] INFO yes

[0m[32m[2024-08-06 17:17:46] INFO 

[0m[32m[2024-08-06 17:17:46] INFO yes

[0m[32m[2024-08-06 17:17:46] INFO 

[0m[32m[2024-08-06 17:17:46] INFO yes

[0m[32m[2024-08-06 17:17:46] INFO 

[0m[32m[2024-08-06 17:17:46] INFO yes

[0m[32m[2024-08-06 17:17:46] INFO 

[0m[32m[2024-08-06 17:17:46] INFO yes

[0m[32m[2024-08-06 17:17:46] INFO 

[0m[32m[2024-08-06 17:17:46] INFO yes

[0m[32m[2024-08-06 17:17:46] INFO 

[0m[32m[2024-08-06 17:17:46] INFO yes

[0m[32m[2024-08-06 17:17:46] INFO 

[0m[32m[2024-08-06 17:17:46] INFO yes

[0m[32m[2024-08-06 17:17:46] INFO 

[0m[32m[2024-08-06 17:17:46] INFO yes

[0m[32m[2024-08-06 17:17:46] INFO 

[0m[32m[2024-08-06 17:17:46] INFO yes

[0m[32m[2024-08-06 17:17:46] INFO 

[0m[32m[2024-08-06 17:17:46] INFO yes

[0m[32m[2024-08-06 17:17:46] INFO 

[0m[32m[2024-08-06 17:17:46] INFO yes

[0m[32m[2024-08-06 17:17:46] INFO 

[0m[32m[2024-08-06 17:17:46] INFO yes

[0m[32m[2024-08-06 17:17:46] INFO 

[0m[32m[2024-08-06 17:17:46] INFO yes

[0m[32m[2024-08-06 17:17:46] INFO 

[0m[32m[2024-08-06 17:17:46] INFO yes

[0m[32m[2024-08-06 17:17:46] INFO 

[0m[32m[2024-08-06 17:17:46] INFO yes

[0m[32m[2024-08-06 17:17:46] INFO 

[0m[32m[2024-08-06 17:17:46] INFO yes

[0m[32m[2024-08-06 17:17:46] INFO 

[0m[32m[2024-08-06 17:17:46] INFO yes

[0m[32m[2024-08-06 17:17:46] INFO 

[0m[32m[2024-08-06 17:17:46] INFO yes

[0m[32m[2024-08-06 17:17:46] INFO 

[0m[32m[2024-08-06 17:17:46] INFO yes

[0m[32m[2024-08-06 17:17:46] INFO 

[0m[32m[2024-08-06 17:17:46] INFO yes

[0m[32m[2024-08-06 17:17:46] INFO 

[0m[32m[2024-08-06 17:17:46] INFO yes

[0m[32m[2024-08-06 17:17:46] INFO 

[0m[32m[2024-08-06 17:17:46] INFO yes

[0m[32m[2024-08-06 17:17:46] INFO 

[0m[32m[2024-08-06 17:17:46] INFO yes

[0m[32m[2024-08-06 17:17:46] INFO 

[0m[32m[2024-08-06 17:17:46] INFO yes

[0m[32m[2024-08-06 17:17:46] INFO 

[0m[32m[2024-08-06 17:17:46] INFO yes

[0m[32m[2024-08-06 17:17:46] INFO 

[0m[32m[2024-08-06 17:17:46] INFO yes

[0m[32m[2024-08-06 17:17:46] INFO 

[0m[32m[2024-08-06 17:17:46] INFO yes

[0m[32m[2024-08-06 17:17:46] INFO 

[0m[32m[2024-08-06 17:17:46] INFO yes

[0m[32m[2024-08-06 17:17:46] INFO 

[0m[32m[2024-08-06 17:17:46] INFO yes

[0m[32m[2024-08-06 17:17:46] INFO 

[0m[32m[2024-08-06 17:17:46] INFO yes

[0m[32m[2024-08-06 17:17:46] INFO 

[0m[32m[2024-08-06 17:17:46] INFO yes

[0m[32m[2024-08-06 17:17:46] INFO 

[0m[32m[2024-08-06 17:17:46] INFO yes

[0m[32m[2024-08-06 17:17:46] INFO 

[0m[32m[2024-08-06 17:17:46] INFO yes

[0m[32m[2024-08-06 17:17:46] INFO 

[0m[32m[2024-08-06 17:17:46] INFO yes

[0m[32m[2024-08-06 17:17:46] INFO 

[0m[32m[2024-08-06 17:17:46] INFO yes

[0m[32m[2024-08-06 17:17:46] INFO 

[0m[32m[2024-08-06 17:17:46] INFO yes

[0m[32m[2024-08-06 17:17:46] INFO 

[0m[32m[2024-08-06 17:17:46] INFO yes

[0m[32m[2024-08-06 17:17:46] INFO 

[0m[32m[2024-08-06 17:17:46] INFO yes

[0m[32m[2024-08-06 17:17:46] INFO 

[0m[32m[2024-08-06 17:17:46] INFO yes

[0m[32m[2024-08-06 17:17:46] INFO 

[0m[32m[2024-08-06 17:17:46] INFO yes

[0m[32m[2024-08-06 17:17:46] INFO 

[0m[32m[2024-08-06 17:17:46] INFO yes

[0m[32m[2024-08-06 17:17:46] INFO 

[0m[32m[2024-08-06 17:17:46] INFO yes

[0m[32m[2024-08-06 17:17:46] INFO 

[0m[32m[2024-08-06 17:17:46] INFO yes

[0m[32m[2024-08-06 17:17:46] INFO 

[0m[32m[2024-08-06 17:17:46] INFO yes

[0m[32m[2024-08-06 17:17:46] INFO 

[0m[32m[2024-08-06 17:17:46] INFO yes

[0m[32m[2024-08-06 17:17:46] INFO 

[0m[32m[2024-08-06 17:17:46] INFO yes

[0m[32m[2024-08-06 17:17:46] INFO 

[0m[32m[2024-08-06 17:17:46] INFO yes

[0m[32m[2024-08-06 17:17:46] INFO 

[0m[32m[2024-08-06 17:17:46] INFO yes

[0m[32m[2024-08-06 17:17:46] INFO 

[0m[32m[2024-08-06 17:17:46] INFO yes

[0m[32m[2024-08-06 17:17:46] INFO 

[0m[32m[2024-08-06 17:17:46] INFO yes

[0m[32m[2024-08-06 17:17:46] INFO 

[0m[32m[2024-08-06 17:17:46] INFO yes

[0m[32m[2024-08-06 17:17:46] INFO 

[0m[32m[2024-08-06 17:17:46] INFO yes

[0m[32m[2024-08-06 17:17:46] INFO 

[0m[32m[2024-08-06 17:17:46] INFO yes

[0m[32m[2024-08-06 17:17:46] INFO 

[0m[32m[2024-08-06 17:17:46] INFO yes

[0m[32m[2024-08-06 17:17:46] INFO 

[0m[32m[2024-08-06 17:17:46] INFO yes

[0m[32m[2024-08-06 17:17:46] INFO 

[0m[32m[2024-08-06 17:17:46] INFO yes

[0m[32m[2024-08-06 17:17:46] INFO 

[0m[32m[2024-08-06 17:17:46] INFO yes

[0m[32m[2024-08-06 17:17:46] INFO 

[0m[32m[2024-08-06 17:17:46] INFO yes

[0m[32m[2024-08-06 17:17:46] INFO 

[0m[32m[2024-08-06 17:17:46] INFO yes

[0m[32m[2024-08-06 17:17:46] INFO 

[0m[32m[2024-08-06 17:17:46] INFO yes

[0m[32m[2024-08-06 17:17:46] INFO 

[0m[32m[2024-08-06 17:17:46] INFO yes

[0m[32m[2024-08-06 17:17:46] INFO 

[0m[32m[2024-08-06 17:17:46] INFO yes

[0m[32m[2024-08-06 17:17:46] INFO 

[0m[32m[2024-08-06 17:17:46] INFO yes

[0m[32m[2024-08-06 17:17:46] INFO 

[0m[32m[2024-08-06 17:17:46] INFO yes

[0m[32m[2024-08-06 17:17:46] INFO 

[0m[32m[2024-08-06 17:17:46] INFO yes

[0m[32m[2024-08-06 17:17:46] INFO 

[0m[32m[2024-08-06 17:17:46] INFO yes

[0m[32m[2024-08-06 17:17:46] INFO 

[0m[32m[2024-08-06 17:17:46] INFO yes

[0m[32m[2024-08-06 17:17:46] INFO 

[0m[32m[2024-08-06 17:17:46] INFO yes

[0m[32m[2024-08-06 17:17:46] INFO 

[0m[32m[2024-08-06 17:17:46] INFO yes

[0m[32m[2024-08-06 17:17:46] INFO 

[0m[32m[2024-08-06 17:17:46] INFO yes

[0m[32m[2024-08-06 17:17:46] INFO 

[0m[32m[2024-08-06 17:17:46] INFO yes

[0m[32m[2024-08-06 17:17:46] INFO 

[0m[32m[2024-08-06 17:17:46] INFO yes

[0m[32m[2024-08-06 17:17:46] INFO 

[0m[32m[2024-08-06 17:17:46] INFO yes

[0m[32m[2024-08-06 17:17:46] INFO 

[0m[32m[2024-08-06 17:17:46] INFO yes

[0m[32m[2024-08-06 17:17:46] INFO 

[0m[32m[2024-08-06 17:17:46] INFO yes

[0m[32m[2024-08-06 17:17:46] INFO 

[0m[32m[2024-08-06 17:17:46] INFO yes

[0m[32m[2024-08-06 17:17:46] INFO 

[0m[32m[2024-08-06 17:17:46] INFO yes

[0m[32m[2024-08-06 17:17:46] INFO 

[0m[32m[2024-08-06 17:17:46] INFO yes

[0m[32m[2024-08-06 17:17:46] INFO 

[0m[32m[2024-08-06 17:17:46] INFO yes

[0m[32m[2024-08-06 17:17:46] INFO 

[0m[32m[2024-08-06 17:17:46] INFO yes

[0m[32m[2024-08-06 17:17:46] INFO 

[0m[32m[2024-08-06 17:17:46] INFO yes

[0m[32m[2024-08-06 17:17:46] INFO 

[0m[32m[2024-08-06 17:17:46] INFO yes

[0m[32m[2024-08-06 17:17:46] INFO 

[0m[32m[2024-08-06 17:17:46] INFO yes

[0m[32m[2024-08-06 17:17:46] INFO 

[0m[32m[2024-08-06 17:17:46] INFO yes

[0m[32m[2024-08-06 17:17:46] INFO 

[0m[32m[2024-08-06 17:17:46] INFO yes

[0m[32m[2024-08-06 17:17:46] INFO 

[0m[32m[2024-08-06 17:17:46] INFO yes

[0m[32m[2024-08-06 17:17:46] INFO 

[0m[32m[2024-08-06 17:17:46] INFO yes

[0m[32m[2024-08-06 17:17:46] INFO 

[0m[32m[2024-08-06 17:17:46] INFO yes

[0m[32m[2024-08-06 17:17:46] INFO 

[0m[32m[2024-08-06 17:17:46] INFO yes

[0m[32m[2024-08-06 17:17:46] INFO 

[0m[32m[2024-08-06 17:17:46] INFO yes

[0m[32m[2024-08-06 17:17:46] INFO 

[0m[32m[2024-08-06 17:17:46] INFO yes

[0m[32m[2024-08-06 17:17:46] INFO 

[0m[32m[2024-08-06 17:17:46] INFO yes

[0m[32m[2024-08-06 17:17:46] INFO 

[0m[32m[2024-08-06 17:17:46] INFO yes

[0m[32m[2024-08-06 17:17:46] INFO 

[0m[32m[2024-08-06 17:17:46] INFO yes

[0m[32m[2024-08-06 17:17:46] INFO 

[0m[32m[2024-08-06 17:17:46] INFO yes

[0m[32m[2024-08-06 17:17:46] INFO 

[0m[32m[2024-08-06 17:17:46] INFO yes

[0m[32m[2024-08-06 17:17:46] INFO 

[0m[32m[2024-08-06 17:17:46] INFO yes

[0m[32m[2024-08-06 17:17:46] INFO 

[0m[32m[2024-08-06 17:17:46] INFO yes

[0m[32m[2024-08-06 17:17:46] INFO 

[0m[32m[2024-08-06 17:17:46] INFO yes

[0m[32m[2024-08-06 17:17:46] INFO 

[0m[32m[2024-08-06 17:17:46] INFO yes

[0m[32m[2024-08-06 17:17:46] INFO 

[0m[32m[2024-08-06 17:17:46] INFO yes

[0m[32m[2024-08-06 17:17:46] INFO 

[0m[32m[2024-08-06 17:17:46] INFO yes

[0m[32m[2024-08-06 17:17:46] INFO 

[0m[32m[2024-08-06 17:17:46] INFO yes

[0m[32m[2024-08-06 17:17:46] INFO 

[0m[32m[2024-08-06 17:17:46] INFO yes

[0m[32m[2024-08-06 17:17:46] INFO 

[0m[32m[2024-08-06 17:17:46] INFO yes

[0m[32m[2024-08-06 17:17:46] INFO 

[0m[32m[2024-08-06 17:17:46] INFO yes

[0m[32m[2024-08-06 17:17:46] INFO 

[0m[32m[2024-08-06 17:17:46] INFO yes

[0m[32m[2024-08-06 17:17:46] INFO 

[0m[32m[2024-08-06 17:17:46] INFO yes

[0m[32m[2024-08-06 17:17:46] INFO 

[0m[32m[2024-08-06 17:17:46] INFO yes

[0m[32m[2024-08-06 17:17:46] INFO 

[0m[32m[2024-08-06 17:17:46] INFO yes

[0m[32m[2024-08-06 17:17:46] INFO 

[0m[32m[2024-08-06 17:17:46] INFO yes

[0m[32m[2024-08-06 17:17:46] INFO 

[0m[32m[2024-08-06 17:17:46] INFO yes

[0m[32m[2024-08-06 17:17:46] INFO 

[0m[32m[2024-08-06 17:17:46] INFO yes

[0m[32m[2024-08-06 17:17:46] INFO 

[0m[32m[2024-08-06 17:17:46] INFO yes

[0m[32m[2024-08-06 17:17:46] INFO 

[0m[32m[2024-08-06 17:17:46] INFO yes

[0m[32m[2024-08-06 17:17:46] INFO 

[0m[32m[2024-08-06 17:17:46] INFO yes

[0m[32m[2024-08-06 17:17:46] INFO 

[0m[32m[2024-08-06 17:17:46] INFO yes

[0m[32m[2024-08-06 17:17:46] INFO 

[0m[32m[2024-08-06 17:17:46] INFO yes

[0m[32m[2024-08-06 17:17:46] INFO 

[0m[32m[2024-08-06 17:17:46] INFO yes

[0m[32m[2024-08-06 17:17:46] INFO 

[0m[32m[2024-08-06 17:17:46] INFO yes

[0m[32m[2024-08-06 17:17:46] INFO 

[0m[32m[2024-08-06 17:17:46] INFO yes

[0m[32m[2024-08-06 17:17:46] INFO 

[0m[32m[2024-08-06 17:17:46] INFO yes

[0m[32m[2024-08-06 17:17:46] INFO 

[0m[32m[2024-08-06 17:17:46] INFO yes

[0m[32m[2024-08-06 17:17:46] INFO 

[0m[32m[2024-08-06 17:17:46] INFO yes

[0m[32m[2024-08-06 17:17:46] INFO 

[0m[32m[2024-08-06 17:17:46] INFO yes

[0m[32m[2024-08-06 17:17:46] INFO 

[0m[32m[2024-08-06 17:17:46] INFO yes

[0m[32m[2024-08-06 17:17:46] INFO 

[0m[32m[2024-08-06 17:17:46] INFO yes

[0m[32m[2024-08-06 17:17:46] INFO 

[0m[32m[2024-08-06 17:17:46] INFO yes

[0m[32m[2024-08-06 17:17:46] INFO 

[0m[32m[2024-08-06 17:17:46] INFO yes

[0m[32m[2024-08-06 17:17:46] INFO 

[0m[32m[2024-08-06 17:17:46] INFO yes

[0m[32m[2024-08-06 17:17:46] INFO 

[0m[32m[2024-08-06 17:17:46] INFO yes

[0m[32m[2024-08-06 17:17:46] INFO 

[0m[32m[2024-08-06 17:17:46] INFO yes

[0m[32m[2024-08-06 17:17:46] INFO 

[0m[32m[2024-08-06 17:17:46] INFO yes

[0m[32m[2024-08-06 17:17:46] INFO 

[0m[32m[2024-08-06 17:17:46] INFO yes

[0m[32m[2024-08-06 17:17:46] INFO 

[0m[32m[2024-08-06 17:17:46] INFO yes

[0m[32m[2024-08-06 17:17:46] INFO 

[0m[32m[2024-08-06 17:17:46] INFO yes

[0m[32m[2024-08-06 17:17:46] INFO 

[0m[32m[2024-08-06 17:17:46] INFO yes

[0m[32m[2024-08-06 17:17:46] INFO 

[0m[32m[2024-08-06 17:17:46] INFO yes

[0m[32m[2024-08-06 17:17:46] INFO 

[0m[32m[2024-08-06 17:17:46] INFO yes

[0m[32m[2024-08-06 17:17:46] INFO 

[0m[32m[2024-08-06 17:17:46] INFO yes

[0m[32m[2024-08-06 17:17:46] INFO 

[0m[32m[2024-08-06 17:17:46] INFO yes

[0m[32m[2024-08-06 17:17:46] INFO 

[0m[32m[2024-08-06 17:17:46] INFO yes

[0m[32m[2024-08-06 17:17:46] INFO 

[0m[32m[2024-08-06 17:17:46] INFO yes

[0m[32m[2024-08-06 17:17:46] INFO 

[0m[32m[2024-08-06 17:17:46] INFO yes

[0m[32m[2024-08-06 17:17:46] INFO 

[0m[32m[2024-08-06 17:17:46] INFO yes

[0m[32m[2024-08-06 17:17:46] INFO 

[0m[32m[2024-08-06 17:17:46] INFO yes

[0m[32m[2024-08-06 17:17:46] INFO 

[0m[32m[2024-08-06 17:17:46] INFO yes

[0m[32m[2024-08-06 17:17:46] INFO 

[0m[32m[2024-08-06 17:17:46] INFO yes

[0m[32m[2024-08-06 17:17:46] INFO 

[0m[32m[2024-08-06 17:17:46] INFO yes

[0m[32m[2024-08-06 17:17:46] INFO 

[0m[32m[2024-08-06 17:17:46] INFO yes

[0m[32m[2024-08-06 17:17:46] INFO 

[0m[32m[2024-08-06 17:17:46] INFO yes

[0m[32m[2024-08-06 17:17:46] INFO 

[0m[32m[2024-08-06 17:17:46] INFO yes

[0m[32m[2024-08-06 17:17:46] INFO 

[0m[32m[2024-08-06 17:17:46] INFO yes

[0m[32m[2024-08-06 17:17:46] INFO 

[0m[32m[2024-08-06 17:17:46] INFO yes

[0m[32m[2024-08-06 17:17:46] INFO 

[0m[32m[2024-08-06 17:17:46] INFO yes

[0m[32m[2024-08-06 17:17:46] INFO 

[0m[32m[2024-08-06 17:17:46] INFO yes

[0m[32m[2024-08-06 17:17:46] INFO 

[0m[32m[2024-08-06 17:17:46] INFO yes

[0m[32m[2024-08-06 17:17:46] INFO 

[0m[32m[2024-08-06 17:17:46] INFO yes

[0m[32m[2024-08-06 17:17:46] INFO 

[0m[32m[2024-08-06 17:17:46] INFO yes

[0m[32m[2024-08-06 17:17:46] INFO 

[0m[32m[2024-08-06 17:17:46] INFO yes

[0m[32m[2024-08-06 17:17:46] INFO 

[0m[32m[2024-08-06 17:17:46] INFO yes

[0m[32m[2024-08-06 17:17:46] INFO 

[0m[32m[2024-08-06 17:17:46] INFO yes

[0m[32m[2024-08-06 17:17:46] INFO 

[0m[32m[2024-08-06 17:17:46] INFO yes

[0m[32m[2024-08-06 17:17:46] INFO 

[0m[32m[2024-08-06 17:17:46] INFO yes

[0m[32m[2024-08-06 17:17:46] INFO 

[0m[32m[2024-08-06 17:17:46] INFO yes

[0m[32m[2024-08-06 17:17:46] INFO 

[0m[32m[2024-08-06 17:17:46] INFO yes

[0m[32m[2024-08-06 17:17:46] INFO 

[0m[32m[2024-08-06 17:17:46] INFO yes

[0m[32m[2024-08-06 17:17:46] INFO 

[0m[32m[2024-08-06 17:17:46] INFO yes

[0m[32m[2024-08-06 17:17:46] INFO 

[0m[32m[2024-08-06 17:17:46] INFO yes

[0m[32m[2024-08-06 17:17:46] INFO 

[0m[32m[2024-08-06 17:17:46] INFO yes

[0m[32m[2024-08-06 17:17:46] INFO 

[0m[32m[2024-08-06 17:17:46] INFO yes

[0m[32m[2024-08-06 17:17:46] INFO 

[0m[32m[2024-08-06 17:17:46] INFO yes

[0m[32m[2024-08-06 17:17:46] INFO 

[0m[32m[2024-08-06 17:17:46] INFO yes

[0m[32m[2024-08-06 17:17:46] INFO 

[0m[32m[2024-08-06 17:17:46] INFO yes

[0m[32m[2024-08-06 17:17:46] INFO 

[0m[32m[2024-08-06 17:17:46] INFO yes

[0m[32m[2024-08-06 17:17:46] INFO 

[0m[32m[2024-08-06 17:17:46] INFO yes

[0m[32m[2024-08-06 17:17:46] INFO 

[0m[32m[2024-08-06 17:17:46] INFO yes

[0m[32m[2024-08-06 17:17:46] INFO 

[0m[32m[2024-08-06 17:17:46] INFO yes

[0m[32m[2024-08-06 17:17:46] INFO 

[0m[32m[2024-08-06 17:17:46] INFO yes

[0m[32m[2024-08-06 17:17:46] INFO 

[0m[32m[2024-08-06 17:17:46] INFO yes

[0m[32m[2024-08-06 17:17:46] INFO 

[0m[32m[2024-08-06 17:17:46] INFO yes

[0m[32m[2024-08-06 17:17:46] INFO 

[0m[32m[2024-08-06 17:17:46] INFO yes

[0m[32m[2024-08-06 17:17:46] INFO 

[0m[32m[2024-08-06 17:17:46] INFO yes

[0m[32m[2024-08-06 17:17:46] INFO 

[0m[32m[2024-08-06 17:17:46] INFO yes

[0m[32m[2024-08-06 17:17:46] INFO 

[0m[32m[2024-08-06 17:17:46] INFO yes

[0m[32m[2024-08-06 17:17:46] INFO 

[0m[32m[2024-08-06 17:17:46] INFO yes

[0m[32m[2024-08-06 17:17:46] INFO 

[0m[32m[2024-08-06 17:17:46] INFO yes

[0m[32m[2024-08-06 17:17:46] INFO 

[0m[32m[2024-08-06 17:17:46] INFO yes

[0m[32m[2024-08-06 17:17:46] INFO 

[0m[32m[2024-08-06 17:17:46] INFO yes

[0m[32m[2024-08-06 17:17:46] INFO 

[0m[32m[2024-08-06 17:17:46] INFO yes

[0m[32m[2024-08-06 17:17:46] INFO 

[0m[32m[2024-08-06 17:17:46] INFO yes

[0m[32m[2024-08-06 17:17:46] INFO 

[0m[32m[2024-08-06 17:17:46] INFO yes

[0m[32m[2024-08-06 17:17:46] INFO 

[0m[32m[2024-08-06 17:17:46] INFO yes

[0m[32m[2024-08-06 17:17:46] INFO 

[0m[32m[2024-08-06 17:17:46] INFO yes

[0m[32m[2024-08-06 17:17:46] INFO 

[0m[32m[2024-08-06 17:17:46] INFO yes

[0m[32m[2024-08-06 17:17:46] INFO 

[0m[32m[2024-08-06 17:17:46] INFO yes

[0m[32m[2024-08-06 17:17:46] INFO 

[0m[32m[2024-08-06 17:17:46] INFO yes

[0m[32m[2024-08-06 17:17:46] INFO 

[0m[32m[2024-08-06 17:17:46] INFO yes

[0m[32m[2024-08-06 17:17:46] INFO 

[0m[32m[2024-08-06 17:17:46] INFO yes

[0m[32m[2024-08-06 17:17:46] INFO 

[0m[32m[2024-08-06 17:17:46] INFO yes

[0m[32m[2024-08-06 17:17:46] INFO 

[0m[32m[2024-08-06 17:17:46] INFO yes

[0m[32m[2024-08-06 17:17:46] INFO 

[0m[32m[2024-08-06 17:17:46] INFO yes

[0m[32m[2024-08-06 17:17:46] INFO 

[0m[32m[2024-08-06 17:17:46] INFO yes

[0m[32m[2024-08-06 17:17:46] INFO 

[0m[32m[2024-08-06 17:17:46] INFO yes

[0m[32m[2024-08-06 17:17:46] INFO 

[0m[32m[2024-08-06 17:17:46] INFO yes

[0m[32m[2024-08-06 17:17:46] INFO 

[0m[32m[2024-08-06 17:17:46] INFO yes

[0m[32m[2024-08-06 17:17:46] INFO 

[0m[32m[2024-08-06 17:17:46] INFO yes

[0m[32m[2024-08-06 17:17:46] INFO 

[0m[32m[2024-08-06 17:17:46] INFO yes

[0m[32m[2024-08-06 17:17:46] INFO 

[0m[32m[2024-08-06 17:17:46] INFO yes

[0m[32m[2024-08-06 17:17:46] INFO 

[0m[32m[2024-08-06 17:17:46] INFO yes

[0m[32m[2024-08-06 17:17:46] INFO 

[0m[32m[2024-08-06 17:17:46] INFO yes

[0m[32m[2024-08-06 17:17:46] INFO 

[0m[32m[2024-08-06 17:17:46] INFO yes

[0m[32m[2024-08-06 17:17:46] INFO 

[0m[32m[2024-08-06 17:17:46] INFO yes

[0m[32m[2024-08-06 17:17:46] INFO 

[0m[32m[2024-08-06 17:17:46] INFO yes

[0m[32m[2024-08-06 17:17:46] INFO 

[0m[32m[2024-08-06 17:17:46] INFO yes

[0m[32m[2024-08-06 17:17:46] INFO 

[0m[32m[2024-08-06 17:17:46] INFO yes

[0m[32m[2024-08-06 17:17:46] INFO 

[0m[32m[2024-08-06 17:17:46] INFO yes

[0m[32m[2024-08-06 17:17:46] INFO 

[0m[32m[2024-08-06 17:17:46] INFO yes

[0m[32m[2024-08-06 17:17:46] INFO 

[0m[32m[2024-08-06 17:17:46] INFO yes

[0m[32m[2024-08-06 17:17:46] INFO 

[0m[32m[2024-08-06 17:17:46] INFO yes

[0m[32m[2024-08-06 17:17:46] INFO 

[0m[32m[2024-08-06 17:17:46] INFO yes

[0m[32m[2024-08-06 17:17:46] INFO 

[0m[32m[2024-08-06 17:17:46] INFO yes

[0m[32m[2024-08-06 17:17:46] INFO 

[0m[32m[2024-08-06 17:17:46] INFO yes

[0m[32m[2024-08-06 17:17:46] INFO 

[0m[32m[2024-08-06 17:17:46] INFO yes

[0m[32m[2024-08-06 17:17:46] INFO 

[0m[32m[2024-08-06 17:17:46] INFO yes

[0m[32m[2024-08-06 17:17:46] INFO 

[0m[32m[2024-08-06 17:17:46] INFO yes

[0m[32m[2024-08-06 17:17:46] INFO 

[0m[32m[2024-08-06 17:17:46] INFO yes

[0m[32m[2024-08-06 17:17:46] INFO 

[0m[32m[2024-08-06 17:17:46] INFO yes

[0m[32m[2024-08-06 17:17:46] INFO 

[0m[32m[2024-08-06 17:17:46] INFO yes

[0m[32m[2024-08-06 17:17:46] INFO 

[0m[32m[2024-08-06 17:17:46] INFO yes

[0m[32m[2024-08-06 17:17:46] INFO 

[0m[32m[2024-08-06 17:17:46] INFO yes

[0m[32m[2024-08-06 17:17:46] INFO 

[0m[32m[2024-08-06 17:17:46] INFO yes

[0m[32m[2024-08-06 17:17:46] INFO 

[0m[32m[2024-08-06 17:17:46] INFO yes

[0m[32m[2024-08-06 17:17:46] INFO 

[0m[32m[2024-08-06 17:17:46] INFO yes

[0m[32m[2024-08-06 17:17:46] INFO 

[0m[32m[2024-08-06 17:17:46] INFO yes

[0m[32m[2024-08-06 17:17:46] INFO 

[0m[32m[2024-08-06 17:17:46] INFO yes

[0m[32m[2024-08-06 17:17:46] INFO 

[0m[32m[2024-08-06 17:17:46] INFO yes

[0m[32m[2024-08-06 17:17:46] INFO 

[0m[32m[2024-08-06 17:17:46] INFO yes

[0m[32m[2024-08-06 17:17:46] INFO 

[0m[32m[2024-08-06 17:17:46] INFO yes

[0m[32m[2024-08-06 17:17:46] INFO 

[0m[32m[2024-08-06 17:17:46] INFO yes

[0m[32m[2024-08-06 17:17:46] INFO 

[0m[32m[2024-08-06 17:17:46] INFO yes

[0m[32m[2024-08-06 17:17:46] INFO 

[0m[32m[2024-08-06 17:17:46] INFO yes

[0m[32m[2024-08-06 17:17:46] INFO 

[0m[32m[2024-08-06 17:17:46] INFO yes

[0m[32m[2024-08-06 17:17:46] INFO 

[0m[32m[2024-08-06 17:17:46] INFO yes

[0m[32m[2024-08-06 17:17:46] INFO 

[0m[32m[2024-08-06 17:17:46] INFO yes

[0m[32m[2024-08-06 17:17:46] INFO 

[0m[32m[2024-08-06 17:17:46] INFO yes

[0m[32m[2024-08-06 17:17:46] INFO 

[0m[32m[2024-08-06 17:17:46] INFO yes

[0m[32m[2024-08-06 17:17:46] INFO 

[0m[32m[2024-08-06 17:17:46] INFO yes

[0m[32m[2024-08-06 17:17:46] INFO 

[0m[32m[2024-08-06 17:17:46] INFO yes

[0m[32m[2024-08-06 17:17:46] INFO 

[0m[32m[2024-08-06 17:17:46] INFO yes

[0m[32m[2024-08-06 17:17:46] INFO 

[0m[32m[2024-08-06 17:17:46] INFO yes

[0m[32m[2024-08-06 17:17:46] INFO 

[0m[32m[2024-08-06 17:17:46] INFO yes

[0m[32m[2024-08-06 17:17:46] INFO 

[0m[32m[2024-08-06 17:17:46] INFO yes

[0m[32m[2024-08-06 17:17:46] INFO 

[0m[32m[2024-08-06 17:17:46] INFO yes

[0m[32m[2024-08-06 17:17:46] INFO 

[0m[32m[2024-08-06 17:17:46] INFO yes

[0m[32m[2024-08-06 17:17:46] INFO 

[0m[32m[2024-08-06 17:17:46] INFO yes

[0m[32m[2024-08-06 17:17:46] INFO 

[0m[32m[2024-08-06 17:17:46] INFO yes

[0m[32m[2024-08-06 17:17:46] INFO 

[0m[32m[2024-08-06 17:17:46] INFO yes

[0m[32m[2024-08-06 17:17:46] INFO 

[0m[32m[2024-08-06 17:17:46] INFO yes

[0m[32m[2024-08-06 17:17:46] INFO 

[0m[32m[2024-08-06 17:17:46] INFO yes

[0m[32m[2024-08-06 17:17:46] INFO 

[0m[32m[2024-08-06 17:17:46] INFO yes

[0m[32m[2024-08-06 17:17:46] INFO 

[0m[32m[2024-08-06 17:17:46] INFO yes

[0m[32m[2024-08-06 17:17:46] INFO 

[0m[32m[2024-08-06 17:17:46] INFO yes

[0m[32m[2024-08-06 17:17:46] INFO 

[0m[32m[2024-08-06 17:17:46] INFO yes

[0m[32m[2024-08-06 17:17:46] INFO 

[0m[32m[2024-08-06 17:17:46] INFO yes

[0m[32m[2024-08-06 17:17:46] INFO 

[0m[32m[2024-08-06 17:17:46] INFO yes

[0m[32m[2024-08-06 17:17:46] INFO 

[0m[32m[2024-08-06 17:17:46] INFO yes

[0m[32m[2024-08-06 17:17:46] INFO 

[0m[32m[2024-08-06 17:17:46] INFO yes

[0m[32m[2024-08-06 17:17:46] INFO 

[0m[32m[2024-08-06 17:17:46] INFO yes

[0m[32m[2024-08-06 17:17:46] INFO 

[0m[32m[2024-08-06 17:17:46] INFO yes

[0m[32m[2024-08-06 17:17:46] INFO 

[0m[32m[2024-08-06 17:17:46] INFO yes

[0m[32m[2024-08-06 17:17:46] INFO 

[0m[32m[2024-08-06 17:17:46] INFO yes

[0m[32m[2024-08-06 17:17:46] INFO 

[0m[32m[2024-08-06 17:17:46] INFO yes

[0m[32m[2024-08-06 17:17:46] INFO 

[0m[32m[2024-08-06 17:17:46] INFO yes

[0m[32m[2024-08-06 17:17:46] INFO 

[0m[32m[2024-08-06 17:17:46] INFO yes

[0m[32m[2024-08-06 17:17:46] INFO 

[0m[32m[2024-08-06 17:17:46] INFO yes

[0m[32m[2024-08-06 17:17:46] INFO 

[0m[32m[2024-08-06 17:17:46] INFO yes

[0m[32m[2024-08-06 17:17:46] INFO 

[0m[32m[2024-08-06 17:17:46] INFO yes

[0m[32m[2024-08-06 17:17:46] INFO 

[0m[32m[2024-08-06 17:17:46] INFO yes

[0m[32m[2024-08-06 17:17:46] INFO 

[0m[32m[2024-08-06 17:17:46] INFO yes

[0m[32m[2024-08-06 17:17:46] INFO 

[0m[32m[2024-08-06 17:17:46] INFO yes

[0m[32m[2024-08-06 17:17:46] INFO 

[0m[32m[2024-08-06 17:17:46] INFO yes

[0m[32m[2024-08-06 17:17:46] INFO 

[0m[32m[2024-08-06 17:17:46] INFO yes

[0m[32m[2024-08-06 17:17:46] INFO 

[0m[32m[2024-08-06 17:17:46] INFO yes

[0m[32m[2024-08-06 17:17:46] INFO 

[0m[32m[2024-08-06 17:17:46] INFO yes

[0m[32m[2024-08-06 17:17:46] INFO 

[0m[32m[2024-08-06 17:17:46] INFO yes

[0m[32m[2024-08-06 17:17:46] INFO 

[0m[32m[2024-08-06 17:17:46] INFO yes

[0m[32m[2024-08-06 17:17:46] INFO 

[0m[32m[2024-08-06 17:17:46] INFO yes

[0m[32m[2024-08-06 17:17:46] INFO 

[0m[32m[2024-08-06 17:17:46] INFO yes

[0m[32m[2024-08-06 17:17:46] INFO 

[0m[32m[2024-08-06 17:17:46] INFO yes

[0m[32m[2024-08-06 17:17:46] INFO 

[0m[32m[2024-08-06 17:17:46] INFO yes

[0m[32m[2024-08-06 17:17:46] INFO 

[0m[32m[2024-08-06 17:17:46] INFO yes

[0m[32m[2024-08-06 17:17:46] INFO 

[0m[32m[2024-08-06 17:17:46] INFO yes

[0m[32m[2024-08-06 17:17:46] INFO 

[0m[32m[2024-08-06 17:17:46] INFO yes

[0m[32m[2024-08-06 17:17:46] INFO 

[0m[32m[2024-08-06 17:17:46] INFO yes

[0m[32m[2024-08-06 17:17:46] INFO 

[0m[32m[2024-08-06 17:17:46] INFO yes

[0m[32m[2024-08-06 17:17:46] INFO 

[0m[32m[2024-08-06 17:17:46] INFO yes

[0m[32m[2024-08-06 17:17:46] INFO 

[0m[32m[2024-08-06 17:17:46] INFO yes

[0m[32m[2024-08-06 17:17:46] INFO 

[0m[32m[2024-08-06 17:17:46] INFO yes

[0m[32m[2024-08-06 17:17:46] INFO 

[0m[32m[2024-08-06 17:17:46] INFO yes

[0m[32m[2024-08-06 17:17:46] INFO 

[0m[32m[2024-08-06 17:17:46] INFO yes

[0m[32m[2024-08-06 17:17:46] INFO 

[0m[32m[2024-08-06 17:17:46] INFO yes

[0m[32m[2024-08-06 17:17:46] INFO 

[0m[32m[2024-08-06 17:17:46] INFO yes

[0m[32m[2024-08-06 17:17:46] INFO 

[0m[32m[2024-08-06 17:17:46] INFO yes

[0m[32m[2024-08-06 17:17:46] INFO 

[0m[32m[2024-08-06 17:17:46] INFO yes

[0m[32m[2024-08-06 17:17:46] INFO 

[0m[32m[2024-08-06 17:17:46] INFO yes

[0m[32m[2024-08-06 17:17:46] INFO 

[0m[32m[2024-08-06 17:17:46] INFO yes

[0m[32m[2024-08-06 17:17:46] INFO 

[0m[32m[2024-08-06 17:17:46] INFO yes

[0m[32m[2024-08-06 17:17:46] INFO 

[0m[32m[2024-08-06 17:17:46] INFO yes

[0m[32m[2024-08-06 17:17:46] INFO 

[0m[32m[2024-08-06 17:17:46] INFO yes

[0m[32m[2024-08-06 17:17:46] INFO 

[0m[32m[2024-08-06 17:17:46] INFO yes

[0m[32m[2024-08-06 17:17:46] INFO 

[0m[32m[2024-08-06 17:17:46] INFO yes

[0m[32m[2024-08-06 17:17:46] INFO 

[0m[32m[2024-08-06 17:17:46] INFO yes

[0m[32m[2024-08-06 17:17:46] INFO 

[0m[32m[2024-08-06 17:17:46] INFO yes

[0m[32m[2024-08-06 17:17:46] INFO 

[0m[32m[2024-08-06 17:17:46] INFO yes

[0m[32m[2024-08-06 17:17:46] INFO 

[0m[32m[2024-08-06 17:17:46] INFO yes

[0m[32m[2024-08-06 17:17:46] INFO 

[0m[32m[2024-08-06 17:17:46] INFO yes

[0m[32m[2024-08-06 17:17:46] INFO 

[0m[32m[2024-08-06 17:17:46] INFO yes

[0m[32m[2024-08-06 17:17:46] INFO 

[0m[32m[2024-08-06 17:17:46] INFO yes

[0m[32m[2024-08-06 17:17:46] INFO 

[0m[32m[2024-08-06 17:17:46] INFO yes

[0m[32m[2024-08-06 17:17:46] INFO 

[0m[32m[2024-08-06 17:17:46] INFO yes

[0m[32m[2024-08-06 17:17:46] INFO 

[0m[32m[2024-08-06 17:17:46] INFO yes

[0m[32m[2024-08-06 17:17:46] INFO 

[0m[32m[2024-08-06 17:17:46] INFO yes

[0m[32m[2024-08-06 17:17:46] INFO 

[0m[32m[2024-08-06 17:17:46] INFO yes

[0m[32m[2024-08-06 17:17:46] INFO 

[0m[32m[2024-08-06 17:17:46] INFO yes

[0m[32m[2024-08-06 17:17:46] INFO 

[0m[32m[2024-08-06 17:17:46] INFO yes

[0m[32m[2024-08-06 17:17:46] INFO 

[0m[32m[2024-08-06 17:17:46] INFO yes

[0m[32m[2024-08-06 17:17:46] INFO 

[0m[32m[2024-08-06 17:17:46] INFO yes

[0m[32m[2024-08-06 17:17:46] INFO 

[0m[32m[2024-08-06 17:17:46] INFO yes

[0m[32m[2024-08-06 17:17:46] INFO 

[0m[32m[2024-08-06 17:17:46] INFO yes

[0m[32m[2024-08-06 17:17:46] INFO 

[0m[32m[2024-08-06 17:17:46] INFO yes

[0m[32m[2024-08-06 17:17:46] INFO 

[0m[32m[2024-08-06 17:17:46] INFO yes

[0m[32m[2024-08-06 17:17:46] INFO 

[0m[32m[2024-08-06 17:17:46] INFO yes

[0m[32m[2024-08-06 17:17:46] INFO 

[0m[32m[2024-08-06 17:17:46] INFO yes

[0m[32m[2024-08-06 17:17:46] INFO 

[0m[32m[2024-08-06 17:17:46] INFO yes

[0m[32m[2024-08-06 17:17:46] INFO 

[0m[32m[2024-08-06 17:17:46] INFO yes

[0m[32m[2024-08-06 17:17:46] INFO 

[0m[32m[2024-08-06 17:17:46] INFO yes

[0m[32m[2024-08-06 17:17:46] INFO 

[0m[32m[2024-08-06 17:17:46] INFO yes

[0m[32m[2024-08-06 17:17:46] INFO 

[0m[32m[2024-08-06 17:17:46] INFO yes

[0m[32m[2024-08-06 17:17:46] INFO 

[0m[32m[2024-08-06 17:17:46] INFO yes

[0m[32m[2024-08-06 17:17:46] INFO 

[0m[32m[2024-08-06 17:17:46] INFO yes

[0m[32m[2024-08-06 17:17:46] INFO 

[0m[32m[2024-08-06 17:17:46] INFO yes

[0m[32m[2024-08-06 17:17:46] INFO 

[0m[32m[2024-08-06 17:17:46] INFO yes

[0m[32m[2024-08-06 17:17:46] INFO 

[0m[32m[2024-08-06 17:17:46] INFO yes

[0m[32m[2024-08-06 17:17:46] INFO 

[0m[32m[2024-08-06 17:17:46] INFO yes

[0m[32m[2024-08-06 17:17:46] INFO 

[0m[32m[2024-08-06 17:17:46] INFO yes

[0m[32m[2024-08-06 17:17:46] INFO 

[0m[32m[2024-08-06 17:17:46] INFO yes

[0m[32m[2024-08-06 17:17:46] INFO 

[0m[32m[2024-08-06 17:17:46] INFO yes

[0m[32m[2024-08-06 17:17:46] INFO 

[0m[32m[2024-08-06 17:17:46] INFO yes

[0m[32m[2024-08-06 17:17:46] INFO 

[0m[32m[2024-08-06 17:17:46] INFO yes

[0m[32m[2024-08-06 17:17:46] INFO 

[0m[32m[2024-08-06 17:17:46] INFO yes

[0m[32m[2024-08-06 17:17:46] INFO 

[0m[32m[2024-08-06 17:17:46] INFO yes

[0m[32m[2024-08-06 17:17:46] INFO 

[0m[32m[2024-08-06 17:17:46] INFO yes

[0m[32m[2024-08-06 17:17:46] INFO 

[0m[32m[2024-08-06 17:17:46] INFO yes

[0m[32m[2024-08-06 17:17:46] INFO 

[0m[32m[2024-08-06 17:17:46] INFO yes

[0m[32m[2024-08-06 17:17:46] INFO 

[0m[32m[2024-08-06 17:17:46] INFO yes

[0m[32m[2024-08-06 17:17:46] INFO 

[0m[32m[2024-08-06 17:17:46] INFO yes

[0m[32m[2024-08-06 17:17:46] INFO 

[0m[32m[2024-08-06 17:17:46] INFO yes

[0m[32m[2024-08-06 17:17:46] INFO 

[0m[32m[2024-08-06 17:17:46] INFO yes

[0m[32m[2024-08-06 17:17:46] INFO 

[0m[32m[2024-08-06 17:17:46] INFO yes

[0m[32m[2024-08-06 17:17:46] INFO 

[0m[32m[2024-08-06 17:17:46] INFO yes

[0m[32m[2024-08-06 17:17:46] INFO 

[0m[32m[2024-08-06 17:17:46] INFO yes

[0m[32m[2024-08-06 17:17:46] INFO 

[0m[32m[2024-08-06 17:17:46] INFO 17:17:43 CST message: [registry]

[0m[32m[2024-08-06 17:17:46] INFO Greetings, KubeKey!

[0m[32m[2024-08-06 17:17:46] INFO 17:17:43 CST message: [node1]

[0m[32m[2024-08-06 17:17:46] INFO Greetings, KubeKey!

[0m[32m[2024-08-06 17:17:46] INFO 17:17:43 CST success: [registry]

[0m[32m[2024-08-06 17:17:46] INFO 17:17:43 CST success: [node1]

[0m[32m[2024-08-06 17:17:46] INFO 17:17:43 CST [NodePreCheckModule] A pre-check on nodes

[0m[32m[2024-08-06 17:17:50] INFO 17:17:47 CST success: [node1]

[0m[32m[2024-08-06 17:17:50] INFO 17:17:47 CST success: [registry]

[0m[32m[2024-08-06 17:17:50] INFO 17:17:47 CST [ConfirmModule] Display confirmation form

[0m[32m[2024-08-06 17:17:50] INFO +----------+------+------+---------+----------+-------+-------+---------+-----------+--------+---------+------------+------------+-------------+------------------+--------------+

[0m[32m[2024-08-06 17:17:50] INFO | name     | sudo | curl | openssl | ebtables | socat | ipset | ipvsadm | conntrack | chrony | docker  | containerd | nfs client | ceph client | glusterfs client | time         |

[0m[32m[2024-08-06 17:17:50] INFO +----------+------+------+---------+----------+-------+-------+---------+-----------+--------+---------+------------+------------+-------------+------------------+--------------+

[0m[32m[2024-08-06 17:17:50] INFO | node1    | y    | y    | y       | y        | y     | y     | y       | y         | y      |         | v1.6.4     | y          |             |                  | CST 17:17:47 |

[0m[32m[2024-08-06 17:17:50] INFO | registry | y    | y    | y       | y        | y     | y     | y       | y         | y      | 20.10.8 | v1.4.9     | y          |             |                  | CST 17:17:47 |

[0m[32m[2024-08-06 17:17:50] INFO +----------+------+------+---------+----------+-------+-------+---------+-----------+--------+---------+------------+------------+-------------+------------------+--------------+

[0m[32m[2024-08-06 17:17:50] INFO 

[0m[32m[2024-08-06 17:17:50] INFO This is a simple check of your environment.

[0m[32m[2024-08-06 17:17:50] INFO Before installation, ensure that your machines meet all requirements specified at

[0m[32m[2024-08-06 17:17:50] INFO https://github.com/kubesphere/kubekey#requirements-and-recommendations

[0m[32m[2024-08-06 17:17:50] INFO 

[0m[32m[2024-08-06 17:17:50] INFO 17:17:47 CST success: [LocalHost]

[0m[32m[2024-08-06 17:17:50] INFO 17:17:47 CST [UnArchiveArtifactModule] Check the KubeKey artifact md5 value

[0m[32m[2024-08-06 17:18:18] INFO 17:18:14 CST success: [LocalHost]

[0m[32m[2024-08-06 17:18:18] INFO 17:18:14 CST [UnArchiveArtifactModule] UnArchive the KubeKey artifact

[0m[32m[2024-08-06 17:18:18] INFO 17:18:14 CST skipped: [LocalHost]

[0m[32m[2024-08-06 17:18:18] INFO 17:18:14 CST [UnArchiveArtifactModule] Create the KubeKey artifact Md5 file

[0m[32m[2024-08-06 17:18:18] INFO 17:18:14 CST skipped: [LocalHost]

[0m[32m[2024-08-06 17:18:18] INFO 17:18:14 CST [RepositoryModule] Get OS release

[0m[32m[2024-08-06 17:18:18] INFO 17:18:15 CST success: [node1]

[0m[32m[2024-08-06 17:18:18] INFO 17:18:15 CST success: [registry]

[0m[32m[2024-08-06 17:18:18] INFO 17:18:15 CST [RepositoryModule] Sync repository iso file to all nodes

[0m[32m[2024-08-06 17:18:36] INFO 17:18:32 CST success: [registry]

[0m[32m[2024-08-06 17:18:36] INFO 17:18:32 CST success: [node1]

[0m[32m[2024-08-06 17:18:36] INFO 17:18:32 CST [RepositoryModule] Mount iso file

[0m[32m[2024-08-06 17:18:36] INFO 17:18:33 CST success: [node1]

[0m[32m[2024-08-06 17:18:36] INFO 17:18:33 CST success: [registry]

[0m[32m[2024-08-06 17:18:36] INFO 17:18:33 CST [RepositoryModule] New repository client

[0m[32m[2024-08-06 17:18:37] INFO 17:18:34 CST success: [registry]

[0m[32m[2024-08-06 17:18:37] INFO 17:18:34 CST success: [node1]

[0m[32m[2024-08-06 17:18:37] INFO 17:18:34 CST [RepositoryModule] Backup original repository

[0m[32m[2024-08-06 17:18:38] INFO 17:18:34 CST success: [registry]

[0m[32m[2024-08-06 17:18:38] INFO 17:18:34 CST success: [node1]

[0m[32m[2024-08-06 17:18:38] INFO 17:18:34 CST [RepositoryModule] Add local repository

[0m[32m[2024-08-06 17:18:39] INFO 17:18:36 CST stdout: [node1]

[0m[32m[2024-08-06 17:18:39] INFO 5 files removed

[0m[32m[2024-08-06 17:18:39] INFO CentOS7.6-local   ---  B/s |   0  B     --:-- ETACentOS7.6-local    55 MB/s | 362 kB     00:00    

[0m[32m[2024-08-06 17:18:39] INFO Metadata cache created.

[0m[32m[2024-08-06 17:18:40] INFO 17:18:36 CST stdout: [registry]

[0m[32m[2024-08-06 17:18:40] INFO 5 files removed

[0m[32m[2024-08-06 17:18:40] INFO CentOS7.6-local   ---  B/s |   0  B     --:-- ETACentOS7.6-local    86 MB/s | 362 kB     00:00    

[0m[32m[2024-08-06 17:18:40] INFO Metadata cache created.

[0m[32m[2024-08-06 17:18:40] INFO 17:18:36 CST success: [node1]

[0m[32m[2024-08-06 17:18:40] INFO 17:18:36 CST success: [registry]

[0m[32m[2024-08-06 17:18:40] INFO 17:18:36 CST [RepositoryModule] Install packages

[0m[32m[2024-08-06 17:18:41] INFO 17:18:37 CST stdout: [node1]

[0m[32m[2024-08-06 17:18:41] INFO Last metadata expiration check: 0:00:01 ago on Tue 06 Aug 2024 05:18:36 PM CST.

[0m[32m[2024-08-06 17:18:41] INFO Package openssl-1:1.1.1k-9.uel20.21.x86_64 is already installed.

[0m[32m[2024-08-06 17:18:41] INFO Package socat-1.7.3.2-8.up1.uel20.x86_64 is already installed.

[0m[32m[2024-08-06 17:18:41] INFO Package conntrack-tools-1.4.6-3.uel20.x86_64 is already installed.

[0m[32m[2024-08-06 17:18:41] INFO Package ipset-7.6-0.uel20.02.x86_64 is already installed.

[0m[32m[2024-08-06 17:18:41] INFO Package ebtables-2.0.11-8.uel20.01.x86_64 is already installed.

[0m[32m[2024-08-06 17:18:41] INFO Package chrony-3.5-4.uel20.x86_64 is already installed.

[0m[32m[2024-08-06 17:18:41] INFO Package ipvsadm-1.31-4.uel20.x86_64 is already installed.

[0m[32m[2024-08-06 17:18:41] INFO Dependencies resolved.

[0m[32m[2024-08-06 17:18:41] INFO Nothing to do.

[0m[32m[2024-08-06 17:18:41] INFO Complete!

[0m[32m[2024-08-06 17:18:41] INFO 17:18:37 CST stdout: [registry]

[0m[32m[2024-08-06 17:18:41] INFO Last metadata expiration check: 0:00:01 ago on Tue 06 Aug 2024 05:18:36 PM CST.

[0m[32m[2024-08-06 17:18:41] INFO Package openssl-1:1.1.1k-9.uel20.21.x86_64 is already installed.

[0m[32m[2024-08-06 17:18:41] INFO Package socat-1.7.3.2-8.up1.uel20.x86_64 is already installed.

[0m[32m[2024-08-06 17:18:41] INFO Package conntrack-tools-1.4.6-3.uel20.x86_64 is already installed.

[0m[32m[2024-08-06 17:18:41] INFO Package ipset-7.6-0.uel20.02.x86_64 is already installed.

[0m[32m[2024-08-06 17:18:41] INFO Package ebtables-2.0.11-8.uel20.01.x86_64 is already installed.

[0m[32m[2024-08-06 17:18:41] INFO Package chrony-3.5-4.uel20.x86_64 is already installed.

[0m[32m[2024-08-06 17:18:41] INFO Package ipvsadm-1.31-4.uel20.x86_64 is already installed.

[0m[32m[2024-08-06 17:18:41] INFO Dependencies resolved.

[0m[32m[2024-08-06 17:18:41] INFO Nothing to do.

[0m[32m[2024-08-06 17:18:41] INFO Complete!

[0m[32m[2024-08-06 17:18:41] INFO 17:18:37 CST success: [node1]

[0m[32m[2024-08-06 17:18:41] INFO 17:18:37 CST success: [registry]

[0m[32m[2024-08-06 17:18:41] INFO 17:18:37 CST [RepositoryModule] Reset repository to the original repository

[0m[32m[2024-08-06 17:18:42] INFO 17:18:38 CST success: [registry]

[0m[32m[2024-08-06 17:18:42] INFO 17:18:38 CST success: [node1]

[0m[32m[2024-08-06 17:18:42] INFO 17:18:38 CST [RepositoryModule] Umount ISO file

[0m[32m[2024-08-06 17:18:42] INFO 17:18:38 CST success: [registry]

[0m[32m[2024-08-06 17:18:42] INFO 17:18:38 CST success: [node1]

[0m[32m[2024-08-06 17:18:42] INFO 17:18:38 CST [NodeBinariesModule] Download installation binaries

[0m[32m[2024-08-06 17:18:42] INFO 17:18:38 CST message: [localhost]

[0m[32m[2024-08-06 17:18:42] INFO downloading amd64 kubeadm v1.24.9 ...

[0m[32m[2024-08-06 17:18:42] INFO 17:18:39 CST message: [localhost]

[0m[32m[2024-08-06 17:18:42] INFO kubeadm is existed

[0m[32m[2024-08-06 17:18:42] INFO 17:18:39 CST message: [localhost]

[0m[32m[2024-08-06 17:18:42] INFO downloading amd64 kubelet v1.24.9 ...

[0m[32m[2024-08-06 17:18:43] INFO 17:18:39 CST message: [localhost]

[0m[32m[2024-08-06 17:18:43] INFO kubelet is existed

[0m[32m[2024-08-06 17:18:43] INFO 17:18:39 CST message: [localhost]

[0m[32m[2024-08-06 17:18:43] INFO downloading amd64 kubectl v1.24.9 ...

[0m[32m[2024-08-06 17:18:43] INFO 17:18:40 CST message: [localhost]

[0m[32m[2024-08-06 17:18:43] INFO kubectl is existed

[0m[32m[2024-08-06 17:18:43] INFO 17:18:40 CST message: [localhost]

[0m[32m[2024-08-06 17:18:43] INFO downloading amd64 helm v3.9.0 ...

[0m[32m[2024-08-06 17:18:43] INFO 17:18:40 CST message: [localhost]

[0m[32m[2024-08-06 17:18:43] INFO helm is existed

[0m[32m[2024-08-06 17:18:43] INFO 17:18:40 CST message: [localhost]

[0m[32m[2024-08-06 17:18:43] INFO downloading amd64 kubecni v0.9.1 ...

[0m[32m[2024-08-06 17:18:44] INFO 17:18:40 CST message: [localhost]

[0m[32m[2024-08-06 17:18:44] INFO kubecni is existed

[0m[32m[2024-08-06 17:18:44] INFO 17:18:40 CST message: [localhost]

[0m[32m[2024-08-06 17:18:44] INFO downloading amd64 crictl v1.24.0 ...

[0m[32m[2024-08-06 17:18:44] INFO 17:18:40 CST message: [localhost]

[0m[32m[2024-08-06 17:18:44] INFO crictl is existed

[0m[32m[2024-08-06 17:18:44] INFO 17:18:40 CST message: [localhost]

[0m[32m[2024-08-06 17:18:44] INFO downloading amd64 etcd v3.4.13 ...

[0m[32m[2024-08-06 17:18:44] INFO 17:18:40 CST message: [localhost]

[0m[32m[2024-08-06 17:18:44] INFO etcd is existed

[0m[32m[2024-08-06 17:18:44] INFO 17:18:40 CST message: [localhost]

[0m[32m[2024-08-06 17:18:44] INFO downloading amd64 containerd 1.6.4 ...

[0m[32m[2024-08-06 17:18:44] INFO 17:18:41 CST message: [localhost]

[0m[32m[2024-08-06 17:18:44] INFO containerd is existed

[0m[32m[2024-08-06 17:18:44] INFO 17:18:41 CST message: [localhost]

[0m[32m[2024-08-06 17:18:44] INFO downloading amd64 runc v1.1.1 ...

[0m[32m[2024-08-06 17:18:44] INFO 17:18:41 CST message: [localhost]

[0m[32m[2024-08-06 17:18:44] INFO runc is existed

[0m[32m[2024-08-06 17:18:44] INFO 17:18:41 CST success: [LocalHost]

[0m[32m[2024-08-06 17:18:44] INFO 17:18:41 CST [ConfigureOSModule] Get OS release

[0m[32m[2024-08-06 17:18:44] INFO 17:18:41 CST success: [node1]

[0m[32m[2024-08-06 17:18:44] INFO 17:18:41 CST success: [registry]

[0m[32m[2024-08-06 17:18:44] INFO 17:18:41 CST [ConfigureOSModule] Prepare to init OS

[0m[32m[2024-08-06 17:18:51] INFO 17:18:47 CST success: [registry]

[0m[32m[2024-08-06 17:18:51] INFO 17:18:47 CST success: [node1]

[0m[32m[2024-08-06 17:18:51] INFO 17:18:47 CST [ConfigureOSModule] Generate init os script

[0m[32m[2024-08-06 17:18:51] INFO 17:18:47 CST message: [registry]

[0m[32m[2024-08-06 17:18:51] INFO write file /home/wangzhendong/cluster1/kubekey/registry/initOS.sh failed: open /home/wangzhendong/cluster1/kubekey/registry/initOS.sh: permission denied

[0m[32m[2024-08-06 17:18:51] INFO 17:18:47 CST retry: [registry]

[0m[32m[2024-08-06 17:18:56] INFO 17:18:52 CST message: [registry]

[0m[32m[2024-08-06 17:18:56] INFO write file /home/wangzhendong/cluster1/kubekey/registry/initOS.sh failed: open /home/wangzhendong/cluster1/kubekey/registry/initOS.sh: permission denied

[0m[32m[2024-08-06 17:18:56] INFO 17:18:52 CST retry: [registry]

[0m[32m[2024-08-06 17:19:01] INFO 17:18:57 CST message: [registry]

[0m[32m[2024-08-06 17:19:01] INFO write file /home/wangzhendong/cluster1/kubekey/registry/initOS.sh failed: open /home/wangzhendong/cluster1/kubekey/registry/initOS.sh: permission denied

[0m[32m[2024-08-06 17:19:01] INFO 17:18:57 CST success: [node1]

[0m[32m[2024-08-06 17:19:01] INFO 17:18:57 CST failed: [registry]

[0m[32m[2024-08-06 17:19:01] INFO Pipeline Done

[0m[32m[2024-08-06 17:19:01] INFO 
[0m[32m[2024-08-06 17:19:01] INFO error: Pipeline[CreateClusterPipeline] execute failed: Module[ConfigureOSModule] exec failed: 

[0m[32m[2024-08-06 17:19:01] INFO failed: [registry] [GenerateScript] exec failed after 3 retires: write file /home/wangzhendong/cluster1/kubekey/registry/initOS.sh failed: open /home/wangzhendong/cluster1/kubekey/registry/initOS.sh: permission denied

[0m