[31m[2024-09-04 10:58:24] ERROR Error creating kubernetes client: couldn't get version/kind; json parse error: json: cannot unmarshal string into Go value of type struct { APIVersion string "json:\"apiVersion,omitempty\""; Kind string "json:\"kind,omitempty\"" }
[0m[31m[2024-09-04 10:58:25] ERROR Error creating kubernetes client: couldn't get version/kind; json parse error: json: cannot unmarshal string into Go value of type struct { APIVersion string "json:\"apiVersion,omitempty\""; Kind string "json:\"kind,omitempty\"" }
[0m[32m[2024-09-04 10:58:25] INFO [Recovery] 2024/09/04 - 10:58:25 panic recovered:
runtime error: invalid memory address or nil pointer dereference
C:/Users/Administrator/gomod/pkg/mod/github.com/gin-gonic/gin@v1.9.1/gin.go:620 (0xd7ee29)
	(*Engine).handleHTTPRequest: c.writermem.WriteHeaderNow()
C:/Users/Administrator/gomod/pkg/mod/github.com/gin-gonic/gin@v1.9.1/gin.go:576 (0xd7e8fb)
	(*Engine).ServeHTTP: 
C:/Program Files/Go/src/net/http/server.go:3210 (0x8b8d76)
	serverHandler.ServeHTTP: }
C:/Program Files/Go/src/net/http/server.go:2092 (0x887054)
	(*conn).serve: inFlightResponse = nil
C:/Program Files/Go/src/runtime/asm_amd64.s:1700 (0x340da0)
	goexit: CALL	runtime·goexit1(SB)	// does not return
[0m
[0m[32m[2024-09-04 10:58:25] INFO [Recovery] 2024/09/04 - 10:58:25 panic recovered:
runtime error: invalid memory address or nil pointer dereference
C:/Users/Administrator/gomod/pkg/mod/github.com/gin-gonic/gin@v1.9.1/gin.go:620 (0xd7ee29)
	(*Engine).handleHTTPRequest: c.writermem.WriteHeaderNow()
C:/Users/Administrator/gomod/pkg/mod/github.com/gin-gonic/gin@v1.9.1/gin.go:576 (0xd7e8fb)
	(*Engine).ServeHTTP: 
C:/Program Files/Go/src/net/http/server.go:3210 (0x8b8d76)
	serverHandler.ServeHTTP: }
C:/Program Files/Go/src/net/http/server.go:2092 (0x887054)
	(*conn).serve: inFlightResponse = nil
C:/Program Files/Go/src/runtime/asm_amd64.s:1700 (0x340da0)
	goexit: CALL	runtime·goexit1(SB)	// does not return
[0m
[0m[31m[2024-09-04 10:58:58] ERROR Error creating kubernetes client: couldn't get version/kind; json parse error: json: cannot unmarshal string into Go value of type struct { APIVersion string "json:\"apiVersion,omitempty\""; Kind string "json:\"kind,omitempty\"" }
[0m[32m[2024-09-04 10:58:58] INFO [Recovery] 2024/09/04 - 10:58:58 panic recovered:
runtime error: invalid memory address or nil pointer dereference
C:/Users/Administrator/gomod/pkg/mod/github.com/gin-gonic/gin@v1.9.1/gin.go:620 (0xd7ee29)
	(*Engine).handleHTTPRequest: c.writermem.WriteHeaderNow()
C:/Users/Administrator/gomod/pkg/mod/github.com/gin-gonic/gin@v1.9.1/gin.go:576 (0xd7e8fb)
	(*Engine).ServeHTTP: 
C:/Program Files/Go/src/net/http/server.go:3210 (0x8b8d76)
	serverHandler.ServeHTTP: }
C:/Program Files/Go/src/net/http/server.go:2092 (0x887054)
	(*conn).serve: inFlightResponse = nil
C:/Program Files/Go/src/runtime/asm_amd64.s:1700 (0x340da0)
	goexit: CALL	runtime·goexit1(SB)	// does not return
[0m
[0m[32m[2024-09-04 10:59:14] INFO {{0 2024-09-04 10:59:07.134595 +0800 CST m=+94.896618901 0001-01-01 00:00:00 +0000 UTC {0001-01-01 00:00:00 +0000 UTC false}} example_user 1725418754 /api/v1/kubernetes/apply /api/v1/kubernetes/apply example_module POST No description available for this endpoint.}
[0m[32m[2024-09-04 10:59:14] INFO 
[0m[32m[2024-09-04 11:02:23] INFO {{0 2024-09-04 10:59:17.4289879 +0800 CST m=+105.191011801 0001-01-01 00:00:00 +0000 UTC {0001-01-01 00:00:00 +0000 UTC false}} example_user 1725418943 /api/v1/kubernetes/apply /api/v1/kubernetes/apply example_module POST No description available for this endpoint.}
[0m[32m[2024-09-04 11:02:23] INFO 
[0m