[31m[2024-09-13 16:37:38] ERROR failed to create group: 409
[0m[31m[2024-09-13 16:37:38] ERROR Creating group failed: failed to  create group: 409 Conflict
[0m[31m[2024-09-13 16:37:38] ERROR Create group failed: failed to  create group: 409 Conflict
[0m[32m[2024-09-13 16:37:38] INFO [Recovery] 2024/09/13 - 16:37:38 panic recovered:
POST /api/v1/keycloak/group HTTP/1.1
Host: localhost:8080
Accept: */*
Accept-Encoding: gzip, deflate, br
Connection: keep-alive
Content-Length: 242
Content-Type: application/json
User-Agent: Apifox/1.0.0 (https://apifox.com)


failed to  create group: 409 Conflict
C:/Users/Administrator/gomod/pkg/mod/github.com/gin-gonic/gin@v1.9.1/gin.go:620 (0xbaf029)
	(*Engine).handleHTTPRequest: c.writermem.WriteHeaderNow()
C:/Users/Administrator/gomod/pkg/mod/github.com/gin-gonic/gin@v1.9.1/gin.go:576 (0xbaeafb)
	(*Engine).ServeHTTP: 
C:/Program Files/Go/src/net/http/server.go:3210 (0x6e8d16)
	serverHandler.ServeHTTP: }
C:/Program Files/Go/src/net/http/server.go:2092 (0x6b6ff4)
	(*conn).serve: inFlightResponse = nil
C:/Program Files/Go/src/runtime/asm_amd64.s:1700 (0x170d40)
	goexit: CALL	runtime·goexit1(SB)	// does not return
[0m
[0m