[31m[2024-10-11 13:55:42] ERROR Remote output: PRETTY_NAME="UOS Server 20"
[0m[31m[2024-10-11 13:55:42] ERROR Remote output: NAME="UOS Server 20"
[0m[31m[2024-10-11 13:55:42] ERROR Remote output: VERSION_ID="20"
[0m[31m[2024-10-11 13:55:42] ERROR Remote output: VERSION="20"
[0m[31m[2024-10-11 13:55:42] ERROR Remote output: ID=uos
[0m[31m[2024-10-11 13:55:42] ERROR Remote output: HOME_URL="https://www.chinauos.com/"
[0m[31m[2024-10-11 13:55:42] ERROR Remote output: BUG_REPORT_URL="https://bbs.chinauos.com/"
[0m[31m[2024-10-11 13:55:42] ERROR Remote output: VERSION_CODENAME=fuyu
[0m[31m[2024-10-11 13:55:42] ERROR Remote output: PLATFORM_ID="platform:uel20"
[0m[31m[2024-10-11 13:55:42] ERROR Remote output: x86_64
[0m[31m[2024-10-11 13:55:42] ERROR Remote output:  12th Gen Intel(R) Core(TM) i9-12900T
[0m[31m[2024-10-11 13:55:42] ERROR Remote output: 2
[0m[31m[2024-10-11 13:55:42] ERROR Remote output: 3735
[0m[31m[2024-10-11 13:55:42] ERROR Remote output: 70G
[0m[31m[2024-10-11 13:55:43] ERROR Remote output: lo
[0m[31m[2024-10-11 13:55:43] ERROR Remote output: ens33
[0m[31m[2024-10-11 13:55:45] ERROR Remote output: br
[0m[31m[2024-10-11 13:55:45] ERROR Remote output: br
[0m[31m[2024-10-11 13:55:45] ERROR Remote output: docker0
[0m[31m[2024-10-11 13:55:45] ERROR Remote output: br
[0m[31m[2024-10-11 13:55:45] ERROR Remote output: br
[0m[31m[2024-10-11 13:55:45] ERROR Remote output: veth1bba4eb
[0m[31m[2024-10-11 13:55:45] ERROR Remote output: veth53ba1ed
[0m[31m[2024-10-11 13:55:45] ERROR Remote output: veth3059e98
[0m[31m[2024-10-11 13:55:45] ERROR Remote output: vethbf188f0
[0m[31m[2024-10-11 13:55:45] ERROR Remote output: vethb4a4d61
[0m[31m[2024-10-11 13:55:45] ERROR Remote output: vethcc2e818
[0m[31m[2024-10-11 13:55:45] ERROR Remote output: veth6d255f3
[0m[31m[2024-10-11 13:55:45] ERROR Remote output: veth9568652
[0m[31m[2024-10-11 13:55:45] ERROR Remote output: veth057bb2c
[0m[31m[2024-10-11 13:55:45] ERROR Remote output: vethf9a4341
[0m[31m[2024-10-11 13:55:45] ERROR Remote output: vethdd97970
[0m[31m[2024-10-11 13:55:45] ERROR Remote output: vethdadd5d3
[0m[31m[2024-10-11 13:55:45] ERROR Remote output: vetha1c62c1
[0m[31m[2024-10-11 13:55:45] ERROR Remote output: vethd1d43e7
[0m[31m[2024-10-11 13:55:45] ERROR Remote output: vetheaf403a
[0m[31m[2024-10-11 13:55:45] ERROR Remote output: vethd1f1be2
[0m[31m[2024-10-11 13:55:45] ERROR Remote output: vethf6f3043
[0m[31m[2024-10-11 13:55:45] ERROR Remote output: veth19ab246
[0m[31m[2024-10-11 13:55:45] ERROR Remote output: vethf8a728f
[0m[31m[2024-10-11 13:55:45] ERROR Remote output: veth1630930
[0m[31m[2024-10-11 13:55:45] ERROR Remote output: wangzhendong
[0m[31m[2024-10-11 13:56:06] ERROR Remote output: sudo: a terminal is required to read the password; either use the -S option to read from standard input or configure an askpass helper
[0m[31m[2024-10-11 13:56:06] ERROR Failed to execute command: Process exited with status 1
[0m[31m[2024-10-11 13:56:33] ERROR Failed to generate dir /home/wangzhendong/taichu/wangcluster: Process exited with status 1
[0m[32m[2024-10-11 13:56:33] INFO error: Unable to open the given cluster configuration file: open /home/wangzhendong/homewangzhendongtaichuwangclusterconfig-sample.yaml: no such file or directory

[0m[31m[2024-10-11 13:56:33] ERROR SSH command execution failed: Process exited with status 1
[0m[31m[2024-10-11 13:56:33] ERROR Failed to delete cluster wangcluster: Process exited with status 1
[0m[31m[2024-10-11 13:56:33] ERROR Pipeline Done

[0m[32m[2024-10-11 13:56:33] INFO Method: GET | Path: /api/ws/v1/cluster/delete | Status: 200 | Duration: 59.6076531s | IP: 127.0.0.1

[0m[32m[2024-10-11 13:56:33] INFO {{0 2024-10-11 13:55:34.1246831 +0800 CST m=+2.921469201 0001-01-01 00:00:00 +0000 UTC {0001-01-01 00:00:00 +0000 UTC false}} example_user 1728626193 /api/ws/v1/cluster/delete /api/ws/v1/cluster/delete example_module GET No description available for this endpoint.}
[0m