[31m[2024-08-06 17:03:11] ERROR 17:03:08 CST [GreetingsModule] Greetings

[0m[32m[2024-08-06 17:03:11] INFO 

[0m[32m[2024-08-06 17:03:11] INFO 

[0m[32m[2024-08-06 17:03:11] INFO  _   __      _          _   __           

[0m[32m[2024-08-06 17:03:11] INFO | | / /     | |        | | / /           

[0m[32m[2024-08-06 17:03:11] INFO | |/ / _   _| |__   ___| |/ /  ___ _   _ 

[0m[32m[2024-08-06 17:03:11] INFO |    \| | | | '_ \ / _ \    \ / _ \ | | |

[0m[32m[2024-08-06 17:03:11] INFO | |\  \ |_| | |_) |  __/ |\  \  __/ |_| |

[0m[32m[2024-08-06 17:03:11] INFO \_| \_/\__,_|_.__/ \___\_| \_/\___|\__, |

[0m[32m[2024-08-06 17:03:11] INFO                                     __/ |

[0m[32m[2024-08-06 17:03:11] INFO                                    |___/

[0m[32m[2024-08-06 17:03:11] INFO 

[0m[31m[2024-08-06 17:03:12] ERROR 17:03:08 CST message: [registry]

[0m[31m[2024-08-06 17:03:12] ERROR Greetings, KubeKey!

[0m[31m[2024-08-06 17:03:12] ERROR 17:03:08 CST message: [node1]

[0m[31m[2024-08-06 17:03:12] ERROR Greetings, KubeKey!

[0m[31m[2024-08-06 17:03:12] ERROR 17:03:08 CST success: [registry]

[0m[31m[2024-08-06 17:03:12] ERROR 17:03:08 CST success: [node1]

[0m[31m[2024-08-06 17:03:12] ERROR 17:03:08 CST [NodePreCheckModule] A pre-check on nodes

[0m[31m[2024-08-06 17:03:15] ERROR 17:03:11 CST success: [registry]

[0m[31m[2024-08-06 17:03:15] ERROR 17:03:11 CST success: [node1]

[0m[32m[2024-08-06 17:03:15] INFO +----------+------+------+---------+----------+-------+-------+---------+-----------+--------+---------+------------+------------+-------------+------------------+--------------+

[0m[31m[2024-08-06 17:03:15] ERROR 17:03:11 CST [ConfirmModule] Display confirmation form

[0m[32m[2024-08-06 17:03:15] INFO | name     | sudo | curl | openssl | ebtables | socat | ipset | ipvsadm | conntrack | chrony | docker  | containerd | nfs client | ceph client | glusterfs client | time         |

[0m[31m[2024-08-06 17:03:15] ERROR 17:03:11 CST success: [LocalHost]

[0m[32m[2024-08-06 17:03:15] INFO +----------+------+------+---------+----------+-------+-------+---------+-----------+--------+---------+------------+------------+-------------+------------------+--------------+

[0m[31m[2024-08-06 17:03:15] ERROR 17:03:11 CST [UnArchiveArtifactModule] Check the KubeKey artifact md5 value

[0m[32m[2024-08-06 17:03:15] INFO | node1    | y    | y    | y       | y        | y     | y     | y       | y         | y      |         | v1.6.4     | y          |             |                  | CST 17:03:12 |

[0m[32m[2024-08-06 17:03:15] INFO | registry | y    | y    | y       | y        | y     | y     | y       | y         | y      | 20.10.8 | v1.4.9     | y          |             |                  | CST 17:03:11 |

[0m[32m[2024-08-06 17:03:15] INFO +----------+------+------+---------+----------+-------+-------+---------+-----------+--------+---------+------------+------------+-------------+------------------+--------------+

[0m[32m[2024-08-06 17:03:15] INFO 

[0m[32m[2024-08-06 17:03:15] INFO This is a simple check of your environment.

[0m[32m[2024-08-06 17:03:15] INFO Before installation, ensure that your machines meet all requirements specified at

[0m[32m[2024-08-06 17:03:15] INFO https://github.com/kubesphere/kubekey#requirements-and-recommendations

[0m[32m[2024-08-06 17:03:15] INFO 

[0m[31m[2024-08-06 17:03:42] ERROR 17:03:38 CST success: [LocalHost]

[0m[31m[2024-08-06 17:03:42] ERROR 17:03:38 CST [UnArchiveArtifactModule] UnArchive the KubeKey artifact

[0m[31m[2024-08-06 17:03:42] ERROR 17:03:38 CST skipped: [LocalHost]

[0m[31m[2024-08-06 17:03:42] ERROR 17:03:38 CST [UnArchiveArtifactModule] Create the KubeKey artifact Md5 file

[0m[31m[2024-08-06 17:03:42] ERROR 17:03:38 CST skipped: [LocalHost]

[0m[31m[2024-08-06 17:03:42] ERROR 17:03:38 CST [RepositoryModule] Get OS release

[0m[31m[2024-08-06 17:03:42] ERROR 17:03:38 CST success: [node1]

[0m[31m[2024-08-06 17:03:42] ERROR 17:03:38 CST success: [registry]

[0m[31m[2024-08-06 17:03:42] ERROR 17:03:38 CST [RepositoryModule] Sync repository iso file to all nodes

[0m[31m[2024-08-06 17:04:00] ERROR 17:03:57 CST success: [registry]

[0m[31m[2024-08-06 17:04:00] ERROR 17:03:57 CST success: [node1]

[0m[31m[2024-08-06 17:04:00] ERROR 17:03:57 CST [RepositoryModule] Mount iso file

[0m[31m[2024-08-06 17:04:01] ERROR 17:03:57 CST success: [registry]

[0m[31m[2024-08-06 17:04:01] ERROR 17:03:57 CST success: [node1]

[0m[31m[2024-08-06 17:04:01] ERROR 17:03:57 CST [RepositoryModule] New repository client

[0m[31m[2024-08-06 17:04:02] ERROR 17:03:58 CST success: [node1]

[0m[31m[2024-08-06 17:04:02] ERROR 17:03:58 CST success: [registry]

[0m[31m[2024-08-06 17:04:02] ERROR 17:03:58 CST [RepositoryModule] Backup original repository

[0m[31m[2024-08-06 17:04:02] ERROR 17:03:59 CST success: [node1]

[0m[31m[2024-08-06 17:04:02] ERROR 17:03:59 CST success: [registry]

[0m[31m[2024-08-06 17:04:02] ERROR 17:03:59 CST [RepositoryModule] Add local repository

[0m[31m[2024-08-06 17:04:04] ERROR 17:04:00 CST stdout: [registry]

[0m[31m[2024-08-06 17:04:04] ERROR 5 files removed

[0m[31m[2024-08-06 17:04:04] ERROR CentOS7.6-local   ---  B/s |   0  B     --:-- ETACentOS7.6-local    89 MB/s | 362 kB     00:00    

[0m[31m[2024-08-06 17:04:04] ERROR Metadata cache created.

[0m[31m[2024-08-06 17:04:04] ERROR 17:04:00 CST stdout: [node1]

[0m[31m[2024-08-06 17:04:04] ERROR 5 files removed

[0m[31m[2024-08-06 17:04:04] ERROR CentOS7.6-local   ---  B/s |   0  B     --:-- ETACentOS7.6-local    77 MB/s | 362 kB     00:00    

[0m[31m[2024-08-06 17:04:04] ERROR Metadata cache created.

[0m[31m[2024-08-06 17:04:04] ERROR 17:04:00 CST success: [registry]

[0m[31m[2024-08-06 17:04:04] ERROR 17:04:00 CST success: [node1]

[0m[31m[2024-08-06 17:04:04] ERROR 17:04:00 CST [RepositoryModule] Install packages

[0m[31m[2024-08-06 17:04:05] ERROR 17:04:01 CST stdout: [node1]

[0m[31m[2024-08-06 17:04:05] ERROR Last metadata expiration check: 0:00:01 ago on Tue 06 Aug 2024 05:04:00 PM CST.

[0m[31m[2024-08-06 17:04:05] ERROR Package openssl-1:1.1.1k-9.uel20.21.x86_64 is already installed.

[0m[31m[2024-08-06 17:04:05] ERROR Package socat-1.7.3.2-8.up1.uel20.x86_64 is already installed.

[0m[31m[2024-08-06 17:04:05] ERROR Package conntrack-tools-1.4.6-3.uel20.x86_64 is already installed.

[0m[31m[2024-08-06 17:04:05] ERROR Package ipset-7.6-0.uel20.02.x86_64 is already installed.

[0m[31m[2024-08-06 17:04:05] ERROR Package ebtables-2.0.11-8.uel20.01.x86_64 is already installed.

[0m[31m[2024-08-06 17:04:05] ERROR Package chrony-3.5-4.uel20.x86_64 is already installed.

[0m[31m[2024-08-06 17:04:05] ERROR Package ipvsadm-1.31-4.uel20.x86_64 is already installed.

[0m[31m[2024-08-06 17:04:05] ERROR Dependencies resolved.

[0m[31m[2024-08-06 17:04:05] ERROR Nothing to do.

[0m[31m[2024-08-06 17:04:05] ERROR Complete!

[0m[31m[2024-08-06 17:04:05] ERROR 17:04:01 CST stdout: [registry]

[0m[31m[2024-08-06 17:04:05] ERROR Last metadata expiration check: 0:00:01 ago on Tue 06 Aug 2024 05:04:00 PM CST.

[0m[31m[2024-08-06 17:04:05] ERROR Package openssl-1:1.1.1k-9.uel20.21.x86_64 is already installed.

[0m[31m[2024-08-06 17:04:05] ERROR Package socat-1.7.3.2-8.up1.uel20.x86_64 is already installed.

[0m[31m[2024-08-06 17:04:05] ERROR Package conntrack-tools-1.4.6-3.uel20.x86_64 is already installed.

[0m[31m[2024-08-06 17:04:05] ERROR Package ipset-7.6-0.uel20.02.x86_64 is already installed.

[0m[31m[2024-08-06 17:04:05] ERROR Package ebtables-2.0.11-8.uel20.01.x86_64 is already installed.

[0m[31m[2024-08-06 17:04:05] ERROR Package chrony-3.5-4.uel20.x86_64 is already installed.

[0m[31m[2024-08-06 17:04:05] ERROR Package ipvsadm-1.31-4.uel20.x86_64 is already installed.

[0m[31m[2024-08-06 17:04:05] ERROR Dependencies resolved.

[0m[31m[2024-08-06 17:04:05] ERROR Nothing to do.

[0m[31m[2024-08-06 17:04:05] ERROR Complete!

[0m[31m[2024-08-06 17:04:05] ERROR 17:04:01 CST success: [node1]

[0m[31m[2024-08-06 17:04:05] ERROR 17:04:01 CST success: [registry]

[0m[31m[2024-08-06 17:04:05] ERROR 17:04:01 CST [RepositoryModule] Reset repository to the original repository

[0m[31m[2024-08-06 17:04:06] ERROR 17:04:02 CST success: [registry]

[0m[31m[2024-08-06 17:04:06] ERROR 17:04:02 CST success: [node1]

[0m[31m[2024-08-06 17:04:06] ERROR 17:04:02 CST [RepositoryModule] Umount ISO file

[0m[31m[2024-08-06 17:04:06] ERROR 17:04:03 CST success: [registry]

[0m[31m[2024-08-06 17:04:06] ERROR 17:04:03 CST success: [node1]

[0m[31m[2024-08-06 17:04:06] ERROR 17:04:03 CST [NodeBinariesModule] Download installation binaries

[0m[31m[2024-08-06 17:04:06] ERROR 17:04:03 CST message: [localhost]

[0m[31m[2024-08-06 17:04:06] ERROR downloading amd64 kubeadm v1.24.9 ...

[0m[31m[2024-08-06 17:04:07] ERROR 17:04:03 CST message: [localhost]

[0m[31m[2024-08-06 17:04:07] ERROR kubeadm is existed

[0m[31m[2024-08-06 17:04:07] ERROR 17:04:03 CST message: [localhost]

[0m[31m[2024-08-06 17:04:07] ERROR downloading amd64 kubelet v1.24.9 ...

[0m[31m[2024-08-06 17:04:07] ERROR 17:04:04 CST message: [localhost]

[0m[31m[2024-08-06 17:04:07] ERROR kubelet is existed

[0m[31m[2024-08-06 17:04:07] ERROR 17:04:04 CST message: [localhost]

[0m[31m[2024-08-06 17:04:07] ERROR downloading amd64 kubectl v1.24.9 ...

[0m[31m[2024-08-06 17:04:07] ERROR 17:04:04 CST message: [localhost]

[0m[31m[2024-08-06 17:04:07] ERROR kubectl is existed

[0m[31m[2024-08-06 17:04:07] ERROR 17:04:04 CST message: [localhost]

[0m[31m[2024-08-06 17:04:07] ERROR downloading amd64 helm v3.9.0 ...

[0m[31m[2024-08-06 17:04:08] ERROR 17:04:04 CST message: [localhost]

[0m[31m[2024-08-06 17:04:08] ERROR helm is existed

[0m[31m[2024-08-06 17:04:08] ERROR 17:04:04 CST message: [localhost]

[0m[31m[2024-08-06 17:04:08] ERROR downloading amd64 kubecni v0.9.1 ...

[0m[31m[2024-08-06 17:04:08] ERROR 17:04:04 CST message: [localhost]

[0m[31m[2024-08-06 17:04:08] ERROR kubecni is existed

[0m[31m[2024-08-06 17:04:08] ERROR 17:04:04 CST message: [localhost]

[0m[31m[2024-08-06 17:04:08] ERROR downloading amd64 crictl v1.24.0 ...

[0m[31m[2024-08-06 17:04:08] ERROR 17:04:04 CST message: [localhost]

[0m[31m[2024-08-06 17:04:08] ERROR crictl is existed

[0m[31m[2024-08-06 17:04:08] ERROR 17:04:04 CST message: [localhost]

[0m[31m[2024-08-06 17:04:08] ERROR downloading amd64 etcd v3.4.13 ...

[0m[31m[2024-08-06 17:04:08] ERROR 17:04:04 CST message: [localhost]

[0m[31m[2024-08-06 17:04:08] ERROR etcd is existed

[0m[31m[2024-08-06 17:04:08] ERROR 17:04:04 CST message: [localhost]

[0m[31m[2024-08-06 17:04:08] ERROR downloading amd64 containerd 1.6.4 ...

[0m[31m[2024-08-06 17:04:08] ERROR 17:04:05 CST message: [localhost]

[0m[31m[2024-08-06 17:04:08] ERROR containerd is existed

[0m[31m[2024-08-06 17:04:08] ERROR 17:04:05 CST message: [localhost]

[0m[31m[2024-08-06 17:04:08] ERROR downloading amd64 runc v1.1.1 ...

[0m[31m[2024-08-06 17:04:08] ERROR 17:04:05 CST message: [localhost]

[0m[31m[2024-08-06 17:04:08] ERROR runc is existed

[0m[31m[2024-08-06 17:04:08] ERROR 17:04:05 CST success: [LocalHost]

[0m[31m[2024-08-06 17:04:08] ERROR 17:04:05 CST [ConfigureOSModule] Get OS release

[0m[31m[2024-08-06 17:04:09] ERROR 17:04:05 CST success: [node1]

[0m[31m[2024-08-06 17:04:09] ERROR 17:04:05 CST success: [registry]

[0m[31m[2024-08-06 17:04:09] ERROR 17:04:05 CST [ConfigureOSModule] Prepare to init OS

[0m[31m[2024-08-06 17:04:15] ERROR 17:04:11 CST success: [registry]

[0m[31m[2024-08-06 17:04:15] ERROR 17:04:11 CST success: [node1]

[0m[31m[2024-08-06 17:04:15] ERROR 17:04:11 CST [ConfigureOSModule] Generate init os script

[0m[31m[2024-08-06 17:04:15] ERROR 17:04:11 CST message: [registry]

[0m[31m[2024-08-06 17:04:15] ERROR write file /home/wangzhendong/cluster1/kubekey/registry/initOS.sh failed: open /home/wangzhendong/cluster1/kubekey/registry/initOS.sh: permission denied

[0m[31m[2024-08-06 17:04:15] ERROR 17:04:11 CST retry: [registry]

[0m[31m[2024-08-06 17:04:20] ERROR 17:04:16 CST message: [registry]

[0m[31m[2024-08-06 17:04:20] ERROR write file /home/wangzhendong/cluster1/kubekey/registry/initOS.sh failed: open /home/wangzhendong/cluster1/kubekey/registry/initOS.sh: permission denied

[0m[31m[2024-08-06 17:04:20] ERROR 17:04:16 CST retry: [registry]

[0m[31m[2024-08-06 17:04:25] ERROR 17:04:21 CST message: [registry]

[0m[31m[2024-08-06 17:04:25] ERROR write file /home/wangzhendong/cluster1/kubekey/registry/initOS.sh failed: open /home/wangzhendong/cluster1/kubekey/registry/initOS.sh: permission denied

[0m[31m[2024-08-06 17:04:25] ERROR 17:04:21 CST success: [node1]

[0m[31m[2024-08-06 17:04:25] ERROR 17:04:21 CST failed: [registry]

[0m[31m[2024-08-06 17:04:25] ERROR error: Pipeline[CreateClusterPipeline] execute failed: Module[ConfigureOSModule] exec failed: 

[0m[31m[2024-08-06 17:04:25] ERROR failed: [registry] [GenerateScript] exec failed after 3 retires: write file /home/wangzhendong/cluster1/kubekey/registry/initOS.sh failed: open /home/wangzhendong/cluster1/kubekey/registry/initOS.sh: permission denied

[0m[32m[2024-08-06 17:04:25] INFO Pipeline Done

[0m[32m[2024-08-06 17:04:25] INFO 
[0m[31m[2024-08-06 17:09:15] ERROR 17:09:12 CST [GreetingsModule] Greetings

[0m[32m[2024-08-06 17:09:15] INFO 

[0m[32m[2024-08-06 17:09:15] INFO 

[0m[32m[2024-08-06 17:09:15] INFO  _   __      _          _   __           

[0m[32m[2024-08-06 17:09:15] INFO | | / /     | |        | | / /           

[0m[32m[2024-08-06 17:09:15] INFO | |/ / _   _| |__   ___| |/ /  ___ _   _ 

[0m[32m[2024-08-06 17:09:15] INFO |    \| | | | '_ \ / _ \    \ / _ \ | | |

[0m[32m[2024-08-06 17:09:15] INFO | |\  \ |_| | |_) |  __/ |\  \  __/ |_| |

[0m[32m[2024-08-06 17:09:15] INFO \_| \_/\__,_|_.__/ \___\_| \_/\___|\__, |

[0m[32m[2024-08-06 17:09:15] INFO                                     __/ |

[0m[32m[2024-08-06 17:09:15] INFO                                    |___/

[0m[32m[2024-08-06 17:09:15] INFO 

[0m[31m[2024-08-06 17:09:16] ERROR 17:09:12 CST message: [node1]

[0m[31m[2024-08-06 17:09:16] ERROR Greetings, KubeKey!

[0m[31m[2024-08-06 17:09:16] ERROR 17:09:13 CST message: [registry]

[0m[31m[2024-08-06 17:09:16] ERROR Greetings, KubeKey!

[0m[31m[2024-08-06 17:09:16] ERROR 17:09:13 CST success: [node1]

[0m[31m[2024-08-06 17:09:16] ERROR 17:09:13 CST success: [registry]

[0m[31m[2024-08-06 17:09:16] ERROR 17:09:13 CST [NodePreCheckModule] A pre-check on nodes

[0m[32m[2024-08-06 17:09:19] INFO +----------+------+------+---------+----------+-------+-------+---------+-----------+--------+---------+------------+------------+-------------+------------------+--------------+

[0m[32m[2024-08-06 17:09:19] INFO | name     | sudo | curl | openssl | ebtables | socat | ipset | ipvsadm | conntrack | chrony | docker  | containerd | nfs client | ceph client | glusterfs client | time         |

[0m[31m[2024-08-06 17:09:19] ERROR 17:09:16 CST success: [registry]

[0m[32m[2024-08-06 17:09:19] INFO +----------+------+------+---------+----------+-------+-------+---------+-----------+--------+---------+------------+------------+-------------+------------------+--------------+

[0m[31m[2024-08-06 17:09:19] ERROR 17:09:16 CST success: [node1]

[0m[32m[2024-08-06 17:09:19] INFO | registry | y    | y    | y       | y        | y     | y     | y       | y         | y      | 20.10.8 | v1.4.9     | y          |             |                  | CST 17:09:16 |

[0m[31m[2024-08-06 17:09:19] ERROR 17:09:16 CST [ConfirmModule] Display confirmation form

[0m[32m[2024-08-06 17:09:19] INFO | node1    | y    | y    | y       | y        | y     | y     | y       | y         | y      |         | v1.6.4     | y          |             |                  | CST 17:09:16 |

[0m[31m[2024-08-06 17:09:19] ERROR 17:09:16 CST success: [LocalHost]

[0m[32m[2024-08-06 17:09:19] INFO +----------+------+------+---------+----------+-------+-------+---------+-----------+--------+---------+------------+------------+-------------+------------------+--------------+

[0m[31m[2024-08-06 17:09:19] ERROR 17:09:16 CST [UnArchiveArtifactModule] Check the KubeKey artifact md5 value

[0m[32m[2024-08-06 17:09:19] INFO 

[0m[32m[2024-08-06 17:09:19] INFO This is a simple check of your environment.

[0m[32m[2024-08-06 17:09:19] INFO Before installation, ensure that your machines meet all requirements specified at

[0m[32m[2024-08-06 17:09:19] INFO https://github.com/kubesphere/kubekey#requirements-and-recommendations

[0m[32m[2024-08-06 17:09:19] INFO 

[0m[31m[2024-08-06 17:09:46] ERROR 17:09:42 CST success: [LocalHost]

[0m[31m[2024-08-06 17:09:46] ERROR 17:09:42 CST [UnArchiveArtifactModule] UnArchive the KubeKey artifact

[0m[31m[2024-08-06 17:09:46] ERROR 17:09:42 CST skipped: [LocalHost]

[0m[31m[2024-08-06 17:09:46] ERROR 17:09:42 CST [UnArchiveArtifactModule] Create the KubeKey artifact Md5 file

[0m[31m[2024-08-06 17:09:46] ERROR 17:09:42 CST skipped: [LocalHost]

[0m[31m[2024-08-06 17:09:46] ERROR 17:09:42 CST [RepositoryModule] Get OS release

[0m[31m[2024-08-06 17:09:46] ERROR 17:09:42 CST success: [node1]

[0m[31m[2024-08-06 17:09:46] ERROR 17:09:42 CST success: [registry]

[0m[31m[2024-08-06 17:09:46] ERROR 17:09:42 CST [RepositoryModule] Sync repository iso file to all nodes

[0m[31m[2024-08-06 17:10:04] ERROR 17:10:01 CST success: [registry]

[0m[31m[2024-08-06 17:10:04] ERROR 17:10:01 CST success: [node1]

[0m[31m[2024-08-06 17:10:04] ERROR 17:10:01 CST [RepositoryModule] Mount iso file

[0m[31m[2024-08-06 17:10:05] ERROR 17:10:01 CST success: [node1]

[0m[31m[2024-08-06 17:10:05] ERROR 17:10:01 CST success: [registry]

[0m[31m[2024-08-06 17:10:05] ERROR 17:10:01 CST [RepositoryModule] New repository client

[0m[31m[2024-08-06 17:10:05] ERROR 17:10:02 CST success: [registry]

[0m[31m[2024-08-06 17:10:05] ERROR 17:10:02 CST success: [node1]

[0m[31m[2024-08-06 17:10:05] ERROR 17:10:02 CST [RepositoryModule] Backup original repository

[0m[31m[2024-08-06 17:10:06] ERROR 17:10:02 CST success: [node1]

[0m[31m[2024-08-06 17:10:06] ERROR 17:10:02 CST success: [registry]

[0m[31m[2024-08-06 17:10:06] ERROR 17:10:02 CST [RepositoryModule] Add local repository

[0m[31m[2024-08-06 17:10:07] ERROR 17:10:03 CST stdout: [registry]

[0m[31m[2024-08-06 17:10:07] ERROR 5 files removed

[0m[31m[2024-08-06 17:10:07] ERROR CentOS7.6-local   ---  B/s |   0  B     --:-- ETACentOS7.6-local    73 MB/s | 362 kB     00:00    

[0m[31m[2024-08-06 17:10:07] ERROR Metadata cache created.

[0m[31m[2024-08-06 17:10:07] ERROR 17:10:03 CST stdout: [node1]

[0m[31m[2024-08-06 17:10:07] ERROR 5 files removed

[0m[31m[2024-08-06 17:10:07] ERROR CentOS7.6-local   ---  B/s |   0  B     --:-- ETACentOS7.6-local    78 MB/s | 362 kB     00:00    

[0m[31m[2024-08-06 17:10:07] ERROR Metadata cache created.

[0m[31m[2024-08-06 17:10:07] ERROR 17:10:03 CST success: [registry]

[0m[31m[2024-08-06 17:10:07] ERROR 17:10:03 CST success: [node1]

[0m[31m[2024-08-06 17:10:07] ERROR 17:10:03 CST [RepositoryModule] Install packages

[0m[31m[2024-08-06 17:10:08] ERROR 17:10:04 CST stdout: [registry]

[0m[31m[2024-08-06 17:10:08] ERROR Last metadata expiration check: 0:00:01 ago on Tue 06 Aug 2024 05:10:03 PM CST.

[0m[31m[2024-08-06 17:10:08] ERROR Package openssl-1:1.1.1k-9.uel20.21.x86_64 is already installed.

[0m[31m[2024-08-06 17:10:08] ERROR Package socat-1.7.3.2-8.up1.uel20.x86_64 is already installed.

[0m[31m[2024-08-06 17:10:08] ERROR Package conntrack-tools-1.4.6-3.uel20.x86_64 is already installed.

[0m[31m[2024-08-06 17:10:08] ERROR Package ipset-7.6-0.uel20.02.x86_64 is already installed.

[0m[31m[2024-08-06 17:10:08] ERROR Package ebtables-2.0.11-8.uel20.01.x86_64 is already installed.

[0m[31m[2024-08-06 17:10:08] ERROR Package chrony-3.5-4.uel20.x86_64 is already installed.

[0m[31m[2024-08-06 17:10:08] ERROR Package ipvsadm-1.31-4.uel20.x86_64 is already installed.

[0m[31m[2024-08-06 17:10:08] ERROR Dependencies resolved.

[0m[31m[2024-08-06 17:10:08] ERROR Nothing to do.

[0m[31m[2024-08-06 17:10:08] ERROR Complete!

[0m[31m[2024-08-06 17:10:08] ERROR 17:10:04 CST stdout: [node1]

[0m[31m[2024-08-06 17:10:08] ERROR Last metadata expiration check: 0:00:01 ago on Tue 06 Aug 2024 05:10:03 PM CST.

[0m[31m[2024-08-06 17:10:08] ERROR Package openssl-1:1.1.1k-9.uel20.21.x86_64 is already installed.

[0m[31m[2024-08-06 17:10:08] ERROR Package socat-1.7.3.2-8.up1.uel20.x86_64 is already installed.

[0m[31m[2024-08-06 17:10:08] ERROR Package conntrack-tools-1.4.6-3.uel20.x86_64 is already installed.

[0m[31m[2024-08-06 17:10:08] ERROR Package ipset-7.6-0.uel20.02.x86_64 is already installed.

[0m[31m[2024-08-06 17:10:08] ERROR Package ebtables-2.0.11-8.uel20.01.x86_64 is already installed.

[0m[31m[2024-08-06 17:10:08] ERROR Package chrony-3.5-4.uel20.x86_64 is already installed.

[0m[31m[2024-08-06 17:10:08] ERROR Package ipvsadm-1.31-4.uel20.x86_64 is already installed.

[0m[31m[2024-08-06 17:10:08] ERROR Dependencies resolved.

[0m[31m[2024-08-06 17:10:08] ERROR Nothing to do.

[0m[31m[2024-08-06 17:10:08] ERROR Complete!

[0m[31m[2024-08-06 17:10:08] ERROR 17:10:04 CST success: [registry]

[0m[31m[2024-08-06 17:10:08] ERROR 17:10:04 CST success: [node1]

[0m[31m[2024-08-06 17:10:08] ERROR 17:10:04 CST [RepositoryModule] Reset repository to the original repository

[0m[31m[2024-08-06 17:10:08] ERROR 17:10:05 CST success: [registry]

[0m[31m[2024-08-06 17:10:08] ERROR 17:10:05 CST success: [node1]

[0m[31m[2024-08-06 17:10:08] ERROR 17:10:05 CST [RepositoryModule] Umount ISO file

[0m[31m[2024-08-06 17:10:08] ERROR 17:10:05 CST success: [registry]

[0m[31m[2024-08-06 17:10:08] ERROR 17:10:05 CST success: [node1]

[0m[31m[2024-08-06 17:10:08] ERROR 17:10:05 CST [NodeBinariesModule] Download installation binaries

[0m[31m[2024-08-06 17:10:08] ERROR 17:10:05 CST message: [localhost]

[0m[31m[2024-08-06 17:10:08] ERROR downloading amd64 kubeadm v1.24.9 ...

[0m[31m[2024-08-06 17:10:09] ERROR 17:10:05 CST message: [localhost]

[0m[31m[2024-08-06 17:10:09] ERROR kubeadm is existed

[0m[31m[2024-08-06 17:10:09] ERROR 17:10:05 CST message: [localhost]

[0m[31m[2024-08-06 17:10:09] ERROR downloading amd64 kubelet v1.24.9 ...

[0m[31m[2024-08-06 17:10:09] ERROR 17:10:06 CST message: [localhost]

[0m[31m[2024-08-06 17:10:09] ERROR kubelet is existed

[0m[31m[2024-08-06 17:10:09] ERROR 17:10:06 CST message: [localhost]

[0m[31m[2024-08-06 17:10:09] ERROR downloading amd64 kubectl v1.24.9 ...

[0m[31m[2024-08-06 17:10:09] ERROR 17:10:06 CST message: [localhost]

[0m[31m[2024-08-06 17:10:09] ERROR kubectl is existed

[0m[31m[2024-08-06 17:10:09] ERROR 17:10:06 CST message: [localhost]

[0m[31m[2024-08-06 17:10:09] ERROR downloading amd64 helm v3.9.0 ...

[0m[31m[2024-08-06 17:10:10] ERROR 17:10:06 CST message: [localhost]

[0m[31m[2024-08-06 17:10:10] ERROR helm is existed

[0m[31m[2024-08-06 17:10:10] ERROR 17:10:06 CST message: [localhost]

[0m[31m[2024-08-06 17:10:10] ERROR downloading amd64 kubecni v0.9.1 ...

[0m[31m[2024-08-06 17:10:10] ERROR 17:10:06 CST message: [localhost]

[0m[31m[2024-08-06 17:10:10] ERROR kubecni is existed

[0m[31m[2024-08-06 17:10:10] ERROR 17:10:06 CST message: [localhost]

[0m[31m[2024-08-06 17:10:10] ERROR downloading amd64 crictl v1.24.0 ...

[0m[31m[2024-08-06 17:10:10] ERROR 17:10:06 CST message: [localhost]

[0m[31m[2024-08-06 17:10:10] ERROR crictl is existed

[0m[31m[2024-08-06 17:10:10] ERROR 17:10:06 CST message: [localhost]

[0m[31m[2024-08-06 17:10:10] ERROR downloading amd64 etcd v3.4.13 ...

[0m[31m[2024-08-06 17:10:10] ERROR 17:10:06 CST message: [localhost]

[0m[31m[2024-08-06 17:10:10] ERROR etcd is existed

[0m[31m[2024-08-06 17:10:10] ERROR 17:10:06 CST message: [localhost]

[0m[31m[2024-08-06 17:10:10] ERROR downloading amd64 containerd 1.6.4 ...

[0m[31m[2024-08-06 17:10:10] ERROR 17:10:06 CST message: [localhost]

[0m[31m[2024-08-06 17:10:10] ERROR containerd is existed

[0m[31m[2024-08-06 17:10:10] ERROR 17:10:06 CST message: [localhost]

[0m[31m[2024-08-06 17:10:10] ERROR downloading amd64 runc v1.1.1 ...

[0m[31m[2024-08-06 17:10:10] ERROR 17:10:07 CST message: [localhost]

[0m[31m[2024-08-06 17:10:10] ERROR runc is existed

[0m[31m[2024-08-06 17:10:10] ERROR 17:10:07 CST success: [LocalHost]

[0m[31m[2024-08-06 17:10:10] ERROR 17:10:07 CST [ConfigureOSModule] Get OS release

[0m[31m[2024-08-06 17:10:10] ERROR 17:10:07 CST success: [node1]

[0m[31m[2024-08-06 17:10:10] ERROR 17:10:07 CST success: [registry]

[0m[31m[2024-08-06 17:10:10] ERROR 17:10:07 CST [ConfigureOSModule] Prepare to init OS

[0m[31m[2024-08-06 17:10:15] ERROR 17:10:11 CST success: [registry]

[0m[31m[2024-08-06 17:10:15] ERROR 17:10:11 CST success: [node1]

[0m[31m[2024-08-06 17:10:15] ERROR 17:10:11 CST [ConfigureOSModule] Generate init os script

[0m[31m[2024-08-06 17:10:15] ERROR 17:10:11 CST message: [registry]

[0m[31m[2024-08-06 17:10:15] ERROR write file /home/wangzhendong/cluster1/kubekey/registry/initOS.sh failed: open /home/wangzhendong/cluster1/kubekey/registry/initOS.sh: permission denied

[0m[31m[2024-08-06 17:10:15] ERROR 17:10:11 CST retry: [registry]

[0m[31m[2024-08-06 17:10:20] ERROR 17:10:16 CST message: [registry]

[0m[31m[2024-08-06 17:10:20] ERROR write file /home/wangzhendong/cluster1/kubekey/registry/initOS.sh failed: open /home/wangzhendong/cluster1/kubekey/registry/initOS.sh: permission denied

[0m[31m[2024-08-06 17:10:20] ERROR 17:10:16 CST retry: [registry]

[0m[31m[2024-08-06 17:10:25] ERROR 17:10:21 CST message: [registry]

[0m[31m[2024-08-06 17:10:25] ERROR write file /home/wangzhendong/cluster1/kubekey/registry/initOS.sh failed: open /home/wangzhendong/cluster1/kubekey/registry/initOS.sh: permission denied

[0m[31m[2024-08-06 17:10:25] ERROR 17:10:21 CST success: [node1]

[0m[31m[2024-08-06 17:10:25] ERROR 17:10:21 CST failed: [registry]

[0m[31m[2024-08-06 17:10:25] ERROR error: Pipeline[CreateClusterPipeline] execute failed: Module[ConfigureOSModule] exec failed: 

[0m[31m[2024-08-06 17:10:25] ERROR failed: [registry] [GenerateScript] exec failed after 3 retires: write file /home/wangzhendong/cluster1/kubekey/registry/initOS.sh failed: open /home/wangzhendong/cluster1/kubekey/registry/initOS.sh: permission denied

[0m[32m[2024-08-06 17:10:25] INFO Pipeline Done

[0m[32m[2024-08-06 17:10:25] INFO 
[0m