[31m[2024-08-19 10:37:43] ERROR Read /etc/kubernetes/manifests/kube-apiserver.yaml failed
[0m[31m[2024-08-19 10:37:43] ERROR Failed to configure apiserver node1: open /etc/kubernetes/manifests/kube-apiserver.yaml: The system cannot find the path specified.
[0m[31m[2024-08-19 10:37:43] ERROR Configure apiserver failed: open /etc/kubernetes/manifests/kube-apiserver.yaml: The system cannot find the path specified.
[0m[32m[2024-08-19 10:37:43] INFO [Recovery] 2024/08/19 - 10:37:43 panic recovered:
open /etc/kubernetes/manifests/kube-apiserver.yaml: The system cannot find the path specified.
C:/Users/Administrator/gomod/pkg/mod/github.com/toolkits/pkg@v1.3.7/errorx/errorx.go:40 (0xf511b5)
	Dangerous: }
C:/Users/Administrator/gomod/pkg/mod/github.com/toolkits/pkg@v1.3.7/ginx/errorx.go:10 (0xf845b4)
	Dangerous: }
C:/Users/Administrator/workspace/previous/work/work/workspace/mykubespray/pkg/controller/apiserver.go:38 (0xf84596)
	ConfigureApiServer: }
C:/Users/Administrator/gomod/pkg/mod/github.com/gin-gonic/gin@v1.9.1/context.go:174 (0xf792cb)
	(*Context).Next: c.index++
C:/Users/Administrator/workspace/previous/work/work/workspace/mykubespray/pkg/aop/logrus.go:62 (0xf792a8)
	Logrus.func1: //结束时间
C:/Users/Administrator/gomod/pkg/mod/github.com/gin-gonic/gin@v1.9.1/context.go:174 (0xf7837a)
	(*Context).Next: c.index++
C:/Users/Administrator/workspace/previous/work/work/workspace/mykubespray/pkg/aop/recovery.go:94 (0xf78366)
	CustomRecoveryWithWriter.func1: }
C:/Users/Administrator/gomod/pkg/mod/github.com/gin-gonic/gin@v1.9.1/context.go:174 (0xf47b0a)
	(*Context).Next: c.index++
C:/Users/Administrator/gomod/pkg/mod/github.com/gin-gonic/gin@v1.9.1/gin.go:620 (0xf47791)
	(*Engine).handleHTTPRequest: c.writermem.WriteHeaderNow()
C:/Users/Administrator/gomod/pkg/mod/github.com/gin-gonic/gin@v1.9.1/gin.go:576 (0xf472bc)
	(*Engine).ServeHTTP: 
C:/Program Files/Go/src/net/http/server.go:2936 (0xc166f5)
	serverHandler.ServeHTTP: }
C:/Program Files/Go/src/net/http/server.go:1995 (0xc11c11)
	(*conn).serve: inFlightResponse = nil
C:/Program Files/Go/src/runtime/asm_amd64.s:1598 (0x9978c0)
	goexit: CALL	runtime·goexit1(SB)	// does not return
[0m
[0m