[31m[2024-09-13 16:29:18] ERROR failed to create group: 409
[0m[31m[2024-09-13 16:29:18] ERROR Creating group failed: failed to  create group: 409 Conflict
[0m[31m[2024-09-13 16:29:18] ERROR Create group failed: failed to  create group: 409 Conflict
[0m[32m[2024-09-13 16:29:18] INFO [Recovery] 2024/09/13 - 16:29:18 panic recovered:
POST /api/v1/keycloak/group HTTP/1.1
Host: localhost:8080
Accept: */*
Accept-Encoding: gzip, deflate, br
Connection: keep-alive
Content-Length: 241
Content-Type: application/json
User-Agent: Apifox/1.0.0 (https://apifox.com)


failed to  create group: 409 Conflict
C:/Users/Administrator/gomod/pkg/mod/github.com/gin-gonic/gin@v1.9.1/gin.go:620 (0x10d1d04)
	(*Engine).handleHTTPRequest: c.writermem.WriteHeaderNow()
C:/Users/Administrator/gomod/pkg/mod/github.com/gin-gonic/gin@v1.9.1/gin.go:576 (0x10d1851)
	(*Engine).ServeHTTP: 
C:/Program Files/Go/src/net/http/server.go:3210 (0xdb2dcd)
	serverHandler.ServeHTTP: }
C:/Program Files/Go/src/net/http/server.go:2092 (0xd922ef)
	(*conn).serve: inFlightResponse = nil
C:/Program Files/Go/src/runtime/asm_amd64.s:1700 (0xa98d00)
	goexit: CALL	runtime·goexit1(SB)	// does not return
[0m
[0m[32m[2024-09-13 16:29:28] INFO {{0 2024-09-13 16:29:28.2562765 +0800 CST m=+18.343861401 0001-01-01 00:00:00 +0000 UTC {0001-01-01 00:00:00 +0000 UTC false}} example_user 1726216168 /api/v1/keycloak/group /api/v1/keycloak/group example_module POST No description available for this endpoint.}
[0m[32m[2024-09-13 16:29:28] INFO 
[0m