[31m[2024-08-19 11:52:53] ERROR unmarshal data apiVersion: v1
kind: Pod
metadata:
  annotations:
    kubeadm.kubernetes.io/kube-apiserver.advertise-address.endpoint: 192.168.227.161:6443
  creationTimestamp: null
  labels:
    component: kube-apiserver
    tier: control-plane
  name: kube-apiserver
  namespace: kube-system
spec:
  containers:
  - command:
    - kube-apiserver
    - --advertise-address=192.168.227.161
    - --allow-privileged=true
    - --audit-log-maxage=30
    - --audit-log-maxbackup=10
    - --audit-log-maxsize=100
    - --authorization-mode=Node,RBAC
    - --bind-address=0.0.0.0
    - --client-ca-file=/etc/kubernetes/pki/ca.crt
    - --enable-admission-plugins=NodeRestriction
    - --enable-bootstrap-token-auth=true
    - --etcd-cafile=/etc/ssl/etcd/ssl/ca.pem
    - --etcd-certfile=/etc/ssl/etcd/ssl/node-node1.pem
    - --etcd-keyfile=/etc/ssl/etcd/ssl/node-node1-key.pem
    - --etcd-servers=https://192.168.227.161:2379
    - --feature-gates=RotateKubeletServerCertificate=true,ExpandCSIVolumes=true,CSIStorageCapacity=true
    - --kubelet-client-certificate=/etc/kubernetes/pki/apiserver-kubelet-client.crt
    - --kubelet-client-key=/etc/kubernetes/pki/apiserver-kubelet-client.key
    - --kubelet-preferred-address-types=InternalIP,ExternalIP,Hostname
    - --proxy-client-cert-file=/etc/kubernetes/pki/front-proxy-client.crt
    - --proxy-client-key-file=/etc/kubernetes/pki/front-proxy-client.key
    - --requestheader-allowed-names=front-proxy-client
    - --requestheader-client-ca-file=/etc/kubernetes/pki/front-proxy-ca.crt
    - --requestheader-extra-headers-prefix=X-Remote-Extra-
    - --requestheader-group-headers=X-Remote-Group
    - --requestheader-username-headers=X-Remote-User
    - --secure-port=6443
    - --service-account-issuer=https://kubernetes.default.svc.cluster.local
    - --service-account-key-file=/etc/kubernetes/pki/sa.pub
    - --service-account-signing-key-file=/etc/kubernetes/pki/sa.key
    - --service-cluster-ip-range=10.233.0.0/18
    - --tls-cert-file=/etc/kubernetes/pki/apiserver.crt
    - --tls-private-key-file=/etc/kubernetes/pki/apiserver.key
    image: dockerhub.kubekey.local/kubesphereio/kube-apiserver:v1.24.9
    imagePullPolicy: IfNotPresent
    livenessProbe:
      failureThreshold: 8
      httpGet:
        host: 192.168.227.161
        path: /livez
        port: 6443
        scheme: HTTPS
      initialDelaySeconds: 10
      periodSeconds: 10
      timeoutSeconds: 15
    name: kube-apiserver
    readinessProbe:
      failureThreshold: 3
      httpGet:
        host: 192.168.227.161
        path: /readyz
        port: 6443
        scheme: HTTPS
      periodSeconds: 1
      timeoutSeconds: 15
    resources:
      requests:
        cpu: 250m
    startupProbe:
      failureThreshold: 24
      httpGet:
        host: 192.168.227.161
        path: /livez
        port: 6443
        scheme: HTTPS
      initialDelaySeconds: 10
      periodSeconds: 10
      timeoutSeconds: 15
    volumeMounts:
    - mountPath: /etc/ssl/certs
      name: ca-certs
      readOnly: true
    - mountPath: /etc/pki
      name: etc-pki
      readOnly: true
    - mountPath: /etc/ssl/etcd/ssl
      name: etcd-certs-0
      readOnly: true
    - mountPath: /etc/kubernetes/pki
      name: k8s-certs
      readOnly: true
    - mountPath: /usr/share/ca-certificates
      name: usr-share-ca-certificates
      readOnly: true
  hostNetwork: true
  priorityClassName: system-node-critical
  securityContext:
    seccompProfile:
      type: RuntimeDefault
  volumes:
  - hostPath:
      path: /etc/ssl/certs
      type: DirectoryOrCreate
    name: ca-certs
  - hostPath:
      path: /etc/pki
      type: DirectoryOrCreate
    name: etc-pki
  - hostPath:
      path: /etc/ssl/etcd/ssl
      type: DirectoryOrCreate
    name: etcd-certs-0
  - hostPath:
      path: /etc/kubernetes/pki
      type: DirectoryOrCreate
    name: k8s-certs
  - hostPath:
      path: /usr/share/ca-certificates
      type: DirectoryOrCreate
    name: usr-share-ca-certificates
status: {} failed
[0m[31m[2024-08-19 11:52:53] ERROR Failed to configure apiserver node1: yaml: unmarshal errors:
  line 72: cannot unmarshal !!str `250m` into resource.Quantity
[0m[31m[2024-08-19 11:53:26] ERROR Configure apiserver failed: yaml: unmarshal errors:
  line 72: cannot unmarshal !!str `250m` into resource.Quantity
[0m[32m[2024-08-19 11:53:26] INFO [Recovery] 2024/08/19 - 11:53:26 panic recovered:
yaml: unmarshal errors:
  line 72: cannot unmarshal !!str `250m` into resource.Quantity
C:/Users/Administrator/gomod/pkg/mod/github.com/toolkits/pkg@v1.3.7/errorx/errorx.go:40 (0xd02f09)
	Dangerous: }
C:/Users/Administrator/gomod/pkg/mod/github.com/toolkits/pkg@v1.3.7/ginx/errorx.go:10 (0xd262d0)
	Dangerous: }
C:/Users/Administrator/workspace/previous/work/work/workspace/mykubespray/pkg/controller/apiserver.go:38 (0x131715d)
	ConfigureApiServer: }
C:/Users/Administrator/gomod/pkg/mod/github.com/gin-gonic/gin@v1.9.1/context.go:174 (0xce3b59)
	(*Context).Next: c.index++
C:/Users/Administrator/workspace/previous/work/work/workspace/mykubespray/pkg/aop/logrus.go:62 (0xd40605)
	Logrus.func1: //结束时间
C:/Users/Administrator/gomod/pkg/mod/github.com/gin-gonic/gin@v1.9.1/context.go:174 (0xce3b59)
	(*Context).Next: c.index++
C:/Users/Administrator/workspace/previous/work/work/workspace/mykubespray/pkg/aop/recovery.go:94 (0xd3e858)
	CustomRecoveryWithWriter.func1: }
C:/Users/Administrator/gomod/pkg/mod/github.com/gin-gonic/gin@v1.9.1/context.go:174 (0xce3b59)
	(*Context).Next: c.index++
C:/Users/Administrator/gomod/pkg/mod/github.com/gin-gonic/gin@v1.9.1/gin.go:620 (0xcf3829)
	(*Engine).handleHTTPRequest: c.writermem.WriteHeaderNow()
C:/Users/Administrator/gomod/pkg/mod/github.com/gin-gonic/gin@v1.9.1/gin.go:576 (0xcf32fb)
	(*Engine).ServeHTTP: 
C:/Program Files/Go/src/net/http/server.go:3210 (0x851a76)
	serverHandler.ServeHTTP: }
C:/Program Files/Go/src/net/http/server.go:2092 (0x820094)
	(*conn).serve: inFlightResponse = nil
C:/Program Files/Go/src/runtime/asm_amd64.s:1700 (0x32ebe0)
	goexit: CALL	runtime·goexit1(SB)	// does not return
[0m
[0m