[31m[2024-08-19 11:15:31] ERROR Failed to execute command: Process exited with status 127
[0m[31m[2024-08-19 11:15:31] ERROR Write apiVersion: v1
kind: Pod
spec:
  containers:
  - name: kube-apiserver
    command:
    - kube-apiserver
    - --advertise-address=192.168.227.161
    - --allow-privileged=true
    - --audit-log-maxage=30
    - --audit-log-maxbackup=10
    - --audit-log-maxsize=100
    - --authorization-mode=Node,RBAC
    - --bind-address=0.0.0.0
    - --client-ca-file=/etc/kubernetes/pki/ca.crt
    - --enable-admission-plugins=NodeRestriction
    - --enable-bootstrap-token-auth=true
    - --etcd-cafile=/etc/ssl/etcd/ssl/ca.pem
    - --etcd-certfile=/etc/ssl/etcd/ssl/node-node1.pem
    - --etcd-keyfile=/etc/ssl/etcd/ssl/node-node1-key.pem
    - --etcd-servers=https://192.168.227.161:2379
    - --feature-gates=RotateKubeletServerCertificate=true,ExpandCSIVolumes=true,CSIStorageCapacity=true
    - --kubelet-client-certificate=/etc/kubernetes/pki/apiserver-kubelet-client.crt
    - --kubelet-client-key=/etc/kubernetes/pki/apiserver-kubelet-client.key
    - --kubelet-preferred-address-types=InternalIP,ExternalIP,Hostname
    - --proxy-client-cert-file=/etc/kubernetes/pki/front-proxy-client.crt
    - --proxy-client-key-file=/etc/kubernetes/pki/front-proxy-client.key
    - --requestheader-allowed-names=front-proxy-client
    - --requestheader-client-ca-file=/etc/kubernetes/pki/front-proxy-ca.crt
    - --requestheader-extra-headers-prefix=X-Remote-Extra-
    - --requestheader-group-headers=X-Remote-Group
    - --requestheader-username-headers=X-Remote-User
    - --secure-port=6443
    - --service-account-issuer=https://kubernetes.default.svc.cluster.local
    - --service-account-key-file=/etc/kubernetes/pki/sa.pub
    - --service-account-signing-key-file=/etc/kubernetes/pki/sa.key
    - --service-cluster-ip-range=10.233.0.0/18
    - --tls-cert-file=/etc/kubernetes/pki/apiserver.crt
    - --tls-private-key-file=/etc/kubernetes/pki/apiserver.key
    - --oidc-issuer-url=https://keycloak.kmpp.io/auth/realms/cars
    - --oidc-client-id=kubernetes
    - --oidc-username-claim=name
    - --oidc-username-prefix=-
    - --oidc-groups-claim=groups
    - --oidc-ca-file=/etc/kubernetes/pki/keycloak.crt
 failed: Process exited with status 127
[0m[31m[2024-08-19 11:15:31] ERROR Write /etc/kubernetes/manifests/kube-apiserver.yaml failed
[0m[31m[2024-08-19 11:15:31] ERROR Failed to configure apiserver node1: Process exited with status 127
[0m[31m[2024-08-19 11:15:31] ERROR Configure apiserver failed: Process exited with status 127
[0m[32m[2024-08-19 11:15:31] INFO [Recovery] 2024/08/19 - 11:15:31 panic recovered:
Process exited with status 127
C:/Users/Administrator/gomod/pkg/mod/github.com/toolkits/pkg@v1.3.7/errorx/errorx.go:40 (0xaf86d8)
	Dangerous: }
C:/Users/Administrator/gomod/pkg/mod/github.com/toolkits/pkg@v1.3.7/ginx/errorx.go:10 (0xb1c39b)
	Dangerous: }
C:/Users/Administrator/workspace/previous/work/work/workspace/mykubespray/pkg/controller/apiserver.go:38 (0xb4aa25)
	ConfigureApiServer: }
C:/Users/Administrator/gomod/pkg/mod/github.com/gin-gonic/gin@v1.9.1/context.go:174 (0xad895c)
	(*Context).Next: c.index++
C:/Users/Administrator/workspace/previous/work/work/workspace/mykubespray/pkg/aop/logrus.go:62 (0xb3667a)
	Logrus.func1: //结束时间
C:/Users/Administrator/gomod/pkg/mod/github.com/gin-gonic/gin@v1.9.1/context.go:174 (0xad895c)
	(*Context).Next: c.index++
C:/Users/Administrator/workspace/previous/work/work/workspace/mykubespray/pkg/aop/recovery.go:94 (0xb348ae)
	CustomRecoveryWithWriter.func1: }
C:/Users/Administrator/gomod/pkg/mod/github.com/gin-gonic/gin@v1.9.1/context.go:174 (0xad895c)
	(*Context).Next: c.index++
C:/Users/Administrator/gomod/pkg/mod/github.com/gin-gonic/gin@v1.9.1/gin.go:620 (0xae8a13)
	(*Engine).handleHTTPRequest: c.writermem.WriteHeaderNow()
C:/Users/Administrator/gomod/pkg/mod/github.com/gin-gonic/gin@v1.9.1/gin.go:576 (0xae84e4)
	(*Engine).ServeHTTP: 
C:/Program Files/Go/src/net/http/server.go:2936 (0x62e0f3)
	serverHandler.ServeHTTP: }
C:/Program Files/Go/src/net/http/server.go:1995 (0x627ab4)
	(*conn).serve: inFlightResponse = nil
C:/Program Files/Go/src/runtime/asm_amd64.s:1598 (0x1ef5a0)
	goexit: CALL	runtime·goexit1(SB)	// does not return
[0m
[0m