[32m[2024-08-06 17:28:25] INFO 

[0m[32m[2024-08-06 17:28:25] INFO 

[0m[31m[2024-08-06 17:28:25] ERROR 17:28:21 CST [GreetingsModule] Greetings

[0m[32m[2024-08-06 17:28:25] INFO  _   __      _          _   __           

[0m[32m[2024-08-06 17:28:25] INFO | | / /     | |        | | / /           

[0m[32m[2024-08-06 17:28:25] INFO | |/ / _   _| |__   ___| |/ /  ___ _   _ 

[0m[32m[2024-08-06 17:28:25] INFO |    \| | | | '_ \ / _ \    \ / _ \ | | |

[0m[32m[2024-08-06 17:28:25] INFO | |\  \ |_| | |_) |  __/ |\  \  __/ |_| |

[0m[32m[2024-08-06 17:28:25] INFO \_| \_/\__,_|_.__/ \___\_| \_/\___|\__, |

[0m[32m[2024-08-06 17:28:25] INFO                                     __/ |

[0m[32m[2024-08-06 17:28:25] INFO                                    |___/

[0m[32m[2024-08-06 17:28:25] INFO 

[0m[31m[2024-08-06 17:28:25] ERROR 17:28:22 CST message: [node1]

[0m[31m[2024-08-06 17:28:25] ERROR Greetings, KubeKey!

[0m[31m[2024-08-06 17:28:25] ERROR 17:28:22 CST message: [registry]

[0m[31m[2024-08-06 17:28:25] ERROR Greetings, KubeKey!

[0m[31m[2024-08-06 17:28:25] ERROR 17:28:22 CST success: [node1]

[0m[31m[2024-08-06 17:28:25] ERROR 17:28:22 CST success: [registry]

[0m[31m[2024-08-06 17:28:25] ERROR 17:28:22 CST [NodePreCheckModule] A pre-check on nodes

[0m[31m[2024-08-06 17:28:29] ERROR 17:28:25 CST success: [registry]

[0m[31m[2024-08-06 17:28:29] ERROR 17:28:25 CST success: [node1]

[0m[32m[2024-08-06 17:28:29] INFO +----------+------+------+---------+----------+-------+-------+---------+-----------+--------+---------+------------+------------+-------------+------------------+--------------+

[0m[31m[2024-08-06 17:28:29] ERROR 17:28:25 CST [ConfirmModule] Display confirmation form

[0m[32m[2024-08-06 17:28:29] INFO | name     | sudo | curl | openssl | ebtables | socat | ipset | ipvsadm | conntrack | chrony | docker  | containerd | nfs client | ceph client | glusterfs client | time         |

[0m[32m[2024-08-06 17:28:29] INFO +----------+------+------+---------+----------+-------+-------+---------+-----------+--------+---------+------------+------------+-------------+------------------+--------------+

[0m[32m[2024-08-06 17:28:29] INFO | registry | y    | y    | y       | y        | y     | y     | y       | y         | y      | 20.10.8 | v1.4.9     | y          |             |                  | CST 17:28:25 |

[0m[32m[2024-08-06 17:28:29] INFO | node1    | y    | y    | y       | y        | y     | y     | y       | y         | y      |         | v1.6.4     | y          |             |                  | CST 17:28:25 |

[0m[32m[2024-08-06 17:28:29] INFO +----------+------+------+---------+----------+-------+-------+---------+-----------+--------+---------+------------+------------+-------------+------------------+--------------+

[0m[32m[2024-08-06 17:28:29] INFO 

[0m[32m[2024-08-06 17:28:29] INFO This is a simple check of your environment.

[0m[32m[2024-08-06 17:28:29] INFO Before installation, ensure that your machines meet all requirements specified at

[0m[32m[2024-08-06 17:28:29] INFO https://github.com/kubesphere/kubekey#requirements-and-recommendations

[0m[32m[2024-08-06 17:28:29] INFO 

[0m[31m[2024-08-06 17:28:29] ERROR 17:28:25 CST success: [LocalHost]

[0m[31m[2024-08-06 17:28:29] ERROR 17:28:25 CST [UnArchiveArtifactModule] Check the KubeKey artifact md5 value

[0m[31m[2024-08-06 17:28:56] ERROR 17:28:52 CST success: [LocalHost]

[0m[31m[2024-08-06 17:28:56] ERROR 17:28:52 CST [UnArchiveArtifactModule] UnArchive the KubeKey artifact

[0m[31m[2024-08-06 17:28:56] ERROR 17:28:52 CST skipped: [LocalHost]

[0m[31m[2024-08-06 17:28:56] ERROR 17:28:52 CST [UnArchiveArtifactModule] Create the KubeKey artifact Md5 file

[0m[31m[2024-08-06 17:28:56] ERROR 17:28:52 CST skipped: [LocalHost]

[0m[31m[2024-08-06 17:28:56] ERROR 17:28:52 CST [RepositoryModule] Get OS release

[0m[31m[2024-08-06 17:28:56] ERROR 17:28:52 CST success: [node1]

[0m[31m[2024-08-06 17:28:56] ERROR 17:28:52 CST success: [registry]

[0m[31m[2024-08-06 17:28:56] ERROR 17:28:52 CST [RepositoryModule] Sync repository iso file to all nodes

[0m[32m[2024-08-06 17:34:09] INFO Pipeline Done

[0m[32m[2024-08-06 17:34:09] INFO 
[0m