[32m[2024-09-05 16:28:40] INFO [Recovery] 2024/09/05 - 16:28:40 panic recovered:
runtime error: invalid memory address or nil pointer dereference
C:/Users/Administrator/gomod/pkg/mod/github.com/gin-gonic/gin@v1.9.1/gin.go:620 (0x126ee29)
	(*Engine).handleHTTPRequest: c.writermem.WriteHeaderNow()
C:/Users/Administrator/gomod/pkg/mod/github.com/gin-gonic/gin@v1.9.1/gin.go:576 (0x126e8fb)
	(*Engine).ServeHTTP: 
C:/Program Files/Go/src/net/http/server.go:3210 (0xda8d76)
	serverHandler.ServeHTTP: }
C:/Program Files/Go/src/net/http/server.go:2092 (0xd77054)
	(*conn).serve: inFlightResponse = nil
C:/Program Files/Go/src/runtime/asm_amd64.s:1700 (0x830da0)
	goexit: CALL	runtime·goexit1(SB)	// does not return
[0m
[0m[32m[2024-09-05 16:29:35] INFO [Recovery] 2024/09/05 - 16:29:35 panic recovered:
runtime error: invalid memory address or nil pointer dereference
C:/Users/Administrator/gomod/pkg/mod/github.com/gin-gonic/gin@v1.9.1/gin.go:620 (0x126ee29)
	(*Engine).handleHTTPRequest: c.writermem.WriteHeaderNow()
C:/Users/Administrator/gomod/pkg/mod/github.com/gin-gonic/gin@v1.9.1/gin.go:576 (0x126e8fb)
	(*Engine).ServeHTTP: 
C:/Program Files/Go/src/net/http/server.go:3210 (0xda8d76)
	serverHandler.ServeHTTP: }
C:/Program Files/Go/src/net/http/server.go:2092 (0xd77054)
	(*conn).serve: inFlightResponse = nil
C:/Program Files/Go/src/runtime/asm_amd64.s:1700 (0x830da0)
	goexit: CALL	runtime·goexit1(SB)	// does not return
[0m
[0m[32m[2024-09-05 16:30:02] INFO [Recovery] 2024/09/05 - 16:30:02 panic recovered:
runtime error: invalid memory address or nil pointer dereference
C:/Users/Administrator/gomod/pkg/mod/github.com/gin-gonic/gin@v1.9.1/gin.go:620 (0x126ee29)
	(*Engine).handleHTTPRequest: c.writermem.WriteHeaderNow()
C:/Users/Administrator/gomod/pkg/mod/github.com/gin-gonic/gin@v1.9.1/gin.go:576 (0x126e8fb)
	(*Engine).ServeHTTP: 
C:/Program Files/Go/src/net/http/server.go:3210 (0xda8d76)
	serverHandler.ServeHTTP: }
C:/Program Files/Go/src/net/http/server.go:2092 (0xd77054)
	(*conn).serve: inFlightResponse = nil
C:/Program Files/Go/src/runtime/asm_amd64.s:1700 (0x830da0)
	goexit: CALL	runtime·goexit1(SB)	// does not return
[0m
[0m